#-----------------------------------------------------------
# Webtalk v2018.3 (64-bit)
# SW Build 2405991 on Thu Dec  6 23:38:27 MST 2018
# 
# Start of session at: Sun Oct 20 21:28:25 2019
# Process ID: 11532
# Current directory: C:/Users/xb2m8/Desktop/2019_FPGA_Design_Group3/Lab03/Sorting/Sorting.sdk/webtalk
# Command line: wbtcv.exe -mode batch -source sdk_webtalk.tcl
# Log file: C:/Users/xb2m8/Desktop/2019_FPGA_Design_Group3/Lab03/Sorting/Sorting.sdk/webtalk/webtalk.log
# Journal file: C:/Users/xb2m8/Desktop/2019_FPGA_Design_Group3/Lab03/Sorting/Sorting.sdk/webtalk\webtalk.jou
#-----------------------------------------------------------
source sdk_webtalk.tcl
# webtalk_init -webtalk_dir C:\\Users\\xb2m8\\Desktop\\2019_FPGA_Design_Group3\\Lab03\\Sorting\\Sorting.sdk\\webtalk
# webtalk_register_client -client project
# webtalk_add_data -client project -key date_generated -value "2019-10-20 21:28:22" -context "software_version_and_target_device"
# webtalk_add_data -client project -key product_version -value "SDK v2018.3" -context "software_version_and_target_device"
# webtalk_add_data -client project -key build_version -value "2018.3" -context "software_version_and_target_device"
# webtalk_add_data -client project -key os_platform -value "amd64" -context "software_version_and_target_device"
# webtalk_add_data -client project -key registration_id -value "" -context "software_version_and_target_device"
# webtalk_add_data -client project -key tool_flow -value "SDK" -context "software_version_and_target_device"
# webtalk_add_data -client project -key beta -value "false" -context "software_version_and_target_device"
# webtalk_add_data -client project -key route_design -value "NA" -context "software_version_and_target_device"
# webtalk_add_data -client project -key target_family -value "NA" -context "software_version_and_target_device"
# webtalk_add_data -client project -key target_device -value "NA" -context "software_version_and_target_device"
# webtalk_add_data -client project -key target_package -value "NA" -context "software_version_and_target_device"
# webtalk_add_data -client project -key target_speed -value "NA" -context "software_version_and_target_device"
# webtalk_add_data -client project -key random_id -value "7ru9lhipcj1k4r07i2b083pegr" -context "software_version_and_target_device"
# webtalk_add_data -client project -key project_id -value "2018.3_4" -context "software_version_and_target_device"
# webtalk_add_data -client project -key project_iteration -value "4" -context "software_version_and_target_device"
# webtalk_add_data -client project -key os_name -value "Microsoft Windows 8 or later , 64-bit" -context "user_environment"
# webtalk_add_data -client project -key os_release -value "major release  (build 9200)" -context "user_environment"
# webtalk_add_data -client project -key cpu_name -value "Intel(R) Core(TM) i7-6700HQ CPU @ 2.60GHz" -context "user_environment"
# webtalk_add_data -client project -key cpu_speed -value "2592 MHz" -context "user_environment"
# webtalk_add_data -client project -key total_processors -value "1" -context "user_environment"
# webtalk_add_data -client project -key system_ram -value "8.442 GB" -context "user_environment"
# webtalk_register_client -client sdk
# webtalk_add_data -client sdk -key uid -value "1571573096526" -context "sdk\\\\hardware/1571573096526"
# webtalk_add_data -client sdk -key isZynq -value "true" -context "sdk\\\\hardware/1571573096526"
# webtalk_add_data -client sdk -key isZynqMP -value "false" -context "sdk\\\\hardware/1571573096526"
# webtalk_add_data -client sdk -key Processors -value "2" -context "sdk\\\\hardware/1571573096526"
# webtalk_add_data -client sdk -key VivadoVersion -value "2018.3" -context "sdk\\\\hardware/1571573096526"
# webtalk_add_data -client sdk -key Arch -value "zynq" -context "sdk\\\\hardware/1571573096526"
# webtalk_add_data -client sdk -key Device -value "7z020" -context "sdk\\\\hardware/1571573096526"
# webtalk_add_data -client sdk -key IsHandoff -value "true" -context "sdk\\\\hardware/1571573096526"
# webtalk_add_data -client sdk -key os -value "NA" -context "sdk\\\\hardware/1571573096526"
# webtalk_add_data -client sdk -key apptemplate -value "NA" -context "sdk\\\\hardware/1571573096526"
# webtalk_add_data -client sdk -key RecordType -value "HWCreation" -context "sdk\\\\hardware/1571573096526"
# webtalk_add_data -client sdk -key uid -value "1571573259025" -context "sdk\\\\bsp/1571573259025"
# webtalk_add_data -client sdk -key hwid -value "1571573096526" -context "sdk\\\\bsp/1571573259025"
# webtalk_add_data -client sdk -key os -value "standalone" -context "sdk\\\\bsp/1571573259025"
# webtalk_add_data -client sdk -key apptemplate -value "empty_application" -context "sdk\\\\bsp/1571573259025"
# webtalk_add_data -client sdk -key RecordType -value "BSPCreation" -context "sdk\\\\bsp/1571573259025"
# webtalk_add_data -client sdk -key uid -value "1571573274915" -context "sdk\\\\application/1571573274915"
# webtalk_add_data -client sdk -key hwid -value "1571573096526" -context "sdk\\\\application/1571573274915"
# webtalk_add_data -client sdk -key bspid -value "1571573259025" -context "sdk\\\\application/1571573274915"
# webtalk_add_data -client sdk -key newbsp -value "true" -context "sdk\\\\application/1571573274915"
# webtalk_add_data -client sdk -key os -value "standalone" -context "sdk\\\\application/1571573274915"
# webtalk_add_data -client sdk -key apptemplate -value "empty_application" -context "sdk\\\\application/1571573274915"
# webtalk_add_data -client sdk -key RecordType -value "APPCreation" -context "sdk\\\\application/1571573274915"
# webtalk_add_data -client sdk -key LangUsed -value "C" -context "sdk\\\\application/1571573274915"
# webtalk_add_data -client sdk -key Procused -value "ps7_cortexa9" -context "sdk\\\\application/1571573274915"
# webtalk_add_data -client sdk -key projSize -value "302.4453125" -context "sdk\\\\application/1571573274915"
# webtalk_add_data -client sdk -key uid -value "NA" -context "sdk\\\\bsp/1571578102895"
# webtalk_add_data -client sdk -key RecordType -value "ToolUsage" -context "sdk\\\\bsp/1571578102895"
# webtalk_add_data -client sdk -key BootgenCount -value "0" -context "sdk\\\\bsp/1571578102895"
# webtalk_add_data -client sdk -key DebugCount -value "0" -context "sdk\\\\bsp/1571578102895"
# webtalk_add_data -client sdk -key PerfCount -value "0" -context "sdk\\\\bsp/1571578102895"
# webtalk_add_data -client sdk -key FlashCount -value "0" -context "sdk\\\\bsp/1571578102895"
# webtalk_add_data -client sdk -key CrossTriggCount -value "0" -context "sdk\\\\bsp/1571578102895"
# webtalk_add_data -client sdk -key QemuDebugCount -value "0" -context "sdk\\\\bsp/1571578102895"
# webtalk_transmit -clientid 30759302 -regid "" -xml C:\\Users\\xb2m8\\Desktop\\2019_FPGA_Design_Group3\\Lab03\\Sorting\\Sorting.sdk\\webtalk\\usage_statistics_ext_sdk.xml -html C:\\Users\\xb2m8\\Desktop\\2019_FPGA_Design_Group3\\Lab03\\Sorting\\Sorting.sdk\\webtalk\\usage_statistics_ext_sdk.html -wdm C:\\Users\\xb2m8\\Desktop\\2019_FPGA_Design_Group3\\Lab03\\Sorting\\Sorting.sdk\\webtalk\\sdk_webtalk.wdm -intro "<H3>SDK Usage Report</H3><BR>"
INFO: [Common 17-186] 'C:\Users\xb2m8\Desktop\2019_FPGA_Design_Group3\Lab03\Sorting\Sorting.sdk\webtalk\usage_statistics_ext_sdk.xml' has been successfully sent to Xilinx on Sun Oct 20 21:28:33 2019. For additional details about this file, please refer to the WebTalk help file at C:/Xilinx/SDK/2018.3/doc/webtalk_introduction.html.
# webtalk_terminate
INFO: [Common 17-206] Exiting Webtalk at Sun Oct 20 21:28:33 2019...
