21:43:00 INFO  : Registering command handlers for SDK TCF services
21:43:02 INFO  : Launching XSCT server: xsct.bat -interactive C:\Users\xb2m8\Desktop\2019_FPGA_Design_Group3\Lab03\RGB\RGB.sdk\temp_xsdb_launch_script.tcl
21:43:12 INFO  : XSCT server has started successfully.
21:43:12 INFO  : Successfully done setting XSCT server connection channel  
21:43:12 INFO  : Successfully done setting SDK workspace  
21:43:12 INFO  : Processing command line option -hwspec C:/Users/xb2m8/Desktop/2019_FPGA_Design_Group3/Lab03/RGB/RGB.sdk/design_1_wrapper.hdf.
21:55:27 INFO  : Connected to target on host '127.0.0.1' and port '3121'.
21:55:28 INFO  : Jtag cable 'Xilinx TUL 1234-tulA' is selected.
21:55:28 INFO  : 'jtag frequency' command is executed.
21:55:28 INFO  : Sourcing of 'C:/Users/xb2m8/Desktop/2019_FPGA_Design_Group3/Lab03/RGB/RGB.sdk/design_1_wrapper_hw_platform_0/ps7_init.tcl' is done.
21:55:29 INFO  : Context for 'APU' is selected.
21:55:29 INFO  : System reset is completed.
21:55:32 INFO  : 'after 3000' command is executed.
21:55:32 INFO  : 'targets -set -filter {jtag_cable_name =~ "Xilinx TUL 1234-tulA" && level==0} -index 1' command is executed.
21:55:35 INFO  : FPGA configured successfully with bitstream "C:/Users/xb2m8/Desktop/2019_FPGA_Design_Group3/Lab03/RGB/RGB.sdk/design_1_wrapper_hw_platform_0/design_1_wrapper.bit"
21:55:36 INFO  : Context for 'APU' is selected.
21:55:36 INFO  : Hardware design information is loaded from 'C:/Users/xb2m8/Desktop/2019_FPGA_Design_Group3/Lab03/RGB/RGB.sdk/design_1_wrapper_hw_platform_0/system.hdf'.
21:55:36 INFO  : 'configparams force-mem-access 1' command is executed.
21:55:36 INFO  : Context for 'APU' is selected.
21:55:36 INFO  : 'ps7_init' command is executed.
21:55:36 INFO  : 'ps7_post_config' command is executed.
21:55:37 INFO  : Context for processor 'ps7_cortexa9_0' is selected.
21:55:37 INFO  : The application 'C:/Users/xb2m8/Desktop/2019_FPGA_Design_Group3/Lab03/RGB/RGB.sdk/RGB/Debug/RGB.elf' is downloaded to processor 'ps7_cortexa9_0'.
21:55:37 INFO  : 'configparams force-mem-access 0' command is executed.
21:55:37 INFO  : ----------------XSDB Script----------------
connect -url tcp:127.0.0.1:3121
source C:/Users/xb2m8/Desktop/2019_FPGA_Design_Group3/Lab03/RGB/RGB.sdk/design_1_wrapper_hw_platform_0/ps7_init.tcl
targets -set -nocase -filter {name =~"APU*" && jtag_cable_name =~ "Xilinx TUL 1234-tulA"} -index 0
rst -system
after 3000
targets -set -filter {jtag_cable_name =~ "Xilinx TUL 1234-tulA" && level==0} -index 1
fpga -file C:/Users/xb2m8/Desktop/2019_FPGA_Design_Group3/Lab03/RGB/RGB.sdk/design_1_wrapper_hw_platform_0/design_1_wrapper.bit
targets -set -nocase -filter {name =~"APU*" && jtag_cable_name =~ "Xilinx TUL 1234-tulA"} -index 0
loadhw -hw C:/Users/xb2m8/Desktop/2019_FPGA_Design_Group3/Lab03/RGB/RGB.sdk/design_1_wrapper_hw_platform_0/system.hdf -mem-ranges [list {0x40000000 0xbfffffff}]
configparams force-mem-access 1
targets -set -nocase -filter {name =~"APU*" && jtag_cable_name =~ "Xilinx TUL 1234-tulA"} -index 0
ps7_init
ps7_post_config
targets -set -nocase -filter {name =~ "ARM*#0" && jtag_cable_name =~ "Xilinx TUL 1234-tulA"} -index 0
dow C:/Users/xb2m8/Desktop/2019_FPGA_Design_Group3/Lab03/RGB/RGB.sdk/RGB/Debug/RGB.elf
configparams force-mem-access 0
----------------End of Script----------------

21:55:37 INFO  : Context for processor 'ps7_cortexa9_0' is selected.
21:55:37 INFO  : 'con' command is executed.
21:55:37 INFO  : ----------------XSDB Script (After Launch)----------------
targets -set -nocase -filter {name =~ "ARM*#0" && jtag_cable_name =~ "Xilinx TUL 1234-tulA"} -index 0
con
----------------End of Script----------------

21:55:37 INFO  : Disconnected from the channel tcfchan#1.
