16:25:01 INFO  : Registering command handlers for SDK TCF services
16:25:03 INFO  : Launching XSCT server: xsct.bat -interactive C:\Users\xb2m8\Desktop\2019_FPGA_Design_Group3\Lab03\Hash_func\Hash_func.sdk\temp_xsdb_launch_script.tcl
16:25:09 INFO  : XSCT server has started successfully.
16:25:10 INFO  : Successfully done setting XSCT server connection channel  
16:25:12 INFO  : Successfully done setting SDK workspace  
16:25:13 INFO  : Processing command line option -hwspec C:/Users/xb2m8/Desktop/2019_FPGA_Design_Group3/Lab03/Hash_func/Hash_func.sdk/design_1_wrapper.hdf.
17:27:58 INFO  : Connected to target on host '127.0.0.1' and port '3121'.
17:27:59 INFO  : Jtag cable 'Xilinx TUL 1234-tulA' is selected.
17:27:59 INFO  : 'jtag frequency' command is executed.
17:27:59 INFO  : Sourcing of 'C:/Users/xb2m8/Desktop/2019_FPGA_Design_Group3/Lab03/Hash_func/Hash_func.sdk/design_1_wrapper_hw_platform_0/ps7_init.tcl' is done.
17:27:59 INFO  : Context for 'APU' is selected.
17:27:59 INFO  : System reset is completed.
17:28:02 INFO  : 'after 3000' command is executed.
17:28:02 INFO  : 'targets -set -filter {jtag_cable_name =~ "Xilinx TUL 1234-tulA" && level==0} -index 1' command is executed.
17:28:05 INFO  : FPGA configured successfully with bitstream "C:/Users/xb2m8/Desktop/2019_FPGA_Design_Group3/Lab03/Hash_func/Hash_func.sdk/design_1_wrapper_hw_platform_0/design_1_wrapper.bit"
17:28:05 INFO  : Context for 'APU' is selected.
17:28:05 INFO  : Hardware design information is loaded from 'C:/Users/xb2m8/Desktop/2019_FPGA_Design_Group3/Lab03/Hash_func/Hash_func.sdk/design_1_wrapper_hw_platform_0/system.hdf'.
17:28:05 INFO  : 'configparams force-mem-access 1' command is executed.
17:28:05 INFO  : Context for 'APU' is selected.
17:28:05 INFO  : 'ps7_init' command is executed.
17:28:05 INFO  : 'ps7_post_config' command is executed.
17:28:05 INFO  : Context for processor 'ps7_cortexa9_0' is selected.
17:28:06 INFO  : The application 'C:/Users/xb2m8/Desktop/2019_FPGA_Design_Group3/Lab03/Hash_func/Hash_func.sdk/hash_func/Debug/hash_func.elf' is downloaded to processor 'ps7_cortexa9_0'.
17:28:06 INFO  : 'configparams force-mem-access 0' command is executed.
17:28:06 INFO  : ----------------XSDB Script----------------
connect -url tcp:127.0.0.1:3121
source C:/Users/xb2m8/Desktop/2019_FPGA_Design_Group3/Lab03/Hash_func/Hash_func.sdk/design_1_wrapper_hw_platform_0/ps7_init.tcl
targets -set -nocase -filter {name =~"APU*" && jtag_cable_name =~ "Xilinx TUL 1234-tulA"} -index 0
rst -system
after 3000
targets -set -filter {jtag_cable_name =~ "Xilinx TUL 1234-tulA" && level==0} -index 1
fpga -file C:/Users/xb2m8/Desktop/2019_FPGA_Design_Group3/Lab03/Hash_func/Hash_func.sdk/design_1_wrapper_hw_platform_0/design_1_wrapper.bit
targets -set -nocase -filter {name =~"APU*" && jtag_cable_name =~ "Xilinx TUL 1234-tulA"} -index 0
loadhw -hw C:/Users/xb2m8/Desktop/2019_FPGA_Design_Group3/Lab03/Hash_func/Hash_func.sdk/design_1_wrapper_hw_platform_0/system.hdf -mem-ranges [list {0x40000000 0xbfffffff}]
configparams force-mem-access 1
targets -set -nocase -filter {name =~"APU*" && jtag_cable_name =~ "Xilinx TUL 1234-tulA"} -index 0
ps7_init
ps7_post_config
targets -set -nocase -filter {name =~ "ARM*#0" && jtag_cable_name =~ "Xilinx TUL 1234-tulA"} -index 0
dow C:/Users/xb2m8/Desktop/2019_FPGA_Design_Group3/Lab03/Hash_func/Hash_func.sdk/hash_func/Debug/hash_func.elf
configparams force-mem-access 0
----------------End of Script----------------

17:28:06 INFO  : Context for processor 'ps7_cortexa9_0' is selected.
17:28:06 INFO  : 'con' command is executed.
17:28:06 INFO  : ----------------XSDB Script (After Launch)----------------
targets -set -nocase -filter {name =~ "ARM*#0" && jtag_cable_name =~ "Xilinx TUL 1234-tulA"} -index 0
con
----------------End of Script----------------

17:28:06 INFO  : Disconnected from the channel tcfchan#1.
17:29:41 INFO  : Connected to target on host '127.0.0.1' and port '3121'.
17:29:42 INFO  : Jtag cable 'Xilinx TUL 1234-tulA' is selected.
17:29:42 INFO  : 'jtag frequency' command is executed.
17:29:42 INFO  : Sourcing of 'C:/Users/xb2m8/Desktop/2019_FPGA_Design_Group3/Lab03/Hash_func/Hash_func.sdk/design_1_wrapper_hw_platform_0/ps7_init.tcl' is done.
17:29:42 INFO  : Context for 'APU' is selected.
17:29:42 INFO  : System reset is completed.
17:29:45 INFO  : 'after 3000' command is executed.
17:29:45 INFO  : 'targets -set -filter {jtag_cable_name =~ "Xilinx TUL 1234-tulA" && level==0} -index 1' command is executed.
17:29:47 INFO  : FPGA configured successfully with bitstream "C:/Users/xb2m8/Desktop/2019_FPGA_Design_Group3/Lab03/Hash_func/Hash_func.sdk/design_1_wrapper_hw_platform_0/design_1_wrapper.bit"
17:29:47 INFO  : Context for 'APU' is selected.
17:29:49 INFO  : Hardware design information is loaded from 'C:/Users/xb2m8/Desktop/2019_FPGA_Design_Group3/Lab03/Hash_func/Hash_func.sdk/design_1_wrapper_hw_platform_0/system.hdf'.
17:29:49 INFO  : 'configparams force-mem-access 1' command is executed.
17:29:50 INFO  : Context for 'APU' is selected.
17:29:50 INFO  : 'ps7_init' command is executed.
17:29:50 INFO  : 'ps7_post_config' command is executed.
17:29:50 INFO  : Context for processor 'ps7_cortexa9_0' is selected.
17:29:50 INFO  : The application 'C:/Users/xb2m8/Desktop/2019_FPGA_Design_Group3/Lab03/Hash_func/Hash_func.sdk/hash_func/Debug/hash_func.elf' is downloaded to processor 'ps7_cortexa9_0'.
17:29:50 INFO  : 'configparams force-mem-access 0' command is executed.
17:29:50 INFO  : ----------------XSDB Script----------------
connect -url tcp:127.0.0.1:3121
source C:/Users/xb2m8/Desktop/2019_FPGA_Design_Group3/Lab03/Hash_func/Hash_func.sdk/design_1_wrapper_hw_platform_0/ps7_init.tcl
targets -set -nocase -filter {name =~"APU*" && jtag_cable_name =~ "Xilinx TUL 1234-tulA"} -index 0
rst -system
after 3000
targets -set -filter {jtag_cable_name =~ "Xilinx TUL 1234-tulA" && level==0} -index 1
fpga -file C:/Users/xb2m8/Desktop/2019_FPGA_Design_Group3/Lab03/Hash_func/Hash_func.sdk/design_1_wrapper_hw_platform_0/design_1_wrapper.bit
targets -set -nocase -filter {name =~"APU*" && jtag_cable_name =~ "Xilinx TUL 1234-tulA"} -index 0
loadhw -hw C:/Users/xb2m8/Desktop/2019_FPGA_Design_Group3/Lab03/Hash_func/Hash_func.sdk/design_1_wrapper_hw_platform_0/system.hdf -mem-ranges [list {0x40000000 0xbfffffff}]
configparams force-mem-access 1
targets -set -nocase -filter {name =~"APU*" && jtag_cable_name =~ "Xilinx TUL 1234-tulA"} -index 0
ps7_init
ps7_post_config
targets -set -nocase -filter {name =~ "ARM*#0" && jtag_cable_name =~ "Xilinx TUL 1234-tulA"} -index 0
dow C:/Users/xb2m8/Desktop/2019_FPGA_Design_Group3/Lab03/Hash_func/Hash_func.sdk/hash_func/Debug/hash_func.elf
configparams force-mem-access 0
----------------End of Script----------------

17:29:50 INFO  : Context for processor 'ps7_cortexa9_0' is selected.
17:29:50 INFO  : 'con' command is executed.
17:29:50 INFO  : ----------------XSDB Script (After Launch)----------------
targets -set -nocase -filter {name =~ "ARM*#0" && jtag_cable_name =~ "Xilinx TUL 1234-tulA"} -index 0
con
----------------End of Script----------------

17:29:50 INFO  : Disconnected from the channel tcfchan#2.
17:36:10 INFO  : Connected to target on host '127.0.0.1' and port '3121'.
17:36:11 INFO  : Jtag cable 'Xilinx TUL 1234-tulA' is selected.
17:36:11 INFO  : 'jtag frequency' command is executed.
17:36:11 INFO  : Sourcing of 'C:/Users/xb2m8/Desktop/2019_FPGA_Design_Group3/Lab03/Hash_func/Hash_func.sdk/design_1_wrapper_hw_platform_0/ps7_init.tcl' is done.
17:36:12 INFO  : Context for 'APU' is selected.
17:36:12 INFO  : System reset is completed.
17:36:15 INFO  : 'after 3000' command is executed.
17:36:16 INFO  : 'targets -set -filter {jtag_cable_name =~ "Xilinx TUL 1234-tulA" && level==0} -index 1' command is executed.
17:36:18 INFO  : FPGA configured successfully with bitstream "C:/Users/xb2m8/Desktop/2019_FPGA_Design_Group3/Lab03/Hash_func/Hash_func.sdk/design_1_wrapper_hw_platform_0/design_1_wrapper.bit"
17:36:18 INFO  : Context for 'APU' is selected.
17:36:21 INFO  : Hardware design information is loaded from 'C:/Users/xb2m8/Desktop/2019_FPGA_Design_Group3/Lab03/Hash_func/Hash_func.sdk/design_1_wrapper_hw_platform_0/system.hdf'.
17:36:21 INFO  : 'configparams force-mem-access 1' command is executed.
17:36:21 INFO  : Context for 'APU' is selected.
17:36:21 INFO  : 'ps7_init' command is executed.
17:36:21 INFO  : 'ps7_post_config' command is executed.
17:36:21 INFO  : Context for processor 'ps7_cortexa9_0' is selected.
17:36:21 INFO  : The application 'C:/Users/xb2m8/Desktop/2019_FPGA_Design_Group3/Lab03/Hash_func/Hash_func.sdk/hash_func/Debug/hash_func.elf' is downloaded to processor 'ps7_cortexa9_0'.
17:36:21 INFO  : 'configparams force-mem-access 0' command is executed.
17:36:21 INFO  : ----------------XSDB Script----------------
connect -url tcp:127.0.0.1:3121
source C:/Users/xb2m8/Desktop/2019_FPGA_Design_Group3/Lab03/Hash_func/Hash_func.sdk/design_1_wrapper_hw_platform_0/ps7_init.tcl
targets -set -nocase -filter {name =~"APU*" && jtag_cable_name =~ "Xilinx TUL 1234-tulA"} -index 0
rst -system
after 3000
targets -set -filter {jtag_cable_name =~ "Xilinx TUL 1234-tulA" && level==0} -index 1
fpga -file C:/Users/xb2m8/Desktop/2019_FPGA_Design_Group3/Lab03/Hash_func/Hash_func.sdk/design_1_wrapper_hw_platform_0/design_1_wrapper.bit
targets -set -nocase -filter {name =~"APU*" && jtag_cable_name =~ "Xilinx TUL 1234-tulA"} -index 0
loadhw -hw C:/Users/xb2m8/Desktop/2019_FPGA_Design_Group3/Lab03/Hash_func/Hash_func.sdk/design_1_wrapper_hw_platform_0/system.hdf -mem-ranges [list {0x40000000 0xbfffffff}]
configparams force-mem-access 1
targets -set -nocase -filter {name =~"APU*" && jtag_cable_name =~ "Xilinx TUL 1234-tulA"} -index 0
ps7_init
ps7_post_config
targets -set -nocase -filter {name =~ "ARM*#0" && jtag_cable_name =~ "Xilinx TUL 1234-tulA"} -index 0
dow C:/Users/xb2m8/Desktop/2019_FPGA_Design_Group3/Lab03/Hash_func/Hash_func.sdk/hash_func/Debug/hash_func.elf
configparams force-mem-access 0
----------------End of Script----------------

17:36:22 INFO  : Context for processor 'ps7_cortexa9_0' is selected.
17:36:22 INFO  : 'con' command is executed.
17:36:22 INFO  : ----------------XSDB Script (After Launch)----------------
targets -set -nocase -filter {name =~ "ARM*#0" && jtag_cable_name =~ "Xilinx TUL 1234-tulA"} -index 0
con
----------------End of Script----------------

17:36:22 INFO  : Disconnected from the channel tcfchan#3.
17:36:38 INFO  : Connected to target on host '127.0.0.1' and port '3121'.
17:36:39 INFO  : Jtag cable 'Xilinx TUL 1234-tulA' is selected.
17:36:39 INFO  : 'jtag frequency' command is executed.
17:36:39 INFO  : Sourcing of 'C:/Users/xb2m8/Desktop/2019_FPGA_Design_Group3/Lab03/Hash_func/Hash_func.sdk/design_1_wrapper_hw_platform_0/ps7_init.tcl' is done.
17:36:39 INFO  : Context for 'APU' is selected.
17:36:39 INFO  : System reset is completed.
17:36:42 INFO  : 'after 3000' command is executed.
17:36:42 INFO  : 'targets -set -filter {jtag_cable_name =~ "Xilinx TUL 1234-tulA" && level==0} -index 1' command is executed.
17:36:44 INFO  : FPGA configured successfully with bitstream "C:/Users/xb2m8/Desktop/2019_FPGA_Design_Group3/Lab03/Hash_func/Hash_func.sdk/design_1_wrapper_hw_platform_0/design_1_wrapper.bit"
17:36:44 INFO  : Context for 'APU' is selected.
17:36:47 INFO  : Hardware design information is loaded from 'C:/Users/xb2m8/Desktop/2019_FPGA_Design_Group3/Lab03/Hash_func/Hash_func.sdk/design_1_wrapper_hw_platform_0/system.hdf'.
17:36:47 INFO  : 'configparams force-mem-access 1' command is executed.
17:36:47 INFO  : Context for 'APU' is selected.
17:36:47 INFO  : 'ps7_init' command is executed.
17:36:47 INFO  : 'ps7_post_config' command is executed.
17:36:47 INFO  : Context for processor 'ps7_cortexa9_0' is selected.
17:36:47 INFO  : The application 'C:/Users/xb2m8/Desktop/2019_FPGA_Design_Group3/Lab03/Hash_func/Hash_func.sdk/hash_func/Debug/hash_func.elf' is downloaded to processor 'ps7_cortexa9_0'.
17:36:47 INFO  : 'configparams force-mem-access 0' command is executed.
17:36:47 INFO  : ----------------XSDB Script----------------
connect -url tcp:127.0.0.1:3121
source C:/Users/xb2m8/Desktop/2019_FPGA_Design_Group3/Lab03/Hash_func/Hash_func.sdk/design_1_wrapper_hw_platform_0/ps7_init.tcl
targets -set -nocase -filter {name =~"APU*" && jtag_cable_name =~ "Xilinx TUL 1234-tulA"} -index 0
rst -system
after 3000
targets -set -filter {jtag_cable_name =~ "Xilinx TUL 1234-tulA" && level==0} -index 1
fpga -file C:/Users/xb2m8/Desktop/2019_FPGA_Design_Group3/Lab03/Hash_func/Hash_func.sdk/design_1_wrapper_hw_platform_0/design_1_wrapper.bit
targets -set -nocase -filter {name =~"APU*" && jtag_cable_name =~ "Xilinx TUL 1234-tulA"} -index 0
loadhw -hw C:/Users/xb2m8/Desktop/2019_FPGA_Design_Group3/Lab03/Hash_func/Hash_func.sdk/design_1_wrapper_hw_platform_0/system.hdf -mem-ranges [list {0x40000000 0xbfffffff}]
configparams force-mem-access 1
targets -set -nocase -filter {name =~"APU*" && jtag_cable_name =~ "Xilinx TUL 1234-tulA"} -index 0
ps7_init
ps7_post_config
targets -set -nocase -filter {name =~ "ARM*#0" && jtag_cable_name =~ "Xilinx TUL 1234-tulA"} -index 0
dow C:/Users/xb2m8/Desktop/2019_FPGA_Design_Group3/Lab03/Hash_func/Hash_func.sdk/hash_func/Debug/hash_func.elf
configparams force-mem-access 0
----------------End of Script----------------

17:36:47 INFO  : Context for processor 'ps7_cortexa9_0' is selected.
17:36:47 INFO  : 'con' command is executed.
17:36:47 INFO  : ----------------XSDB Script (After Launch)----------------
targets -set -nocase -filter {name =~ "ARM*#0" && jtag_cable_name =~ "Xilinx TUL 1234-tulA"} -index 0
con
----------------End of Script----------------

17:36:47 INFO  : Disconnected from the channel tcfchan#4.
17:40:19 INFO  : Connected to target on host '127.0.0.1' and port '3121'.
17:40:20 INFO  : Jtag cable 'Xilinx TUL 1234-tulA' is selected.
17:40:20 INFO  : 'jtag frequency' command is executed.
17:40:20 INFO  : Sourcing of 'C:/Users/xb2m8/Desktop/2019_FPGA_Design_Group3/Lab03/Hash_func/Hash_func.sdk/design_1_wrapper_hw_platform_0/ps7_init.tcl' is done.
17:40:20 INFO  : Context for 'APU' is selected.
17:40:20 INFO  : System reset is completed.
17:40:23 INFO  : 'after 3000' command is executed.
17:40:23 INFO  : 'targets -set -filter {jtag_cable_name =~ "Xilinx TUL 1234-tulA" && level==0} -index 1' command is executed.
17:40:25 INFO  : FPGA configured successfully with bitstream "C:/Users/xb2m8/Desktop/2019_FPGA_Design_Group3/Lab03/Hash_func/Hash_func.sdk/design_1_wrapper_hw_platform_0/design_1_wrapper.bit"
17:40:25 INFO  : Context for 'APU' is selected.
17:40:28 INFO  : Hardware design information is loaded from 'C:/Users/xb2m8/Desktop/2019_FPGA_Design_Group3/Lab03/Hash_func/Hash_func.sdk/design_1_wrapper_hw_platform_0/system.hdf'.
17:40:28 INFO  : 'configparams force-mem-access 1' command is executed.
17:40:28 INFO  : Context for 'APU' is selected.
17:40:28 INFO  : 'ps7_init' command is executed.
17:40:28 INFO  : 'ps7_post_config' command is executed.
17:40:28 INFO  : Context for processor 'ps7_cortexa9_0' is selected.
17:40:28 INFO  : The application 'C:/Users/xb2m8/Desktop/2019_FPGA_Design_Group3/Lab03/Hash_func/Hash_func.sdk/hash_func/Debug/hash_func.elf' is downloaded to processor 'ps7_cortexa9_0'.
17:40:28 INFO  : 'configparams force-mem-access 0' command is executed.
17:40:28 INFO  : ----------------XSDB Script----------------
connect -url tcp:127.0.0.1:3121
source C:/Users/xb2m8/Desktop/2019_FPGA_Design_Group3/Lab03/Hash_func/Hash_func.sdk/design_1_wrapper_hw_platform_0/ps7_init.tcl
targets -set -nocase -filter {name =~"APU*" && jtag_cable_name =~ "Xilinx TUL 1234-tulA"} -index 0
rst -system
after 3000
targets -set -filter {jtag_cable_name =~ "Xilinx TUL 1234-tulA" && level==0} -index 1
fpga -file C:/Users/xb2m8/Desktop/2019_FPGA_Design_Group3/Lab03/Hash_func/Hash_func.sdk/design_1_wrapper_hw_platform_0/design_1_wrapper.bit
targets -set -nocase -filter {name =~"APU*" && jtag_cable_name =~ "Xilinx TUL 1234-tulA"} -index 0
loadhw -hw C:/Users/xb2m8/Desktop/2019_FPGA_Design_Group3/Lab03/Hash_func/Hash_func.sdk/design_1_wrapper_hw_platform_0/system.hdf -mem-ranges [list {0x40000000 0xbfffffff}]
configparams force-mem-access 1
targets -set -nocase -filter {name =~"APU*" && jtag_cable_name =~ "Xilinx TUL 1234-tulA"} -index 0
ps7_init
ps7_post_config
targets -set -nocase -filter {name =~ "ARM*#0" && jtag_cable_name =~ "Xilinx TUL 1234-tulA"} -index 0
dow C:/Users/xb2m8/Desktop/2019_FPGA_Design_Group3/Lab03/Hash_func/Hash_func.sdk/hash_func/Debug/hash_func.elf
configparams force-mem-access 0
----------------End of Script----------------

17:40:28 INFO  : Context for processor 'ps7_cortexa9_0' is selected.
17:40:28 INFO  : 'con' command is executed.
17:40:28 INFO  : ----------------XSDB Script (After Launch)----------------
targets -set -nocase -filter {name =~ "ARM*#0" && jtag_cable_name =~ "Xilinx TUL 1234-tulA"} -index 0
con
----------------End of Script----------------

17:40:28 INFO  : Disconnected from the channel tcfchan#5.
17:42:50 INFO  : Connected to target on host '127.0.0.1' and port '3121'.
17:42:50 INFO  : Jtag cable 'Xilinx TUL 1234-tulA' is selected.
17:42:50 INFO  : 'jtag frequency' command is executed.
17:42:50 INFO  : Sourcing of 'C:/Users/xb2m8/Desktop/2019_FPGA_Design_Group3/Lab03/Hash_func/Hash_func.sdk/design_1_wrapper_hw_platform_0/ps7_init.tcl' is done.
17:42:50 INFO  : Context for 'APU' is selected.
17:42:51 INFO  : System reset is completed.
17:42:54 INFO  : 'after 3000' command is executed.
17:42:54 INFO  : 'targets -set -filter {jtag_cable_name =~ "Xilinx TUL 1234-tulA" && level==0} -index 1' command is executed.
17:42:56 INFO  : FPGA configured successfully with bitstream "C:/Users/xb2m8/Desktop/2019_FPGA_Design_Group3/Lab03/Hash_func/Hash_func.sdk/design_1_wrapper_hw_platform_0/design_1_wrapper.bit"
17:42:56 INFO  : Context for 'APU' is selected.
17:42:58 INFO  : Hardware design information is loaded from 'C:/Users/xb2m8/Desktop/2019_FPGA_Design_Group3/Lab03/Hash_func/Hash_func.sdk/design_1_wrapper_hw_platform_0/system.hdf'.
17:42:58 INFO  : 'configparams force-mem-access 1' command is executed.
17:42:58 INFO  : Context for 'APU' is selected.
17:42:59 INFO  : 'ps7_init' command is executed.
17:42:59 INFO  : 'ps7_post_config' command is executed.
17:42:59 INFO  : Context for processor 'ps7_cortexa9_0' is selected.
17:42:59 INFO  : The application 'C:/Users/xb2m8/Desktop/2019_FPGA_Design_Group3/Lab03/Hash_func/Hash_func.sdk/hash_func/Debug/hash_func.elf' is downloaded to processor 'ps7_cortexa9_0'.
17:42:59 INFO  : 'configparams force-mem-access 0' command is executed.
17:42:59 INFO  : ----------------XSDB Script----------------
connect -url tcp:127.0.0.1:3121
source C:/Users/xb2m8/Desktop/2019_FPGA_Design_Group3/Lab03/Hash_func/Hash_func.sdk/design_1_wrapper_hw_platform_0/ps7_init.tcl
targets -set -nocase -filter {name =~"APU*" && jtag_cable_name =~ "Xilinx TUL 1234-tulA"} -index 0
rst -system
after 3000
targets -set -filter {jtag_cable_name =~ "Xilinx TUL 1234-tulA" && level==0} -index 1
fpga -file C:/Users/xb2m8/Desktop/2019_FPGA_Design_Group3/Lab03/Hash_func/Hash_func.sdk/design_1_wrapper_hw_platform_0/design_1_wrapper.bit
targets -set -nocase -filter {name =~"APU*" && jtag_cable_name =~ "Xilinx TUL 1234-tulA"} -index 0
loadhw -hw C:/Users/xb2m8/Desktop/2019_FPGA_Design_Group3/Lab03/Hash_func/Hash_func.sdk/design_1_wrapper_hw_platform_0/system.hdf -mem-ranges [list {0x40000000 0xbfffffff}]
configparams force-mem-access 1
targets -set -nocase -filter {name =~"APU*" && jtag_cable_name =~ "Xilinx TUL 1234-tulA"} -index 0
ps7_init
ps7_post_config
targets -set -nocase -filter {name =~ "ARM*#0" && jtag_cable_name =~ "Xilinx TUL 1234-tulA"} -index 0
dow C:/Users/xb2m8/Desktop/2019_FPGA_Design_Group3/Lab03/Hash_func/Hash_func.sdk/hash_func/Debug/hash_func.elf
configparams force-mem-access 0
----------------End of Script----------------

17:42:59 INFO  : Context for processor 'ps7_cortexa9_0' is selected.
17:42:59 INFO  : 'con' command is executed.
17:42:59 INFO  : ----------------XSDB Script (After Launch)----------------
targets -set -nocase -filter {name =~ "ARM*#0" && jtag_cable_name =~ "Xilinx TUL 1234-tulA"} -index 0
con
----------------End of Script----------------

17:42:59 INFO  : Disconnected from the channel tcfchan#6.
17:46:03 INFO  : Connected to target on host '127.0.0.1' and port '3121'.
17:46:04 INFO  : Jtag cable 'Xilinx TUL 1234-tulA' is selected.
17:46:04 INFO  : 'jtag frequency' command is executed.
17:46:04 INFO  : Sourcing of 'C:/Users/xb2m8/Desktop/2019_FPGA_Design_Group3/Lab03/Hash_func/Hash_func.sdk/design_1_wrapper_hw_platform_0/ps7_init.tcl' is done.
17:46:04 INFO  : Context for 'APU' is selected.
17:46:04 INFO  : System reset is completed.
17:46:07 INFO  : 'after 3000' command is executed.
17:46:07 INFO  : 'targets -set -filter {jtag_cable_name =~ "Xilinx TUL 1234-tulA" && level==0} -index 1' command is executed.
17:46:09 INFO  : FPGA configured successfully with bitstream "C:/Users/xb2m8/Desktop/2019_FPGA_Design_Group3/Lab03/Hash_func/Hash_func.sdk/design_1_wrapper_hw_platform_0/design_1_wrapper.bit"
17:46:09 INFO  : Context for 'APU' is selected.
17:46:12 INFO  : Hardware design information is loaded from 'C:/Users/xb2m8/Desktop/2019_FPGA_Design_Group3/Lab03/Hash_func/Hash_func.sdk/design_1_wrapper_hw_platform_0/system.hdf'.
17:46:12 INFO  : 'configparams force-mem-access 1' command is executed.
17:46:12 INFO  : Context for 'APU' is selected.
17:46:12 INFO  : 'ps7_init' command is executed.
17:46:12 INFO  : 'ps7_post_config' command is executed.
17:46:12 INFO  : Context for processor 'ps7_cortexa9_0' is selected.
17:46:12 INFO  : The application 'C:/Users/xb2m8/Desktop/2019_FPGA_Design_Group3/Lab03/Hash_func/Hash_func.sdk/hash_func/Debug/hash_func.elf' is downloaded to processor 'ps7_cortexa9_0'.
17:46:12 INFO  : 'configparams force-mem-access 0' command is executed.
17:46:12 INFO  : ----------------XSDB Script----------------
connect -url tcp:127.0.0.1:3121
source C:/Users/xb2m8/Desktop/2019_FPGA_Design_Group3/Lab03/Hash_func/Hash_func.sdk/design_1_wrapper_hw_platform_0/ps7_init.tcl
targets -set -nocase -filter {name =~"APU*" && jtag_cable_name =~ "Xilinx TUL 1234-tulA"} -index 0
rst -system
after 3000
targets -set -filter {jtag_cable_name =~ "Xilinx TUL 1234-tulA" && level==0} -index 1
fpga -file C:/Users/xb2m8/Desktop/2019_FPGA_Design_Group3/Lab03/Hash_func/Hash_func.sdk/design_1_wrapper_hw_platform_0/design_1_wrapper.bit
targets -set -nocase -filter {name =~"APU*" && jtag_cable_name =~ "Xilinx TUL 1234-tulA"} -index 0
loadhw -hw C:/Users/xb2m8/Desktop/2019_FPGA_Design_Group3/Lab03/Hash_func/Hash_func.sdk/design_1_wrapper_hw_platform_0/system.hdf -mem-ranges [list {0x40000000 0xbfffffff}]
configparams force-mem-access 1
targets -set -nocase -filter {name =~"APU*" && jtag_cable_name =~ "Xilinx TUL 1234-tulA"} -index 0
ps7_init
ps7_post_config
targets -set -nocase -filter {name =~ "ARM*#0" && jtag_cable_name =~ "Xilinx TUL 1234-tulA"} -index 0
dow C:/Users/xb2m8/Desktop/2019_FPGA_Design_Group3/Lab03/Hash_func/Hash_func.sdk/hash_func/Debug/hash_func.elf
configparams force-mem-access 0
----------------End of Script----------------

17:46:12 INFO  : Context for processor 'ps7_cortexa9_0' is selected.
17:46:12 INFO  : 'con' command is executed.
17:46:12 INFO  : ----------------XSDB Script (After Launch)----------------
targets -set -nocase -filter {name =~ "ARM*#0" && jtag_cable_name =~ "Xilinx TUL 1234-tulA"} -index 0
con
----------------End of Script----------------

17:46:12 INFO  : Disconnected from the channel tcfchan#7.
17:49:42 INFO  : Connected to target on host '127.0.0.1' and port '3121'.
17:49:43 INFO  : Jtag cable 'Xilinx TUL 1234-tulA' is selected.
17:49:43 INFO  : 'jtag frequency' command is executed.
17:49:43 INFO  : Sourcing of 'C:/Users/xb2m8/Desktop/2019_FPGA_Design_Group3/Lab03/Hash_func/Hash_func.sdk/design_1_wrapper_hw_platform_0/ps7_init.tcl' is done.
17:49:43 INFO  : Context for 'APU' is selected.
17:49:43 INFO  : System reset is completed.
17:49:46 INFO  : 'after 3000' command is executed.
17:49:46 INFO  : 'targets -set -filter {jtag_cable_name =~ "Xilinx TUL 1234-tulA" && level==0} -index 1' command is executed.
17:49:48 INFO  : FPGA configured successfully with bitstream "C:/Users/xb2m8/Desktop/2019_FPGA_Design_Group3/Lab03/Hash_func/Hash_func.sdk/design_1_wrapper_hw_platform_0/design_1_wrapper.bit"
17:49:48 INFO  : Context for 'APU' is selected.
17:49:50 INFO  : Hardware design information is loaded from 'C:/Users/xb2m8/Desktop/2019_FPGA_Design_Group3/Lab03/Hash_func/Hash_func.sdk/design_1_wrapper_hw_platform_0/system.hdf'.
17:49:50 INFO  : 'configparams force-mem-access 1' command is executed.
17:49:50 INFO  : Context for 'APU' is selected.
17:49:51 INFO  : 'ps7_init' command is executed.
17:49:51 INFO  : 'ps7_post_config' command is executed.
17:49:51 INFO  : Context for processor 'ps7_cortexa9_0' is selected.
17:49:51 INFO  : The application 'C:/Users/xb2m8/Desktop/2019_FPGA_Design_Group3/Lab03/Hash_func/Hash_func.sdk/hash_func/Debug/hash_func.elf' is downloaded to processor 'ps7_cortexa9_0'.
17:49:51 INFO  : 'configparams force-mem-access 0' command is executed.
17:49:51 INFO  : ----------------XSDB Script----------------
connect -url tcp:127.0.0.1:3121
source C:/Users/xb2m8/Desktop/2019_FPGA_Design_Group3/Lab03/Hash_func/Hash_func.sdk/design_1_wrapper_hw_platform_0/ps7_init.tcl
targets -set -nocase -filter {name =~"APU*" && jtag_cable_name =~ "Xilinx TUL 1234-tulA"} -index 0
rst -system
after 3000
targets -set -filter {jtag_cable_name =~ "Xilinx TUL 1234-tulA" && level==0} -index 1
fpga -file C:/Users/xb2m8/Desktop/2019_FPGA_Design_Group3/Lab03/Hash_func/Hash_func.sdk/design_1_wrapper_hw_platform_0/design_1_wrapper.bit
targets -set -nocase -filter {name =~"APU*" && jtag_cable_name =~ "Xilinx TUL 1234-tulA"} -index 0
loadhw -hw C:/Users/xb2m8/Desktop/2019_FPGA_Design_Group3/Lab03/Hash_func/Hash_func.sdk/design_1_wrapper_hw_platform_0/system.hdf -mem-ranges [list {0x40000000 0xbfffffff}]
configparams force-mem-access 1
targets -set -nocase -filter {name =~"APU*" && jtag_cable_name =~ "Xilinx TUL 1234-tulA"} -index 0
ps7_init
ps7_post_config
targets -set -nocase -filter {name =~ "ARM*#0" && jtag_cable_name =~ "Xilinx TUL 1234-tulA"} -index 0
dow C:/Users/xb2m8/Desktop/2019_FPGA_Design_Group3/Lab03/Hash_func/Hash_func.sdk/hash_func/Debug/hash_func.elf
configparams force-mem-access 0
----------------End of Script----------------

17:49:51 INFO  : Context for processor 'ps7_cortexa9_0' is selected.
17:49:51 INFO  : 'con' command is executed.
17:49:51 INFO  : ----------------XSDB Script (After Launch)----------------
targets -set -nocase -filter {name =~ "ARM*#0" && jtag_cable_name =~ "Xilinx TUL 1234-tulA"} -index 0
con
----------------End of Script----------------

17:49:51 INFO  : Disconnected from the channel tcfchan#8.
17:50:55 INFO  : Connected to target on host '127.0.0.1' and port '3121'.
17:50:55 INFO  : Jtag cable 'Xilinx TUL 1234-tulA' is selected.
17:50:55 INFO  : 'jtag frequency' command is executed.
17:50:55 INFO  : Sourcing of 'C:/Users/xb2m8/Desktop/2019_FPGA_Design_Group3/Lab03/Hash_func/Hash_func.sdk/design_1_wrapper_hw_platform_0/ps7_init.tcl' is done.
17:50:55 INFO  : Context for 'APU' is selected.
17:50:55 INFO  : System reset is completed.
17:50:58 INFO  : 'after 3000' command is executed.
17:50:58 INFO  : 'targets -set -filter {jtag_cable_name =~ "Xilinx TUL 1234-tulA" && level==0} -index 1' command is executed.
17:51:01 INFO  : FPGA configured successfully with bitstream "C:/Users/xb2m8/Desktop/2019_FPGA_Design_Group3/Lab03/Hash_func/Hash_func.sdk/design_1_wrapper_hw_platform_0/design_1_wrapper.bit"
17:51:01 INFO  : Context for 'APU' is selected.
17:51:03 INFO  : Hardware design information is loaded from 'C:/Users/xb2m8/Desktop/2019_FPGA_Design_Group3/Lab03/Hash_func/Hash_func.sdk/design_1_wrapper_hw_platform_0/system.hdf'.
17:51:03 INFO  : 'configparams force-mem-access 1' command is executed.
17:51:03 INFO  : Context for 'APU' is selected.
17:51:03 INFO  : 'ps7_init' command is executed.
17:51:03 INFO  : 'ps7_post_config' command is executed.
17:51:03 INFO  : Context for processor 'ps7_cortexa9_0' is selected.
17:51:04 INFO  : The application 'C:/Users/xb2m8/Desktop/2019_FPGA_Design_Group3/Lab03/Hash_func/Hash_func.sdk/hash_func/Debug/hash_func.elf' is downloaded to processor 'ps7_cortexa9_0'.
17:51:04 INFO  : 'configparams force-mem-access 0' command is executed.
17:51:04 INFO  : ----------------XSDB Script----------------
connect -url tcp:127.0.0.1:3121
source C:/Users/xb2m8/Desktop/2019_FPGA_Design_Group3/Lab03/Hash_func/Hash_func.sdk/design_1_wrapper_hw_platform_0/ps7_init.tcl
targets -set -nocase -filter {name =~"APU*" && jtag_cable_name =~ "Xilinx TUL 1234-tulA"} -index 0
rst -system
after 3000
targets -set -filter {jtag_cable_name =~ "Xilinx TUL 1234-tulA" && level==0} -index 1
fpga -file C:/Users/xb2m8/Desktop/2019_FPGA_Design_Group3/Lab03/Hash_func/Hash_func.sdk/design_1_wrapper_hw_platform_0/design_1_wrapper.bit
targets -set -nocase -filter {name =~"APU*" && jtag_cable_name =~ "Xilinx TUL 1234-tulA"} -index 0
loadhw -hw C:/Users/xb2m8/Desktop/2019_FPGA_Design_Group3/Lab03/Hash_func/Hash_func.sdk/design_1_wrapper_hw_platform_0/system.hdf -mem-ranges [list {0x40000000 0xbfffffff}]
configparams force-mem-access 1
targets -set -nocase -filter {name =~"APU*" && jtag_cable_name =~ "Xilinx TUL 1234-tulA"} -index 0
ps7_init
ps7_post_config
targets -set -nocase -filter {name =~ "ARM*#0" && jtag_cable_name =~ "Xilinx TUL 1234-tulA"} -index 0
dow C:/Users/xb2m8/Desktop/2019_FPGA_Design_Group3/Lab03/Hash_func/Hash_func.sdk/hash_func/Debug/hash_func.elf
configparams force-mem-access 0
----------------End of Script----------------

17:51:04 INFO  : Context for processor 'ps7_cortexa9_0' is selected.
17:51:04 INFO  : 'con' command is executed.
17:51:04 INFO  : ----------------XSDB Script (After Launch)----------------
targets -set -nocase -filter {name =~ "ARM*#0" && jtag_cable_name =~ "Xilinx TUL 1234-tulA"} -index 0
con
----------------End of Script----------------

17:51:04 INFO  : Disconnected from the channel tcfchan#9.
17:55:35 INFO  : Connected to target on host '127.0.0.1' and port '3121'.
17:55:36 INFO  : Jtag cable 'Xilinx TUL 1234-tulA' is selected.
17:55:36 INFO  : 'jtag frequency' command is executed.
17:55:36 INFO  : Sourcing of 'C:/Users/xb2m8/Desktop/2019_FPGA_Design_Group3/Lab03/Hash_func/Hash_func.sdk/design_1_wrapper_hw_platform_0/ps7_init.tcl' is done.
17:55:36 INFO  : Context for 'APU' is selected.
17:55:36 INFO  : System reset is completed.
17:55:39 INFO  : 'after 3000' command is executed.
17:55:39 INFO  : 'targets -set -filter {jtag_cable_name =~ "Xilinx TUL 1234-tulA" && level==0} -index 1' command is executed.
17:55:41 INFO  : FPGA configured successfully with bitstream "C:/Users/xb2m8/Desktop/2019_FPGA_Design_Group3/Lab03/Hash_func/Hash_func.sdk/design_1_wrapper_hw_platform_0/design_1_wrapper.bit"
17:55:41 INFO  : Context for 'APU' is selected.
17:55:43 INFO  : Hardware design information is loaded from 'C:/Users/xb2m8/Desktop/2019_FPGA_Design_Group3/Lab03/Hash_func/Hash_func.sdk/design_1_wrapper_hw_platform_0/system.hdf'.
17:55:43 INFO  : 'configparams force-mem-access 1' command is executed.
17:55:43 INFO  : Context for 'APU' is selected.
17:55:44 INFO  : 'ps7_init' command is executed.
17:55:44 INFO  : 'ps7_post_config' command is executed.
17:55:44 INFO  : Context for processor 'ps7_cortexa9_0' is selected.
17:55:44 INFO  : The application 'C:/Users/xb2m8/Desktop/2019_FPGA_Design_Group3/Lab03/Hash_func/Hash_func.sdk/hash_func/Debug/hash_func.elf' is downloaded to processor 'ps7_cortexa9_0'.
17:55:44 INFO  : 'configparams force-mem-access 0' command is executed.
17:55:44 INFO  : ----------------XSDB Script----------------
connect -url tcp:127.0.0.1:3121
source C:/Users/xb2m8/Desktop/2019_FPGA_Design_Group3/Lab03/Hash_func/Hash_func.sdk/design_1_wrapper_hw_platform_0/ps7_init.tcl
targets -set -nocase -filter {name =~"APU*" && jtag_cable_name =~ "Xilinx TUL 1234-tulA"} -index 0
rst -system
after 3000
targets -set -filter {jtag_cable_name =~ "Xilinx TUL 1234-tulA" && level==0} -index 1
fpga -file C:/Users/xb2m8/Desktop/2019_FPGA_Design_Group3/Lab03/Hash_func/Hash_func.sdk/design_1_wrapper_hw_platform_0/design_1_wrapper.bit
targets -set -nocase -filter {name =~"APU*" && jtag_cable_name =~ "Xilinx TUL 1234-tulA"} -index 0
loadhw -hw C:/Users/xb2m8/Desktop/2019_FPGA_Design_Group3/Lab03/Hash_func/Hash_func.sdk/design_1_wrapper_hw_platform_0/system.hdf -mem-ranges [list {0x40000000 0xbfffffff}]
configparams force-mem-access 1
targets -set -nocase -filter {name =~"APU*" && jtag_cable_name =~ "Xilinx TUL 1234-tulA"} -index 0
ps7_init
ps7_post_config
targets -set -nocase -filter {name =~ "ARM*#0" && jtag_cable_name =~ "Xilinx TUL 1234-tulA"} -index 0
dow C:/Users/xb2m8/Desktop/2019_FPGA_Design_Group3/Lab03/Hash_func/Hash_func.sdk/hash_func/Debug/hash_func.elf
configparams force-mem-access 0
----------------End of Script----------------

17:55:44 INFO  : Context for processor 'ps7_cortexa9_0' is selected.
17:55:44 INFO  : 'con' command is executed.
17:55:44 INFO  : ----------------XSDB Script (After Launch)----------------
targets -set -nocase -filter {name =~ "ARM*#0" && jtag_cable_name =~ "Xilinx TUL 1234-tulA"} -index 0
con
----------------End of Script----------------

17:55:44 INFO  : Disconnected from the channel tcfchan#10.
17:57:04 INFO  : Connected to target on host '127.0.0.1' and port '3121'.
17:57:05 INFO  : Jtag cable 'Xilinx TUL 1234-tulA' is selected.
17:57:05 INFO  : 'jtag frequency' command is executed.
17:57:05 INFO  : Sourcing of 'C:/Users/xb2m8/Desktop/2019_FPGA_Design_Group3/Lab03/Hash_func/Hash_func.sdk/design_1_wrapper_hw_platform_0/ps7_init.tcl' is done.
17:57:05 INFO  : Context for 'APU' is selected.
17:57:05 INFO  : System reset is completed.
17:57:08 INFO  : 'after 3000' command is executed.
17:57:08 INFO  : 'targets -set -filter {jtag_cable_name =~ "Xilinx TUL 1234-tulA" && level==0} -index 1' command is executed.
17:57:10 INFO  : FPGA configured successfully with bitstream "C:/Users/xb2m8/Desktop/2019_FPGA_Design_Group3/Lab03/Hash_func/Hash_func.sdk/design_1_wrapper_hw_platform_0/design_1_wrapper.bit"
17:57:10 INFO  : Context for 'APU' is selected.
17:57:13 INFO  : Hardware design information is loaded from 'C:/Users/xb2m8/Desktop/2019_FPGA_Design_Group3/Lab03/Hash_func/Hash_func.sdk/design_1_wrapper_hw_platform_0/system.hdf'.
17:57:13 INFO  : 'configparams force-mem-access 1' command is executed.
17:57:13 INFO  : Context for 'APU' is selected.
17:57:13 INFO  : 'ps7_init' command is executed.
17:57:13 INFO  : 'ps7_post_config' command is executed.
17:57:13 INFO  : Context for processor 'ps7_cortexa9_0' is selected.
17:57:13 INFO  : The application 'C:/Users/xb2m8/Desktop/2019_FPGA_Design_Group3/Lab03/Hash_func/Hash_func.sdk/hash_func/Debug/hash_func.elf' is downloaded to processor 'ps7_cortexa9_0'.
17:57:13 INFO  : 'configparams force-mem-access 0' command is executed.
17:57:13 INFO  : ----------------XSDB Script----------------
connect -url tcp:127.0.0.1:3121
source C:/Users/xb2m8/Desktop/2019_FPGA_Design_Group3/Lab03/Hash_func/Hash_func.sdk/design_1_wrapper_hw_platform_0/ps7_init.tcl
targets -set -nocase -filter {name =~"APU*" && jtag_cable_name =~ "Xilinx TUL 1234-tulA"} -index 0
rst -system
after 3000
targets -set -filter {jtag_cable_name =~ "Xilinx TUL 1234-tulA" && level==0} -index 1
fpga -file C:/Users/xb2m8/Desktop/2019_FPGA_Design_Group3/Lab03/Hash_func/Hash_func.sdk/design_1_wrapper_hw_platform_0/design_1_wrapper.bit
targets -set -nocase -filter {name =~"APU*" && jtag_cable_name =~ "Xilinx TUL 1234-tulA"} -index 0
loadhw -hw C:/Users/xb2m8/Desktop/2019_FPGA_Design_Group3/Lab03/Hash_func/Hash_func.sdk/design_1_wrapper_hw_platform_0/system.hdf -mem-ranges [list {0x40000000 0xbfffffff}]
configparams force-mem-access 1
targets -set -nocase -filter {name =~"APU*" && jtag_cable_name =~ "Xilinx TUL 1234-tulA"} -index 0
ps7_init
ps7_post_config
targets -set -nocase -filter {name =~ "ARM*#0" && jtag_cable_name =~ "Xilinx TUL 1234-tulA"} -index 0
dow C:/Users/xb2m8/Desktop/2019_FPGA_Design_Group3/Lab03/Hash_func/Hash_func.sdk/hash_func/Debug/hash_func.elf
configparams force-mem-access 0
----------------End of Script----------------

17:57:13 INFO  : Context for processor 'ps7_cortexa9_0' is selected.
17:57:13 INFO  : 'con' command is executed.
17:57:13 INFO  : ----------------XSDB Script (After Launch)----------------
targets -set -nocase -filter {name =~ "ARM*#0" && jtag_cable_name =~ "Xilinx TUL 1234-tulA"} -index 0
con
----------------End of Script----------------

17:57:13 INFO  : Disconnected from the channel tcfchan#11.
17:58:28 INFO  : Connected to target on host '127.0.0.1' and port '3121'.
17:58:29 INFO  : Jtag cable 'Xilinx TUL 1234-tulA' is selected.
17:58:29 INFO  : 'jtag frequency' command is executed.
17:58:29 INFO  : Sourcing of 'C:/Users/xb2m8/Desktop/2019_FPGA_Design_Group3/Lab03/Hash_func/Hash_func.sdk/design_1_wrapper_hw_platform_0/ps7_init.tcl' is done.
17:58:29 INFO  : Context for 'APU' is selected.
17:58:29 INFO  : System reset is completed.
17:58:32 INFO  : 'after 3000' command is executed.
17:58:32 INFO  : 'targets -set -filter {jtag_cable_name =~ "Xilinx TUL 1234-tulA" && level==0} -index 1' command is executed.
17:58:35 INFO  : FPGA configured successfully with bitstream "C:/Users/xb2m8/Desktop/2019_FPGA_Design_Group3/Lab03/Hash_func/Hash_func.sdk/design_1_wrapper_hw_platform_0/design_1_wrapper.bit"
17:58:35 INFO  : Context for 'APU' is selected.
17:58:37 INFO  : Hardware design information is loaded from 'C:/Users/xb2m8/Desktop/2019_FPGA_Design_Group3/Lab03/Hash_func/Hash_func.sdk/design_1_wrapper_hw_platform_0/system.hdf'.
17:58:37 INFO  : 'configparams force-mem-access 1' command is executed.
17:58:37 INFO  : Context for 'APU' is selected.
17:58:37 INFO  : 'ps7_init' command is executed.
17:58:37 INFO  : 'ps7_post_config' command is executed.
17:58:37 INFO  : Context for processor 'ps7_cortexa9_0' is selected.
17:58:37 INFO  : The application 'C:/Users/xb2m8/Desktop/2019_FPGA_Design_Group3/Lab03/Hash_func/Hash_func.sdk/hash_func/Debug/hash_func.elf' is downloaded to processor 'ps7_cortexa9_0'.
17:58:37 INFO  : 'configparams force-mem-access 0' command is executed.
17:58:37 INFO  : ----------------XSDB Script----------------
connect -url tcp:127.0.0.1:3121
source C:/Users/xb2m8/Desktop/2019_FPGA_Design_Group3/Lab03/Hash_func/Hash_func.sdk/design_1_wrapper_hw_platform_0/ps7_init.tcl
targets -set -nocase -filter {name =~"APU*" && jtag_cable_name =~ "Xilinx TUL 1234-tulA"} -index 0
rst -system
after 3000
targets -set -filter {jtag_cable_name =~ "Xilinx TUL 1234-tulA" && level==0} -index 1
fpga -file C:/Users/xb2m8/Desktop/2019_FPGA_Design_Group3/Lab03/Hash_func/Hash_func.sdk/design_1_wrapper_hw_platform_0/design_1_wrapper.bit
targets -set -nocase -filter {name =~"APU*" && jtag_cable_name =~ "Xilinx TUL 1234-tulA"} -index 0
loadhw -hw C:/Users/xb2m8/Desktop/2019_FPGA_Design_Group3/Lab03/Hash_func/Hash_func.sdk/design_1_wrapper_hw_platform_0/system.hdf -mem-ranges [list {0x40000000 0xbfffffff}]
configparams force-mem-access 1
targets -set -nocase -filter {name =~"APU*" && jtag_cable_name =~ "Xilinx TUL 1234-tulA"} -index 0
ps7_init
ps7_post_config
targets -set -nocase -filter {name =~ "ARM*#0" && jtag_cable_name =~ "Xilinx TUL 1234-tulA"} -index 0
dow C:/Users/xb2m8/Desktop/2019_FPGA_Design_Group3/Lab03/Hash_func/Hash_func.sdk/hash_func/Debug/hash_func.elf
configparams force-mem-access 0
----------------End of Script----------------

17:58:37 INFO  : Context for processor 'ps7_cortexa9_0' is selected.
17:58:38 INFO  : 'con' command is executed.
17:58:38 INFO  : ----------------XSDB Script (After Launch)----------------
targets -set -nocase -filter {name =~ "ARM*#0" && jtag_cable_name =~ "Xilinx TUL 1234-tulA"} -index 0
con
----------------End of Script----------------

17:58:38 INFO  : Disconnected from the channel tcfchan#12.
18:05:15 INFO  : Connected to target on host '127.0.0.1' and port '3121'.
18:05:15 INFO  : Jtag cable 'Xilinx TUL 1234-tulA' is selected.
18:05:15 INFO  : 'jtag frequency' command is executed.
18:05:15 INFO  : Sourcing of 'C:/Users/xb2m8/Desktop/2019_FPGA_Design_Group3/Lab03/Hash_func/Hash_func.sdk/design_1_wrapper_hw_platform_0/ps7_init.tcl' is done.
18:05:15 INFO  : Context for 'APU' is selected.
18:05:15 INFO  : System reset is completed.
18:05:18 INFO  : 'after 3000' command is executed.
18:05:19 INFO  : 'targets -set -filter {jtag_cable_name =~ "Xilinx TUL 1234-tulA" && level==0} -index 1' command is executed.
18:05:21 INFO  : FPGA configured successfully with bitstream "C:/Users/xb2m8/Desktop/2019_FPGA_Design_Group3/Lab03/Hash_func/Hash_func.sdk/design_1_wrapper_hw_platform_0/design_1_wrapper.bit"
18:05:21 INFO  : Context for 'APU' is selected.
18:05:23 INFO  : Hardware design information is loaded from 'C:/Users/xb2m8/Desktop/2019_FPGA_Design_Group3/Lab03/Hash_func/Hash_func.sdk/design_1_wrapper_hw_platform_0/system.hdf'.
18:05:23 INFO  : 'configparams force-mem-access 1' command is executed.
18:05:24 INFO  : Context for 'APU' is selected.
18:05:24 INFO  : 'ps7_init' command is executed.
18:05:24 INFO  : 'ps7_post_config' command is executed.
18:05:24 INFO  : Context for processor 'ps7_cortexa9_0' is selected.
18:05:24 INFO  : The application 'C:/Users/xb2m8/Desktop/2019_FPGA_Design_Group3/Lab03/Hash_func/Hash_func.sdk/hash_func/Debug/hash_func.elf' is downloaded to processor 'ps7_cortexa9_0'.
18:05:24 INFO  : 'configparams force-mem-access 0' command is executed.
18:05:24 INFO  : ----------------XSDB Script----------------
connect -url tcp:127.0.0.1:3121
source C:/Users/xb2m8/Desktop/2019_FPGA_Design_Group3/Lab03/Hash_func/Hash_func.sdk/design_1_wrapper_hw_platform_0/ps7_init.tcl
targets -set -nocase -filter {name =~"APU*" && jtag_cable_name =~ "Xilinx TUL 1234-tulA"} -index 0
rst -system
after 3000
targets -set -filter {jtag_cable_name =~ "Xilinx TUL 1234-tulA" && level==0} -index 1
fpga -file C:/Users/xb2m8/Desktop/2019_FPGA_Design_Group3/Lab03/Hash_func/Hash_func.sdk/design_1_wrapper_hw_platform_0/design_1_wrapper.bit
targets -set -nocase -filter {name =~"APU*" && jtag_cable_name =~ "Xilinx TUL 1234-tulA"} -index 0
loadhw -hw C:/Users/xb2m8/Desktop/2019_FPGA_Design_Group3/Lab03/Hash_func/Hash_func.sdk/design_1_wrapper_hw_platform_0/system.hdf -mem-ranges [list {0x40000000 0xbfffffff}]
configparams force-mem-access 1
targets -set -nocase -filter {name =~"APU*" && jtag_cable_name =~ "Xilinx TUL 1234-tulA"} -index 0
ps7_init
ps7_post_config
targets -set -nocase -filter {name =~ "ARM*#0" && jtag_cable_name =~ "Xilinx TUL 1234-tulA"} -index 0
dow C:/Users/xb2m8/Desktop/2019_FPGA_Design_Group3/Lab03/Hash_func/Hash_func.sdk/hash_func/Debug/hash_func.elf
configparams force-mem-access 0
----------------End of Script----------------

18:05:24 INFO  : Context for processor 'ps7_cortexa9_0' is selected.
18:05:24 INFO  : 'con' command is executed.
18:05:24 INFO  : ----------------XSDB Script (After Launch)----------------
targets -set -nocase -filter {name =~ "ARM*#0" && jtag_cable_name =~ "Xilinx TUL 1234-tulA"} -index 0
con
----------------End of Script----------------

18:05:24 INFO  : Disconnected from the channel tcfchan#13.
