#-----------------------------------------------------------
# Webtalk v2018.3 (64-bit)
# SW Build 2405991 on Thu Dec  6 23:38:27 MST 2018
# 
# Start of session at: Sat Nov 23 14:54:21 2019
# Process ID: 19496
# Current directory: D:/Vivado/lab5_total/lab5_total.sdk/webtalk
# Command line: wbtcv.exe -mode batch -source sdk_webtalk.tcl
# Log file: D:/Vivado/lab5_total/lab5_total.sdk/webtalk/webtalk.log
# Journal file: D:/Vivado/lab5_total/lab5_total.sdk/webtalk\webtalk.jou
#-----------------------------------------------------------
source sdk_webtalk.tcl
# webtalk_init -webtalk_dir D:\\Vivado\\lab5_total\\lab5_total.sdk\\webtalk
# webtalk_register_client -client project
# webtalk_add_data -client project -key date_generated -value "2019-11-23 14:54:18" -context "software_version_and_target_device"
# webtalk_add_data -client project -key product_version -value "SDK v2018.3" -context "software_version_and_target_device"
# webtalk_add_data -client project -key build_version -value "2018.3" -context "software_version_and_target_device"
# webtalk_add_data -client project -key os_platform -value "amd64" -context "software_version_and_target_device"
# webtalk_add_data -client project -key registration_id -value "" -context "software_version_and_target_device"
# webtalk_add_data -client project -key tool_flow -value "SDK" -context "software_version_and_target_device"
# webtalk_add_data -client project -key beta -value "false" -context "software_version_and_target_device"
# webtalk_add_data -client project -key route_design -value "NA" -context "software_version_and_target_device"
# webtalk_add_data -client project -key target_family -value "NA" -context "software_version_and_target_device"
# webtalk_add_data -client project -key target_device -value "NA" -context "software_version_and_target_device"
# webtalk_add_data -client project -key target_package -value "NA" -context "software_version_and_target_device"
# webtalk_add_data -client project -key target_speed -value "NA" -context "software_version_and_target_device"
# webtalk_add_data -client project -key random_id -value "l5aj6h3c977q821tul2mm7sg92" -context "software_version_and_target_device"
# webtalk_add_data -client project -key project_id -value "2018.3_2" -context "software_version_and_target_device"
# webtalk_add_data -client project -key project_iteration -value "2" -context "software_version_and_target_device"
# webtalk_add_data -client project -key os_name -value "Microsoft Windows 8 or later , 64-bit" -context "user_environment"
# webtalk_add_data -client project -key os_release -value "major release  (build 9200)" -context "user_environment"
# webtalk_add_data -client project -key cpu_name -value "Intel(R) Core(TM) i7-6700HQ CPU @ 2.60GHz" -context "user_environment"
# webtalk_add_data -client project -key cpu_speed -value "2592 MHz" -context "user_environment"
# webtalk_add_data -client project -key total_processors -value "1" -context "user_environment"
# webtalk_add_data -client project -key system_ram -value "8.468 GB" -context "user_environment"
# webtalk_register_client -client sdk
# webtalk_add_data -client sdk -key uid -value "1574481284550" -context "sdk\\\\hardware/1574481284550"
# webtalk_add_data -client sdk -key isZynq -value "true" -context "sdk\\\\hardware/1574481284550"
# webtalk_add_data -client sdk -key isZynqMP -value "false" -context "sdk\\\\hardware/1574481284550"
# webtalk_add_data -client sdk -key Processors -value "2" -context "sdk\\\\hardware/1574481284550"
# webtalk_add_data -client sdk -key VivadoVersion -value "2018.3" -context "sdk\\\\hardware/1574481284550"
# webtalk_add_data -client sdk -key Arch -value "zynq" -context "sdk\\\\hardware/1574481284550"
# webtalk_add_data -client sdk -key Device -value "7z020" -context "sdk\\\\hardware/1574481284550"
# webtalk_add_data -client sdk -key IsHandoff -value "true" -context "sdk\\\\hardware/1574481284550"
# webtalk_add_data -client sdk -key os -value "NA" -context "sdk\\\\hardware/1574481284550"
# webtalk_add_data -client sdk -key apptemplate -value "NA" -context "sdk\\\\hardware/1574481284550"
# webtalk_add_data -client sdk -key RecordType -value "HWCreation" -context "sdk\\\\hardware/1574481284550"
# webtalk_add_data -client sdk -key uid -value "1574481403488" -context "sdk\\\\bsp/1574481403488"
# webtalk_add_data -client sdk -key hwid -value "1574481284550" -context "sdk\\\\bsp/1574481403488"
# webtalk_add_data -client sdk -key os -value "standalone" -context "sdk\\\\bsp/1574481403488"
# webtalk_add_data -client sdk -key apptemplate -value "hello_world" -context "sdk\\\\bsp/1574481403488"
# webtalk_add_data -client sdk -key RecordType -value "BSPCreation" -context "sdk\\\\bsp/1574481403488"
# webtalk_add_data -client sdk -key uid -value "1574481427616" -context "sdk\\\\application/1574481427616"
# webtalk_add_data -client sdk -key hwid -value "1574481284550" -context "sdk\\\\application/1574481427616"
# webtalk_add_data -client sdk -key bspid -value "1574481403488" -context "sdk\\\\application/1574481427616"
# webtalk_add_data -client sdk -key newbsp -value "true" -context "sdk\\\\application/1574481427616"
# webtalk_add_data -client sdk -key os -value "standalone" -context "sdk\\\\application/1574481427616"
# webtalk_add_data -client sdk -key apptemplate -value "hello_world" -context "sdk\\\\application/1574481427616"
# webtalk_add_data -client sdk -key RecordType -value "APPCreation" -context "sdk\\\\application/1574481427616"
# webtalk_add_data -client sdk -key LangUsed -value "C" -context "sdk\\\\application/1574481427616"
# webtalk_add_data -client sdk -key Procused -value "ps7_cortexa9" -context "sdk\\\\application/1574481427616"
# webtalk_add_data -client sdk -key uid -value "1574481561391" -context "sdk\\\\bsp/1574481561391"
# webtalk_add_data -client sdk -key hwid -value "1574481284550" -context "sdk\\\\bsp/1574481561391"
# webtalk_add_data -client sdk -key os -value "standalone" -context "sdk\\\\bsp/1574481561391"
# webtalk_add_data -client sdk -key apptemplate -value "empty_application" -context "sdk\\\\bsp/1574481561391"
# webtalk_add_data -client sdk -key RecordType -value "BSPCreation" -context "sdk\\\\bsp/1574481561391"
# webtalk_add_data -client sdk -key uid -value "1574481566433" -context "sdk\\\\application/1574481566433"
# webtalk_add_data -client sdk -key hwid -value "1574481284550" -context "sdk\\\\application/1574481566433"
# webtalk_add_data -client sdk -key bspid -value "1574481561391" -context "sdk\\\\application/1574481566433"
# webtalk_add_data -client sdk -key newbsp -value "true" -context "sdk\\\\application/1574481566433"
# webtalk_add_data -client sdk -key os -value "standalone" -context "sdk\\\\application/1574481566433"
# webtalk_add_data -client sdk -key apptemplate -value "empty_application" -context "sdk\\\\application/1574481566433"
# webtalk_add_data -client sdk -key RecordType -value "APPCreation" -context "sdk\\\\application/1574481566433"
# webtalk_add_data -client sdk -key LangUsed -value "C" -context "sdk\\\\application/1574481566433"
# webtalk_add_data -client sdk -key Procused -value "ps7_cortexa9" -context "sdk\\\\application/1574481566433"
# webtalk_add_data -client sdk -key projSize -value "203.18359375" -context "sdk\\\\application/1574481566433"
# webtalk_add_data -client sdk -key uid -value "NA" -context "sdk\\\\bsp/1574492058572"
# webtalk_add_data -client sdk -key RecordType -value "ToolUsage" -context "sdk\\\\bsp/1574492058572"
# webtalk_add_data -client sdk -key BootgenCount -value "0" -context "sdk\\\\bsp/1574492058572"
# webtalk_add_data -client sdk -key DebugCount -value "0" -context "sdk\\\\bsp/1574492058572"
# webtalk_add_data -client sdk -key PerfCount -value "0" -context "sdk\\\\bsp/1574492058572"
# webtalk_add_data -client sdk -key FlashCount -value "0" -context "sdk\\\\bsp/1574492058572"
# webtalk_add_data -client sdk -key CrossTriggCount -value "0" -context "sdk\\\\bsp/1574492058572"
# webtalk_add_data -client sdk -key QemuDebugCount -value "0" -context "sdk\\\\bsp/1574492058572"
# webtalk_transmit -clientid 1976230912 -regid "" -xml D:\\Vivado\\lab5_total\\lab5_total.sdk\\webtalk\\usage_statistics_ext_sdk.xml -html D:\\Vivado\\lab5_total\\lab5_total.sdk\\webtalk\\usage_statistics_ext_sdk.html -wdm D:\\Vivado\\lab5_total\\lab5_total.sdk\\webtalk\\sdk_webtalk.wdm -intro "<H3>SDK Usage Report</H3><BR>"
INFO: [Common 17-186] 'D:\Vivado\lab5_total\lab5_total.sdk\webtalk\usage_statistics_ext_sdk.xml' has been successfully sent to Xilinx on Sat Nov 23 14:54:33 2019. For additional details about this file, please refer to the WebTalk help file at D:/Xilinx/SDK/2018.3/doc/webtalk_introduction.html.
# webtalk_terminate
INFO: [Common 17-206] Exiting Webtalk at Sat Nov 23 14:54:33 2019...
