Copyright 1986-2018 Xilinx, Inc. All Rights Reserved.
------------------------------------------------------------------------------------
| Tool Version : Vivado v.2018.3 (win64) Build 2405991 Thu Dec  6 23:38:27 MST 2018
| Date         : Sat Nov 23 22:51:59 2019
| Host         : DESKTOP-57OA683 running 64-bit major release  (build 9200)
| Command      : upgrade_ip
| Device       : xc7z020clg400-1
------------------------------------------------------------------------------------

Upgrade Log for IP 'total_1_total_0_0'

1. Summary
----------

SUCCESS in the upgrade of total_1_total_0_0 (xilinx.com:user:total:1.0) from (Rev. 3) to (Rev. 4)






Copyright 1986-2018 Xilinx, Inc. All Rights Reserved.
------------------------------------------------------------------------------------
| Tool Version : Vivado v.2018.3 (win64) Build 2405991 Thu Dec  6 23:38:27 MST 2018
| Date         : Sat Nov 23 22:23:26 2019
| Host         : DESKTOP-57OA683 running 64-bit major release  (build 9200)
| Command      : upgrade_ip
| Device       : xc7z020clg400-1
------------------------------------------------------------------------------------

Upgrade Log for IP 'total_1_total_0_0'

1. Summary
----------

SUCCESS in the upgrade of total_1_total_0_0 (xilinx.com:user:total:1.0) from (Rev. 2) to (Rev. 3)

