
*** Running vivado
    with args -log design_1_parity_gen_0_0.vds -m64 -product Vivado -mode batch -messageDb vivado.pb -notrace -source design_1_parity_gen_0_0.tcl


****** Vivado v2018.3 (64-bit)
  **** SW Build 2405991 on Thu Dec  6 23:38:27 MST 2018
  **** IP Build 2404404 on Fri Dec  7 01:43:56 MST 2018
    ** Copyright 1986-2018 Xilinx, Inc. All Rights Reserved.

source design_1_parity_gen_0_0.tcl -notrace
INFO: [IP_Flow 19-234] Refreshing IP repositories
INFO: [IP_Flow 19-1700] Loaded user IP repository 'd:/FPGA/ip_repo/arithemetic_1.0'.
INFO: [IP_Flow 19-1700] Loaded user IP repository 'd:/FPGA/ip_repo/hash_1.0'.
INFO: [IP_Flow 19-1700] Loaded user IP repository 'd:/FPGA/ip_repo/parity_gen_1.0'.
INFO: [IP_Flow 19-1700] Loaded user IP repository 'd:/FPGA/ip_repo/pwm_1.0'.
INFO: [IP_Flow 19-1700] Loaded user IP repository 'd:/FPGA/ip_repo/sort_1.0'.
INFO: [IP_Flow 19-2313] Loaded Vivado IP repository 'D:/Xilinx/Vivado/2018.3/data/ip'.
Command: synth_design -top design_1_parity_gen_0_0 -part xc7z020clg400-1 -mode out_of_context
Starting synth_design
Attempting to get a license for feature 'Synthesis' and/or device 'xc7z020'
INFO: [Common 17-349] Got license for feature 'Synthesis' and/or device 'xc7z020'
INFO: Launching helper process for spawning children vivado processes
INFO: Helper process launched with PID 12360 
---------------------------------------------------------------------------------
Starting RTL Elaboration : Time (s): cpu = 00:00:07 ; elapsed = 00:00:07 . Memory (MB): peak = 395.148 ; gain = 98.914
---------------------------------------------------------------------------------
INFO: [Synth 8-6157] synthesizing module 'design_1_parity_gen_0_0' [d:/FPGA/LAB04_HW/LAB04_HW.srcs/sources_1/bd/design_1/ip/design_1_parity_gen_0_0/synth/design_1_parity_gen_0_0.v:57]
INFO: [Synth 8-6157] synthesizing module 'parity_gen_v1_0' [d:/FPGA/LAB04_HW/LAB04_HW.srcs/sources_1/bd/design_1/ipshared/720c/hdl/parity_gen_v1_0.v:4]
	Parameter C_S00_AXI_DATA_WIDTH bound to: 32 - type: integer 
	Parameter C_S00_AXI_ADDR_WIDTH bound to: 4 - type: integer 
INFO: [Synth 8-6157] synthesizing module 'parity_gen_v1_0_S00_AXI' [d:/FPGA/LAB04_HW/LAB04_HW.srcs/sources_1/bd/design_1/ipshared/720c/hdl/parity_gen_v1_0_S00_AXI.v:4]
	Parameter C_S_AXI_DATA_WIDTH bound to: 32 - type: integer 
	Parameter C_S_AXI_ADDR_WIDTH bound to: 4 - type: integer 
	Parameter ADDR_LSB bound to: 2 - type: integer 
	Parameter OPT_MEM_ADDR_BITS bound to: 1 - type: integer 
INFO: [Synth 8-226] default block is never used [d:/FPGA/LAB04_HW/LAB04_HW.srcs/sources_1/bd/design_1/ipshared/720c/hdl/parity_gen_v1_0_S00_AXI.v:231]
INFO: [Synth 8-226] default block is never used [d:/FPGA/LAB04_HW/LAB04_HW.srcs/sources_1/bd/design_1/ipshared/720c/hdl/parity_gen_v1_0_S00_AXI.v:372]
INFO: [Synth 8-6157] synthesizing module 'parity_gen' [d:/FPGA/LAB04_HW/LAB04_HW.srcs/sources_1/bd/design_1/ipshared/720c/parity_gen.v:2]
INFO: [Synth 8-6155] done synthesizing module 'parity_gen' (1#1) [d:/FPGA/LAB04_HW/LAB04_HW.srcs/sources_1/bd/design_1/ipshared/720c/parity_gen.v:2]
WARNING: [Synth 8-6014] Unused sequential element slv_reg1_reg was removed.  [d:/FPGA/LAB04_HW/LAB04_HW.srcs/sources_1/bd/design_1/ipshared/720c/hdl/parity_gen_v1_0_S00_AXI.v:224]
INFO: [Synth 8-6155] done synthesizing module 'parity_gen_v1_0_S00_AXI' (2#1) [d:/FPGA/LAB04_HW/LAB04_HW.srcs/sources_1/bd/design_1/ipshared/720c/hdl/parity_gen_v1_0_S00_AXI.v:4]
WARNING: [Synth 8-350] instance 'parity_gen_v1_0_S00_AXI_inst' of module 'parity_gen_v1_0_S00_AXI' requires 22 connections, but only 21 given [d:/FPGA/LAB04_HW/LAB04_HW.srcs/sources_1/bd/design_1/ipshared/720c/hdl/parity_gen_v1_0.v:50]
INFO: [Synth 8-6155] done synthesizing module 'parity_gen_v1_0' (3#1) [d:/FPGA/LAB04_HW/LAB04_HW.srcs/sources_1/bd/design_1/ipshared/720c/hdl/parity_gen_v1_0.v:4]
INFO: [Synth 8-6155] done synthesizing module 'design_1_parity_gen_0_0' (4#1) [d:/FPGA/LAB04_HW/LAB04_HW.srcs/sources_1/bd/design_1/ip/design_1_parity_gen_0_0/synth/design_1_parity_gen_0_0.v:57]
WARNING: [Synth 8-3331] design parity_gen_v1_0_S00_AXI has unconnected port S_AXI_AWPROT[2]
WARNING: [Synth 8-3331] design parity_gen_v1_0_S00_AXI has unconnected port S_AXI_AWPROT[1]
WARNING: [Synth 8-3331] design parity_gen_v1_0_S00_AXI has unconnected port S_AXI_AWPROT[0]
WARNING: [Synth 8-3331] design parity_gen_v1_0_S00_AXI has unconnected port S_AXI_ARPROT[2]
WARNING: [Synth 8-3331] design parity_gen_v1_0_S00_AXI has unconnected port S_AXI_ARPROT[1]
WARNING: [Synth 8-3331] design parity_gen_v1_0_S00_AXI has unconnected port S_AXI_ARPROT[0]
---------------------------------------------------------------------------------
Finished RTL Elaboration : Time (s): cpu = 00:00:09 ; elapsed = 00:00:10 . Memory (MB): peak = 451.594 ; gain = 155.359
---------------------------------------------------------------------------------

Report Check Netlist: 
+------+------------------+-------+---------+-------+------------------+
|      |Item              |Errors |Warnings |Status |Description       |
+------+------------------+-------+---------+-------+------------------+
|1     |multi_driven_nets |      0|        0|Passed |Multi driven nets |
+------+------------------+-------+---------+-------+------------------+
---------------------------------------------------------------------------------
Start Handling Custom Attributes
---------------------------------------------------------------------------------
---------------------------------------------------------------------------------
Finished Handling Custom Attributes : Time (s): cpu = 00:00:09 ; elapsed = 00:00:11 . Memory (MB): peak = 451.594 ; gain = 155.359
---------------------------------------------------------------------------------
---------------------------------------------------------------------------------
Finished RTL Optimization Phase 1 : Time (s): cpu = 00:00:09 ; elapsed = 00:00:11 . Memory (MB): peak = 451.594 ; gain = 155.359
---------------------------------------------------------------------------------
INFO: [Device 21-403] Loading part xc7z020clg400-1
INFO: [Project 1-570] Preparing netlist for logic optimization

Processing XDC Constraints
Initializing timing engine
Completed Processing XDC Constraints

Netlist sorting complete. Time (s): cpu = 00:00:00 ; elapsed = 00:00:00 . Memory (MB): peak = 790.578 ; gain = 0.000
INFO: [Project 1-111] Unisim Transformation Summary:
No Unisim elements were transformed.

Netlist sorting complete. Time (s): cpu = 00:00:00 ; elapsed = 00:00:00.001 . Memory (MB): peak = 790.578 ; gain = 0.000
WARNING: [Constraints 18-5210] No constraints selected for write.
Resolution: This message can indicate that there are no constraints for the design, or it can indicate that the used_in flags are set such that the constraints are ignored. This later case is used when running synth_design to not write synthesis constraints to the resulting checkpoint. Instead, project constraints are read when the synthesized design is opened.
Constraint Validation Runtime : Time (s): cpu = 00:00:00 ; elapsed = 00:00:00.350 . Memory (MB): peak = 792.691 ; gain = 2.113
---------------------------------------------------------------------------------
Finished Constraint Validation : Time (s): cpu = 00:00:26 ; elapsed = 00:00:32 . Memory (MB): peak = 792.691 ; gain = 496.457
---------------------------------------------------------------------------------
---------------------------------------------------------------------------------
Start Loading Part and Timing Information
---------------------------------------------------------------------------------
Loading part: xc7z020clg400-1
---------------------------------------------------------------------------------
Finished Loading Part and Timing Information : Time (s): cpu = 00:00:26 ; elapsed = 00:00:32 . Memory (MB): peak = 792.691 ; gain = 496.457
---------------------------------------------------------------------------------
---------------------------------------------------------------------------------
Start Applying 'set_property' XDC Constraints
---------------------------------------------------------------------------------
---------------------------------------------------------------------------------
Finished applying 'set_property' XDC Constraints : Time (s): cpu = 00:00:26 ; elapsed = 00:00:32 . Memory (MB): peak = 792.691 ; gain = 496.457
---------------------------------------------------------------------------------
---------------------------------------------------------------------------------
Finished RTL Optimization Phase 2 : Time (s): cpu = 00:00:26 ; elapsed = 00:00:33 . Memory (MB): peak = 792.691 ; gain = 496.457
---------------------------------------------------------------------------------

Report RTL Partitions: 
+-+--------------+------------+----------+
| |RTL Partition |Replication |Instances |
+-+--------------+------------+----------+
+-+--------------+------------+----------+
---------------------------------------------------------------------------------
Start RTL Component Statistics 
---------------------------------------------------------------------------------
Detailed RTL Component Info : 
+---XORs : 
	  32 Input      1 Bit         XORs := 1     
+---Registers : 
	               32 Bit    Registers := 4     
	                4 Bit    Registers := 2     
	                2 Bit    Registers := 2     
	                1 Bit    Registers := 6     
+---Muxes : 
	   2 Input     32 Bit        Muxes := 3     
	   4 Input     32 Bit        Muxes := 4     
	   2 Input      1 Bit        Muxes := 5     
---------------------------------------------------------------------------------
Finished RTL Component Statistics 
---------------------------------------------------------------------------------
---------------------------------------------------------------------------------
Start RTL Hierarchical Component Statistics 
---------------------------------------------------------------------------------
Hierarchical RTL Component report 
Module parity_gen 
Detailed RTL Component Info : 
+---XORs : 
	  32 Input      1 Bit         XORs := 1     
Module parity_gen_v1_0_S00_AXI 
Detailed RTL Component Info : 
+---Registers : 
	               32 Bit    Registers := 4     
	                4 Bit    Registers := 2     
	                2 Bit    Registers := 2     
	                1 Bit    Registers := 6     
+---Muxes : 
	   2 Input     32 Bit        Muxes := 3     
	   4 Input     32 Bit        Muxes := 4     
	   2 Input      1 Bit        Muxes := 5     
---------------------------------------------------------------------------------
Finished RTL Hierarchical Component Statistics
---------------------------------------------------------------------------------
---------------------------------------------------------------------------------
Start Part Resource Summary
---------------------------------------------------------------------------------
Part Resources:
DSPs: 220 (col length:60)
BRAMs: 280 (col length: RAMB18 60 RAMB36 30)
---------------------------------------------------------------------------------
Finished Part Resource Summary
---------------------------------------------------------------------------------
---------------------------------------------------------------------------------
Start Cross Boundary and Area Optimization
---------------------------------------------------------------------------------
Warning: Parallel synthesis criteria is not met 
WARNING: [Synth 8-3331] design design_1_parity_gen_0_0 has unconnected port s00_axi_awprot[2]
WARNING: [Synth 8-3331] design design_1_parity_gen_0_0 has unconnected port s00_axi_awprot[1]
WARNING: [Synth 8-3331] design design_1_parity_gen_0_0 has unconnected port s00_axi_awprot[0]
WARNING: [Synth 8-3331] design design_1_parity_gen_0_0 has unconnected port s00_axi_arprot[2]
WARNING: [Synth 8-3331] design design_1_parity_gen_0_0 has unconnected port s00_axi_arprot[1]
WARNING: [Synth 8-3331] design design_1_parity_gen_0_0 has unconnected port s00_axi_arprot[0]
INFO: [Synth 8-3886] merging instance 'inst/parity_gen_v1_0_S00_AXI_inst/axi_rresp_reg[0]' (FDRE) to 'inst/parity_gen_v1_0_S00_AXI_inst/axi_rresp_reg[1]'
INFO: [Synth 8-3333] propagating constant 0 across sequential element (\inst/parity_gen_v1_0_S00_AXI_inst/axi_rresp_reg[1] )
INFO: [Synth 8-3886] merging instance 'inst/parity_gen_v1_0_S00_AXI_inst/axi_bresp_reg[0]' (FDRE) to 'inst/parity_gen_v1_0_S00_AXI_inst/axi_bresp_reg[1]'
INFO: [Synth 8-3333] propagating constant 0 across sequential element (\inst/parity_gen_v1_0_S00_AXI_inst/axi_bresp_reg[1] )
---------------------------------------------------------------------------------
Finished Cross Boundary and Area Optimization : Time (s): cpu = 00:00:28 ; elapsed = 00:00:36 . Memory (MB): peak = 792.691 ; gain = 496.457
---------------------------------------------------------------------------------

Report RTL Partitions: 
+-+--------------+------------+----------+
| |RTL Partition |Replication |Instances |
+-+--------------+------------+----------+
+-+--------------+------------+----------+
---------------------------------------------------------------------------------
Start Applying XDC Timing Constraints
---------------------------------------------------------------------------------
---------------------------------------------------------------------------------
Finished Applying XDC Timing Constraints : Time (s): cpu = 00:00:47 ; elapsed = 00:00:56 . Memory (MB): peak = 801.199 ; gain = 504.965
---------------------------------------------------------------------------------
---------------------------------------------------------------------------------
Start Timing Optimization
---------------------------------------------------------------------------------
---------------------------------------------------------------------------------
Finished Timing Optimization : Time (s): cpu = 00:00:47 ; elapsed = 00:00:56 . Memory (MB): peak = 801.352 ; gain = 505.117
---------------------------------------------------------------------------------

Report RTL Partitions: 
+-+--------------+------------+----------+
| |RTL Partition |Replication |Instances |
+-+--------------+------------+----------+
+-+--------------+------------+----------+
---------------------------------------------------------------------------------
Start Technology Mapping
---------------------------------------------------------------------------------
---------------------------------------------------------------------------------
Finished Technology Mapping : Time (s): cpu = 00:00:47 ; elapsed = 00:00:56 . Memory (MB): peak = 811.578 ; gain = 515.344
---------------------------------------------------------------------------------

Report RTL Partitions: 
+-+--------------+------------+----------+
| |RTL Partition |Replication |Instances |
+-+--------------+------------+----------+
+-+--------------+------------+----------+
---------------------------------------------------------------------------------
Start IO Insertion
---------------------------------------------------------------------------------
---------------------------------------------------------------------------------
Start Flattening Before IO Insertion
---------------------------------------------------------------------------------
---------------------------------------------------------------------------------
Finished Flattening Before IO Insertion
---------------------------------------------------------------------------------
---------------------------------------------------------------------------------
Start Final Netlist Cleanup
---------------------------------------------------------------------------------
---------------------------------------------------------------------------------
Finished Final Netlist Cleanup
---------------------------------------------------------------------------------
---------------------------------------------------------------------------------
Finished IO Insertion : Time (s): cpu = 00:00:50 ; elapsed = 00:01:00 . Memory (MB): peak = 811.578 ; gain = 515.344
---------------------------------------------------------------------------------

Report Check Netlist: 
+------+------------------+-------+---------+-------+------------------+
|      |Item              |Errors |Warnings |Status |Description       |
+------+------------------+-------+---------+-------+------------------+
|1     |multi_driven_nets |      0|        0|Passed |Multi driven nets |
+------+------------------+-------+---------+-------+------------------+
---------------------------------------------------------------------------------
Start Renaming Generated Instances
---------------------------------------------------------------------------------
---------------------------------------------------------------------------------
Finished Renaming Generated Instances : Time (s): cpu = 00:00:50 ; elapsed = 00:01:00 . Memory (MB): peak = 811.578 ; gain = 515.344
---------------------------------------------------------------------------------

Report RTL Partitions: 
+-+--------------+------------+----------+
| |RTL Partition |Replication |Instances |
+-+--------------+------------+----------+
+-+--------------+------------+----------+
---------------------------------------------------------------------------------
Start Rebuilding User Hierarchy
---------------------------------------------------------------------------------
---------------------------------------------------------------------------------
Finished Rebuilding User Hierarchy : Time (s): cpu = 00:00:50 ; elapsed = 00:01:00 . Memory (MB): peak = 811.578 ; gain = 515.344
---------------------------------------------------------------------------------
---------------------------------------------------------------------------------
Start Renaming Generated Ports
---------------------------------------------------------------------------------
---------------------------------------------------------------------------------
Finished Renaming Generated Ports : Time (s): cpu = 00:00:50 ; elapsed = 00:01:00 . Memory (MB): peak = 811.578 ; gain = 515.344
---------------------------------------------------------------------------------
---------------------------------------------------------------------------------
Start Handling Custom Attributes
---------------------------------------------------------------------------------
---------------------------------------------------------------------------------
Finished Handling Custom Attributes : Time (s): cpu = 00:00:50 ; elapsed = 00:01:00 . Memory (MB): peak = 811.578 ; gain = 515.344
---------------------------------------------------------------------------------
---------------------------------------------------------------------------------
Start Renaming Generated Nets
---------------------------------------------------------------------------------
---------------------------------------------------------------------------------
Finished Renaming Generated Nets : Time (s): cpu = 00:00:50 ; elapsed = 00:01:00 . Memory (MB): peak = 811.578 ; gain = 515.344
---------------------------------------------------------------------------------
---------------------------------------------------------------------------------
Start Writing Synthesis Report
---------------------------------------------------------------------------------

Report BlackBoxes: 
+-+--------------+----------+
| |BlackBox name |Instances |
+-+--------------+----------+
+-+--------------+----------+

Report Cell Usage: 
+------+-----+------+
|      |Cell |Count |
+------+-----+------+
|1     |LUT1 |     1|
|2     |LUT2 |     1|
|3     |LUT3 |     2|
|4     |LUT4 |    28|
|5     |LUT5 |    31|
|6     |LUT6 |     5|
|7     |FDRE |   137|
|8     |FDSE |     1|
+------+-----+------+

Report Instance Areas: 
+------+---------------------------------+------------------------+------+
|      |Instance                         |Module                  |Cells |
+------+---------------------------------+------------------------+------+
|1     |top                              |                        |   206|
|2     |  inst                           |parity_gen_v1_0         |   206|
|3     |    parity_gen_v1_0_S00_AXI_inst |parity_gen_v1_0_S00_AXI |   206|
+------+---------------------------------+------------------------+------+
---------------------------------------------------------------------------------
Finished Writing Synthesis Report : Time (s): cpu = 00:00:50 ; elapsed = 00:01:00 . Memory (MB): peak = 811.578 ; gain = 515.344
---------------------------------------------------------------------------------
Synthesis finished with 0 errors, 0 critical warnings and 6 warnings.
Synthesis Optimization Runtime : Time (s): cpu = 00:00:30 ; elapsed = 00:00:44 . Memory (MB): peak = 811.578 ; gain = 174.246
Synthesis Optimization Complete : Time (s): cpu = 00:00:51 ; elapsed = 00:01:00 . Memory (MB): peak = 811.578 ; gain = 515.344
INFO: [Project 1-571] Translating synthesized netlist
INFO: [Project 1-570] Preparing netlist for logic optimization
INFO: [Opt 31-138] Pushed 0 inverter(s) to 0 load pin(s).
Netlist sorting complete. Time (s): cpu = 00:00:00 ; elapsed = 00:00:00 . Memory (MB): peak = 828.230 ; gain = 0.000
INFO: [Project 1-111] Unisim Transformation Summary:
No Unisim elements were transformed.

INFO: [Common 17-83] Releasing license: Synthesis
30 Infos, 15 Warnings, 0 Critical Warnings and 0 Errors encountered.
synth_design completed successfully
synth_design: Time (s): cpu = 00:00:54 ; elapsed = 00:01:06 . Memory (MB): peak = 828.230 ; gain = 539.914
Netlist sorting complete. Time (s): cpu = 00:00:00 ; elapsed = 00:00:00 . Memory (MB): peak = 828.230 ; gain = 0.000
WARNING: [Constraints 18-5210] No constraints selected for write.
Resolution: This message can indicate that there are no constraints for the design, or it can indicate that the used_in flags are set such that the constraints are ignored. This later case is used when running synth_design to not write synthesis constraints to the resulting checkpoint. Instead, project constraints are read when the synthesized design is opened.
INFO: [Common 17-1381] The checkpoint 'D:/FPGA/LAB04_HW/LAB04_HW.runs/design_1_parity_gen_0_0_synth_1/design_1_parity_gen_0_0.dcp' has been generated.
INFO: [Coretcl 2-1648] Added synthesis output to IP cache for IP design_1_parity_gen_0_0, cache-ID = 98786e388f9bdccd
INFO: [Coretcl 2-1174] Renamed 2 cell refs.
Netlist sorting complete. Time (s): cpu = 00:00:00 ; elapsed = 00:00:00 . Memory (MB): peak = 828.230 ; gain = 0.000
WARNING: [Constraints 18-5210] No constraints selected for write.
Resolution: This message can indicate that there are no constraints for the design, or it can indicate that the used_in flags are set such that the constraints are ignored. This later case is used when running synth_design to not write synthesis constraints to the resulting checkpoint. Instead, project constraints are read when the synthesized design is opened.
INFO: [Common 17-1381] The checkpoint 'D:/FPGA/LAB04_HW/LAB04_HW.runs/design_1_parity_gen_0_0_synth_1/design_1_parity_gen_0_0.dcp' has been generated.
INFO: [runtcl-4] Executing : report_utilization -file design_1_parity_gen_0_0_utilization_synth.rpt -pb design_1_parity_gen_0_0_utilization_synth.pb
INFO: [Common 17-206] Exiting Vivado at Fri Oct 25 22:54:00 2019...
