#-----------------------------------------------------------
# Vivado v2018.3 (64-bit)
# SW Build 2405991 on Thu Dec  6 23:38:27 MST 2018
# IP Build 2404404 on Fri Dec  7 01:43:56 MST 2018
# Start of session at: Fri Oct 11 17:04:31 2019
# Process ID: 4588
# Current directory: D:/Vivado/hw2_1
# Command line: vivado.exe -gui_launcher_event rodinguilauncherevent8988 D:\Vivado\hw2_1\hw2_1.xpr
# Log file: D:/Vivado/hw2_1/vivado.log
# Journal file: D:/Vivado/hw2_1\vivado.jou
#-----------------------------------------------------------
start_gui
open_project D:/Vivado/hw2_1/hw2_1.xpr
Scanning sources...
Finished scanning sources
INFO: [IP_Flow 19-234] Refreshing IP repositories
INFO: [IP_Flow 19-1700] Loaded user IP repository 'd:/Vivado/hw2_PWM'.
INFO: [IP_Flow 19-1700] Loaded user IP repository 'd:/Vivado/hw2_RGB'.
INFO: [IP_Flow 19-2313] Loaded Vivado IP repository 'D:/Xilinx/Vivado/2018.3/data/ip'.
open_project: Time (s): cpu = 00:00:29 ; elapsed = 00:00:13 . Memory (MB): peak = 702.582 ; gain = 127.602
update_compile_order -fileset sources_1
open_bd_design {D:/Vivado/hw2_1/hw2_1.srcs/sources_1/bd/design_1/design_1.bd}
Adding cell -- xilinx.com:user:PWM_Decoder:1.0 - PWM_Decoder_0
Adding cell -- xilinx.com:user:RGB_LED:1.0 - RGB_LED_0
Successfully read diagram <design_1> from BD file <D:/Vivado/hw2_1/hw2_1.srcs/sources_1/bd/design_1/design_1.bd>
open_bd_design: Time (s): cpu = 00:00:17 ; elapsed = 00:00:14 . Memory (MB): peak = 866.258 ; gain = 92.652
exit
INFO: [Common 17-206] Exiting Vivado at Fri Oct 11 17:05:55 2019...
