16:26:30 **** Build of project hash_func_bsp ****
make -k all 
"Running Make include in ps7_cortexa9_0/libsrc/coresightps_dcc_v1_4/src"
make -C ps7_cortexa9_0/libsrc/coresightps_dcc_v1_4/src -s include  "SHELL=CMD" "COMPILER=arm-none-eabi-gcc" "ARCHIVER=arm-none-eabi-ar" "COMPILER_FLAGS=  -O2 -c" "EXTRA_COMPILER_FLAGS=-mcpu=cortex-a9 -mfpu=vfpv3 -mfloat-abi=hard -nostartfiles -g -Wall -Wextra"
"Running Make include in ps7_cortexa9_0/libsrc/cpu_cortexa9_v2_7/src"
make -C ps7_cortexa9_0/libsrc/cpu_cortexa9_v2_7/src -s include  "SHELL=CMD" "COMPILER=arm-none-eabi-gcc" "ARCHIVER=arm-none-eabi-ar" "COMPILER_FLAGS=  -O2 -c" "EXTRA_COMPILER_FLAGS=-mcpu=cortex-a9 -mfpu=vfpv3 -mfloat-abi=hard -nostartfiles -g -Wall -Wextra"
"Running Make include in ps7_cortexa9_0/libsrc/ddrps_v1_0/src"
make -C ps7_cortexa9_0/libsrc/ddrps_v1_0/src -s include  "SHELL=CMD" "COMPILER=arm-none-eabi-gcc" "ARCHIVER=arm-none-eabi-ar" "COMPILER_FLAGS=  -O2 -c" "EXTRA_COMPILER_FLAGS=-mcpu=cortex-a9 -mfpu=vfpv3 -mfloat-abi=hard -nostartfiles -g -Wall -Wextra"
"Running Make include in ps7_cortexa9_0/libsrc/devcfg_v3_5/src"
make -C ps7_cortexa9_0/libsrc/devcfg_v3_5/src -s include  "SHELL=CMD" "COMPILER=arm-none-eabi-gcc" "ARCHIVER=arm-none-eabi-ar" "COMPILER_FLAGS=  -O2 -c" "EXTRA_COMPILER_FLAGS=-mcpu=cortex-a9 -mfpu=vfpv3 -mfloat-abi=hard -nostartfiles -g -Wall -Wextra"
"Running Make include in ps7_cortexa9_0/libsrc/dmaps_v2_4/src"
make -C ps7_cortexa9_0/libsrc/dmaps_v2_4/src -s include  "SHELL=CMD" "COMPILER=arm-none-eabi-gcc" "ARCHIVER=arm-none-eabi-ar" "COMPILER_FLAGS=  -O2 -c" "EXTRA_COMPILER_FLAGS=-mcpu=cortex-a9 -mfpu=vfpv3 -mfloat-abi=hard -nostartfiles -g -Wall -Wextra"
"Running Make include in ps7_cortexa9_0/libsrc/emacps_v3_8/src"
make -C ps7_cortexa9_0/libsrc/emacps_v3_8/src -s include  "SHELL=CMD" "COMPILER=arm-none-eabi-gcc" "ARCHIVER=arm-none-eabi-ar" "COMPILER_FLAGS=  -O2 -c" "EXTRA_COMPILER_FLAGS=-mcpu=cortex-a9 -mfpu=vfpv3 -mfloat-abi=hard -nostartfiles -g -Wall -Wextra"
"Running Make include in ps7_cortexa9_0/libsrc/gpiops_v3_4/src"
make -C ps7_cortexa9_0/libsrc/gpiops_v3_4/src -s include  "SHELL=CMD" "COMPILER=arm-none-eabi-gcc" "ARCHIVER=arm-none-eabi-ar" "COMPILER_FLAGS=  -O2 -c" "EXTRA_COMPILER_FLAGS=-mcpu=cortex-a9 -mfpu=vfpv3 -mfloat-abi=hard -nostartfiles -g -Wall -Wextra"
"Running Make include in ps7_cortexa9_0/libsrc/gpio_v4_3/src"
make -C ps7_cortexa9_0/libsrc/gpio_v4_3/src -s include  "SHELL=CMD" "COMPILER=arm-none-eabi-gcc" "ARCHIVER=arm-none-eabi-ar" "COMPILER_FLAGS=  -O2 -c" "EXTRA_COMPILER_FLAGS=-mcpu=cortex-a9 -mfpu=vfpv3 -mfloat-abi=hard -nostartfiles -g -Wall -Wextra"
"Running Make include in ps7_cortexa9_0/libsrc/qspips_v3_5/src"
make -C ps7_cortexa9_0/libsrc/qspips_v3_5/src -s include  "SHELL=CMD" "COMPILER=arm-none-eabi-gcc" "ARCHIVER=arm-none-eabi-ar" "COMPILER_FLAGS=  -O2 -c" "EXTRA_COMPILER_FLAGS=-mcpu=cortex-a9 -mfpu=vfpv3 -mfloat-abi=hard -nostartfiles -g -Wall -Wextra"
"Running Make include in ps7_cortexa9_0/libsrc/scugic_v3_10/src"
make -C ps7_cortexa9_0/libsrc/scugic_v3_10/src -s include  "SHELL=CMD" "COMPILER=arm-none-eabi-gcc" "ARCHIVER=arm-none-eabi-ar" "COMPILER_FLAGS=  -O2 -c" "EXTRA_COMPILER_FLAGS=-mcpu=cortex-a9 -mfpu=vfpv3 -mfloat-abi=hard -nostartfiles -g -Wall -Wextra"
"Running Make include in ps7_cortexa9_0/libsrc/scutimer_v2_1/src"
make -C ps7_cortexa9_0/libsrc/scutimer_v2_1/src -s include  "SHELL=CMD" "COMPILER=arm-none-eabi-gcc" "ARCHIVER=arm-none-eabi-ar" "COMPILER_FLAGS=  -O2 -c" "EXTRA_COMPILER_FLAGS=-mcpu=cortex-a9 -mfpu=vfpv3 -mfloat-abi=hard -nostartfiles -g -Wall -Wextra"
"Running Make include in ps7_cortexa9_0/libsrc/scuwdt_v2_1/src"
make -C ps7_cortexa9_0/libsrc/scuwdt_v2_1/src -s include  "SHELL=CMD" "COMPILER=arm-none-eabi-gcc" "ARCHIVER=arm-none-eabi-ar" "COMPILER_FLAGS=  -O2 -c" "EXTRA_COMPILER_FLAGS=-mcpu=cortex-a9 -mfpu=vfpv3 -mfloat-abi=hard -nostartfiles -g -Wall -Wextra"
"Running Make include in ps7_cortexa9_0/libsrc/sdps_v3_6/src"
make -C ps7_cortexa9_0/libsrc/sdps_v3_6/src -s include  "SHELL=CMD" "COMPILER=arm-none-eabi-gcc" "ARCHIVER=arm-none-eabi-ar" "COMPILER_FLAGS=  -O2 -c" "EXTRA_COMPILER_FLAGS=-mcpu=cortex-a9 -mfpu=vfpv3 -mfloat-abi=hard -nostartfiles -g -Wall -Wextra"
"Running Make include in ps7_cortexa9_0/libsrc/standalone_v6_8/src"
make -C ps7_cortexa9_0/libsrc/standalone_v6_8/src -s include  "SHELL=CMD" "COMPILER=arm-none-eabi-gcc" "ARCHIVER=arm-none-eabi-ar" "COMPILER_FLAGS=  -O2 -c" "EXTRA_COMPILER_FLAGS=-mcpu=cortex-a9 -mfpu=vfpv3 -mfloat-abi=hard -nostartfiles -g -Wall -Wextra"
"Running Make include in ps7_cortexa9_0/libsrc/uartps_v3_7/src"
make -C ps7_cortexa9_0/libsrc/uartps_v3_7/src -s include  "SHELL=CMD" "COMPILER=arm-none-eabi-gcc" "ARCHIVER=arm-none-eabi-ar" "COMPILER_FLAGS=  -O2 -c" "EXTRA_COMPILER_FLAGS=-mcpu=cortex-a9 -mfpu=vfpv3 -mfloat-abi=hard -nostartfiles -g -Wall -Wextra"
"Running Make include in ps7_cortexa9_0/libsrc/usbps_v2_4/src"
make -C ps7_cortexa9_0/libsrc/usbps_v2_4/src -s include  "SHELL=CMD" "COMPILER=arm-none-eabi-gcc" "ARCHIVER=arm-none-eabi-ar" "COMPILER_FLAGS=  -O2 -c" "EXTRA_COMPILER_FLAGS=-mcpu=cortex-a9 -mfpu=vfpv3 -mfloat-abi=hard -nostartfiles -g -Wall -Wextra"
"Running Make include in ps7_cortexa9_0/libsrc/xadcps_v2_3/src"
make -C ps7_cortexa9_0/libsrc/xadcps_v2_3/src -s include  "SHELL=CMD" "COMPILER=arm-none-eabi-gcc" "ARCHIVER=arm-none-eabi-ar" "COMPILER_FLAGS=  -O2 -c" "EXTRA_COMPILER_FLAGS=-mcpu=cortex-a9 -mfpu=vfpv3 -mfloat-abi=hard -nostartfiles -g -Wall -Wextra"
"Running Make libs in ps7_cortexa9_0/libsrc/coresightps_dcc_v1_4/src"
make -C ps7_cortexa9_0/libsrc/coresightps_dcc_v1_4/src -s libs  "SHELL=CMD" "COMPILER=arm-none-eabi-gcc" "ARCHIVER=arm-none-eabi-ar" "COMPILER_FLAGS=  -O2 -c" "EXTRA_COMPILER_FLAGS=-mcpu=cortex-a9 -mfpu=vfpv3 -mfloat-abi=hard -nostartfiles -g -Wall -Wextra"
"Compiling coresightps_dcc"
arm-none-eabi-ar: creating ../../../lib/libxil.a
"Running Make libs in ps7_cortexa9_0/libsrc/cpu_cortexa9_v2_7/src"
make -C ps7_cortexa9_0/libsrc/cpu_cortexa9_v2_7/src -s libs  "SHELL=CMD" "COMPILER=arm-none-eabi-gcc" "ARCHIVER=arm-none-eabi-ar" "COMPILER_FLAGS=  -O2 -c" "EXTRA_COMPILER_FLAGS=-mcpu=cortex-a9 -mfpu=vfpv3 -mfloat-abi=hard -nostartfiles -g -Wall -Wextra"
"Compiling cpu_cortexa9"
"Running Make libs in ps7_cortexa9_0/libsrc/ddrps_v1_0/src"
make -C ps7_cortexa9_0/libsrc/ddrps_v1_0/src -s libs  "SHELL=CMD" "COMPILER=arm-none-eabi-gcc" "ARCHIVER=arm-none-eabi-ar" "COMPILER_FLAGS=  -O2 -c" "EXTRA_COMPILER_FLAGS=-mcpu=cortex-a9 -mfpu=vfpv3 -mfloat-abi=hard -nostartfiles -g -Wall -Wextra"
"Compiling ddrps"
"Running Make libs in ps7_cortexa9_0/libsrc/devcfg_v3_5/src"
make -C ps7_cortexa9_0/libsrc/devcfg_v3_5/src -s libs  "SHELL=CMD" "COMPILER=arm-none-eabi-gcc" "ARCHIVER=arm-none-eabi-ar" "COMPILER_FLAGS=  -O2 -c" "EXTRA_COMPILER_FLAGS=-mcpu=cortex-a9 -mfpu=vfpv3 -mfloat-abi=hard -nostartfiles -g -Wall -Wextra"
"Compiling devcfg"
"Running Make libs in ps7_cortexa9_0/libsrc/dmaps_v2_4/src"
make -C ps7_cortexa9_0/libsrc/dmaps_v2_4/src -s libs  "SHELL=CMD" "COMPILER=arm-none-eabi-gcc" "ARCHIVER=arm-none-eabi-ar" "COMPILER_FLAGS=  -O2 -c" "EXTRA_COMPILER_FLAGS=-mcpu=cortex-a9 -mfpu=vfpv3 -mfloat-abi=hard -nostartfiles -g -Wall -Wextra"
"Compiling dmaps"
"Running Make libs in ps7_cortexa9_0/libsrc/emacps_v3_8/src"
make -C ps7_cortexa9_0/libsrc/emacps_v3_8/src -s libs  "SHELL=CMD" "COMPILER=arm-none-eabi-gcc" "ARCHIVER=arm-none-eabi-ar" "COMPILER_FLAGS=  -O2 -c" "EXTRA_COMPILER_FLAGS=-mcpu=cortex-a9 -mfpu=vfpv3 -mfloat-abi=hard -nostartfiles -g -Wall -Wextra"
"Compiling emacps"
"Running Make libs in ps7_cortexa9_0/libsrc/gpiops_v3_4/src"
make -C ps7_cortexa9_0/libsrc/gpiops_v3_4/src -s libs  "SHELL=CMD" "COMPILER=arm-none-eabi-gcc" "ARCHIVER=arm-none-eabi-ar" "COMPILER_FLAGS=  -O2 -c" "EXTRA_COMPILER_FLAGS=-mcpu=cortex-a9 -mfpu=vfpv3 -mfloat-abi=hard -nostartfiles -g -Wall -Wextra"
"Compiling gpiops"
"Running Make libs in ps7_cortexa9_0/libsrc/gpio_v4_3/src"
make -C ps7_cortexa9_0/libsrc/gpio_v4_3/src -s libs  "SHELL=CMD" "COMPILER=arm-none-eabi-gcc" "ARCHIVER=arm-none-eabi-ar" "COMPILER_FLAGS=  -O2 -c" "EXTRA_COMPILER_FLAGS=-mcpu=cortex-a9 -mfpu=vfpv3 -mfloat-abi=hard -nostartfiles -g -Wall -Wextra"
"Compiling gpio"
"Running Make libs in ps7_cortexa9_0/libsrc/qspips_v3_5/src"
make -C ps7_cortexa9_0/libsrc/qspips_v3_5/src -s libs  "SHELL=CMD" "COMPILER=arm-none-eabi-gcc" "ARCHIVER=arm-none-eabi-ar" "COMPILER_FLAGS=  -O2 -c" "EXTRA_COMPILER_FLAGS=-mcpu=cortex-a9 -mfpu=vfpv3 -mfloat-abi=hard -nostartfiles -g -Wall -Wextra"
"Compiling qspips"
"Running Make libs in ps7_cortexa9_0/libsrc/scugic_v3_10/src"
make -C ps7_cortexa9_0/libsrc/scugic_v3_10/src -s libs  "SHELL=CMD" "COMPILER=arm-none-eabi-gcc" "ARCHIVER=arm-none-eabi-ar" "COMPILER_FLAGS=  -O2 -c" "EXTRA_COMPILER_FLAGS=-mcpu=cortex-a9 -mfpu=vfpv3 -mfloat-abi=hard -nostartfiles -g -Wall -Wextra"
"Compiling scugic"
"Running Make libs in ps7_cortexa9_0/libsrc/scutimer_v2_1/src"
make -C ps7_cortexa9_0/libsrc/scutimer_v2_1/src -s libs  "SHELL=CMD" "COMPILER=arm-none-eabi-gcc" "ARCHIVER=arm-none-eabi-ar" "COMPILER_FLAGS=  -O2 -c" "EXTRA_COMPILER_FLAGS=-mcpu=cortex-a9 -mfpu=vfpv3 -mfloat-abi=hard -nostartfiles -g -Wall -Wextra"
"Compiling scutimer"
"Running Make libs in ps7_cortexa9_0/libsrc/scuwdt_v2_1/src"
make -C ps7_cortexa9_0/libsrc/scuwdt_v2_1/src -s libs  "SHELL=CMD" "COMPILER=arm-none-eabi-gcc" "ARCHIVER=arm-none-eabi-ar" "COMPILER_FLAGS=  -O2 -c" "EXTRA_COMPILER_FLAGS=-mcpu=cortex-a9 -mfpu=vfpv3 -mfloat-abi=hard -nostartfiles -g -Wall -Wextra"
"Compiling scuwdt"
"Running Make libs in ps7_cortexa9_0/libsrc/sdps_v3_6/src"
make -C ps7_cortexa9_0/libsrc/sdps_v3_6/src -s libs  "SHELL=CMD" "COMPILER=arm-none-eabi-gcc" "ARCHIVER=arm-none-eabi-ar" "COMPILER_FLAGS=  -O2 -c" "EXTRA_COMPILER_FLAGS=-mcpu=cortex-a9 -mfpu=vfpv3 -mfloat-abi=hard -nostartfiles -g -Wall -Wextra"
"Compiling sdps"
"Running Make libs in ps7_cortexa9_0/libsrc/standalone_v6_8/src"
make -C ps7_cortexa9_0/libsrc/standalone_v6_8/src -s libs  "SHELL=CMD" "COMPILER=arm-none-eabi-gcc" "ARCHIVER=arm-none-eabi-ar" "COMPILER_FLAGS=  -O2 -c" "EXTRA_COMPILER_FLAGS=-mcpu=cortex-a9 -mfpu=vfpv3 -mfloat-abi=hard -nostartfiles -g -Wall -Wextra"
"Compiling standalone"
In file included from usleep.c:56:0:
xtime_l.h:87:9: note: #pragma message: For the sleep routines, Global timer is being used
 #pragma message ("For the sleep routines, Global timer is being used")
         ^~~~~~~
In file included from xil_sleeptimer.c:51:0:
xtime_l.h:87:9: note: #pragma message: For the sleep routines, Global timer is being used
 #pragma message ("For the sleep routines, Global timer is being used")
         ^~~~~~~
In file included from xtime_l.c:49:0:
xtime_l.h:87:9: note: #pragma message: For the sleep routines, Global timer is being used
 #pragma message ("For the sleep routines, Global timer is being used")
         ^~~~~~~
In file included from sleep.c:53:0:
xtime_l.h:87:9: note: #pragma message: For the sleep routines, Global timer is being used
 #pragma message ("For the sleep routines, Global timer is being used")
         ^~~~~~~
"Running Make libs in ps7_cortexa9_0/libsrc/uartps_v3_7/src"
make -C ps7_cortexa9_0/libsrc/uartps_v3_7/src -s libs  "SHELL=CMD" "COMPILER=arm-none-eabi-gcc" "ARCHIVER=arm-none-eabi-ar" "COMPILER_FLAGS=  -O2 -c" "EXTRA_COMPILER_FLAGS=-mcpu=cortex-a9 -mfpu=vfpv3 -mfloat-abi=hard -nostartfiles -g -Wall -Wextra"
"Compiling uartps"
"Running Make libs in ps7_cortexa9_0/libsrc/usbps_v2_4/src"
make -C ps7_cortexa9_0/libsrc/usbps_v2_4/src -s libs  "SHELL=CMD" "COMPILER=arm-none-eabi-gcc" "ARCHIVER=arm-none-eabi-ar" "COMPILER_FLAGS=  -O2 -c" "EXTRA_COMPILER_FLAGS=-mcpu=cortex-a9 -mfpu=vfpv3 -mfloat-abi=hard -nostartfiles -g -Wall -Wextra"
"Compiling usbps"
"Running Make libs in ps7_cortexa9_0/libsrc/xadcps_v2_3/src"
make -C ps7_cortexa9_0/libsrc/xadcps_v2_3/src -s libs  "SHELL=CMD" "COMPILER=arm-none-eabi-gcc" "ARCHIVER=arm-none-eabi-ar" "COMPILER_FLAGS=  -O2 -c" "EXTRA_COMPILER_FLAGS=-mcpu=cortex-a9 -mfpu=vfpv3 -mfloat-abi=hard -nostartfiles -g -Wall -Wextra"
"Compiling xadcps"
'Finished building libraries'
16:34:23 **** Build of configuration Debug for project hash_func ****
make pre-build main-build 
a9-linaro-pre-build-step
' '
'Building file: ../src/hash_func.c'
'Invoking: ARM v7 gcc compiler'
arm-none-eabi-gcc -Wall -O0 -g3 -c -fmessage-length=0 -MT"src/hash_func.o" -mcpu=cortex-a9 -mfpu=vfpv3 -mfloat-abi=hard -I../../hash_func_bsp/ps7_cortexa9_0/include -MMD -MP -MF"src/hash_func.d" -MT"src/hash_func.o" -o "src/hash_func.o" "../src/hash_func.c"
'Finished building: ../src/hash_func.c'
' '
'Building target: hash_func.elf'
'Invoking: ARM v7 gcc linker'
arm-none-eabi-gcc -mcpu=cortex-a9 -mfpu=vfpv3 -mfloat-abi=hard -Wl,-build-id=none -specs=Xilinx.spec -Wl,-T -Wl,../src/lscript.ld -L../../hash_func_bsp/ps7_cortexa9_0/lib -o "hash_func.elf"  ./src/hash_func.o   -Wl,--start-group,-lxil,-lgcc,-lc,--end-group
../../hash_func_bsp/ps7_cortexa9_0/lib\libxil.a(xil-crt0.o): In function `_start':
C:\Users\xb2m8\Desktop\2019_FPGA_Design_Group3\Lab03\Hash_func\Hash_func.sdk\hash_func_bsp\ps7_cortexa9_0\libsrc\standalone_v6_8\src/xil-crt0.S:138: undefined reference to `main'
collect2.exe: error: ld returned 1 exit status
make: *** [makefile:41: hash_func.elf] Error 1
16:34:29 **** Auto Build of configuration Debug for project hash_func ****
make pre-build main-build 
a9-linaro-pre-build-step
' '
'Building target: hash_func.elf'
'Invoking: ARM v7 gcc linker'
arm-none-eabi-gcc -mcpu=cortex-a9 -mfpu=vfpv3 -mfloat-abi=hard -Wl,-build-id=none -specs=Xilinx.spec -Wl,-T -Wl,../src/lscript.ld -L../../hash_func_bsp/ps7_cortexa9_0/lib -o "hash_func.elf"  ./src/hash_func.o   -Wl,--start-group,-lxil,-lgcc,-lc,--end-group
../../hash_func_bsp/ps7_cortexa9_0/lib\libxil.a(xil-crt0.o): In function `_start':
C:\Users\xb2m8\Desktop\2019_FPGA_Design_Group3\Lab03\Hash_func\Hash_func.sdk\hash_func_bsp\ps7_cortexa9_0\libsrc\standalone_v6_8\src/xil-crt0.S:138: undefined reference to `main'
collect2.exe: error: ld returned 1 exit status
make: *** [makefile:41: hash_func.elf] Error 1
16:41:39 **** Auto Build of configuration Debug for project hash_func ****
make pre-build main-build 
a9-linaro-pre-build-step
' '
'Building file: ../src/hash_func.c'
'Invoking: ARM v7 gcc compiler'
arm-none-eabi-gcc -Wall -O0 -g3 -c -fmessage-length=0 -MT"src/hash_func.o" -mcpu=cortex-a9 -mfpu=vfpv3 -mfloat-abi=hard -I../../hash_func_bsp/ps7_cortexa9_0/include -MMD -MP -MF"src/hash_func.d" -MT"src/hash_func.o" -o "src/hash_func.o" "../src/hash_func.c"
../src/hash_func.c: In function 'main':
../src/hash_func.c:37:25: error: 'LED_Gpio' undeclared (first use in this function); did you mean 'SW_Gpio'?
    XGpio_DiscreteWrite(&LED_Gpio, 1, led_data);
                         ^~~~~~~~
                         SW_Gpio
../src/hash_func.c:37:25: note: each undeclared identifier is reported only once for each function it appears in
../src/hash_func.c:37:38: error: 'led_data' undeclared (first use in this function); did you mean 'sw_data'?
    XGpio_DiscreteWrite(&LED_Gpio, 1, led_data);
                                      ^~~~~~~~
                                      sw_data
../src/hash_func.c:40:32: error: 'LED_DELAY' undeclared (first use in this function)
    for (int Delay = 0; Delay < LED_DELAY; Delay++);
                                ^~~~~~~~~
make: *** [src/subdir.mk:23: src/hash_func.o] Error 1
17:14:47 **** Auto Build of configuration Debug for project hash_func ****
make pre-build main-build 
a9-linaro-pre-build-step
' '
'Building file: ../src/hash_func.c'
'Invoking: ARM v7 gcc compiler'
arm-none-eabi-gcc -Wall -O0 -g3 -c -fmessage-length=0 -MT"src/hash_func.o" -mcpu=cortex-a9 -mfpu=vfpv3 -mfloat-abi=hard -I../../hash_func_bsp/ps7_cortexa9_0/include -MMD -MP -MF"src/hash_func.d" -MT"src/hash_func.o" -o "src/hash_func.o" "../src/hash_func.c"
../src/hash_func.c: In function 'main':
../src/hash_func.c:48:9: error: assignment to expression with array type
      ID = "E24056027";
         ^
../src/hash_func.c:52:9: error: assignment to expression with array type
      ID = "E24056483";
         ^
../src/hash_func.c:56:9: error: assignment to expression with array type
      ID = "E24056726";
         ^
../src/hash_func.c:60:9: error: assignment to expression with array type
      ID = "";
         ^
make: *** [src/subdir.mk:23: src/hash_func.o] Error 1
17:15:21 **** Auto Build of configuration Debug for project hash_func ****
make pre-build main-build 
a9-linaro-pre-build-step
' '
'Building file: ../src/hash_func.c'
'Invoking: ARM v7 gcc compiler'
arm-none-eabi-gcc -Wall -O0 -g3 -c -fmessage-length=0 -MT"src/hash_func.o" -mcpu=cortex-a9 -mfpu=vfpv3 -mfloat-abi=hard -I../../hash_func_bsp/ps7_cortexa9_0/include -MMD -MP -MF"src/hash_func.d" -MT"src/hash_func.o" -o "src/hash_func.o" "../src/hash_func.c"
../src/hash_func.c: In function 'main':
../src/hash_func.c:48:9: error: expected expression before ']' token
      ID[] = "E24056027";
         ^
../src/hash_func.c:52:9: error: expected expression before ']' token
      ID[] = "E24056483";
         ^
../src/hash_func.c:56:9: error: expected expression before ']' token
      ID[] = "E24056726";
         ^
../src/hash_func.c:60:9: error: expected expression before ']' token
      ID[] = "";
         ^
make: *** [src/subdir.mk:23: src/hash_func.o] Error 1
17:19:31 **** Auto Build of configuration Debug for project hash_func ****
make pre-build main-build 
a9-linaro-pre-build-step
' '
'Building file: ../src/hash_func.c'
'Invoking: ARM v7 gcc compiler'
arm-none-eabi-gcc -Wall -O0 -g3 -c -fmessage-length=0 -MT"src/hash_func.o" -mcpu=cortex-a9 -mfpu=vfpv3 -mfloat-abi=hard -I../../hash_func_bsp/ps7_cortexa9_0/include -MMD -MP -MF"src/hash_func.d" -MT"src/hash_func.o" -o "src/hash_func.o" "../src/hash_func.c"
../src/hash_func.c: In function 'main':
../src/hash_func.c:48:9: error: assignment to expression with array type
      ID = "E24056027";
         ^
../src/hash_func.c:52:9: error: assignment to expression with array type
      ID = "E24056483";
         ^
../src/hash_func.c:56:9: error: assignment to expression with array type
      ID = "E24056726";
         ^
../src/hash_func.c:60:9: error: assignment to expression with array type
      ID = "";
         ^
make: *** [src/subdir.mk:23: src/hash_func.o] Error 1
17:23:11 **** Auto Build of configuration Debug for project hash_func ****
make pre-build main-build 
a9-linaro-pre-build-step
' '
'Building file: ../src/hash_func.c'
'Invoking: ARM v7 gcc compiler'
arm-none-eabi-gcc -Wall -O0 -g3 -c -fmessage-length=0 -MT"src/hash_func.o" -mcpu=cortex-a9 -mfpu=vfpv3 -mfloat-abi=hard -I../../hash_func_bsp/ps7_cortexa9_0/include -MMD -MP -MF"src/hash_func.d" -MT"src/hash_func.o" -o "src/hash_func.o" "../src/hash_func.c"
../src/hash_func.c: In function 'main':
../src/hash_func.c:48:9: error: assignment to expression with array type
      ID = "E24056027";
         ^
../src/hash_func.c:52:9: error: assignment to expression with array type
      ID = "E24056483";
         ^
../src/hash_func.c:56:9: error: assignment to expression with array type
      ID = "E24056726";
         ^
../src/hash_func.c:60:9: error: assignment to expression with array type
      ID = "";
         ^
make: *** [src/subdir.mk:23: src/hash_func.o] Error 1
17:25:33 **** Auto Build of configuration Debug for project hash_func ****
make pre-build main-build 
a9-linaro-pre-build-step
' '
'Building file: ../src/hash_func.c'
'Invoking: ARM v7 gcc compiler'
arm-none-eabi-gcc -Wall -O0 -g3 -c -fmessage-length=0 -MT"src/hash_func.o" -mcpu=cortex-a9 -mfpu=vfpv3 -mfloat-abi=hard -I../../hash_func_bsp/ps7_cortexa9_0/include -MMD -MP -MF"src/hash_func.d" -MT"src/hash_func.o" -o "src/hash_func.o" "../src/hash_func.c"
../src/hash_func.c: In function 'main':
../src/hash_func.c:48:6: warning: '__builtin_memcpy' writing 10 bytes into a region of size 9 overflows the destination [-Wstringop-overflow=]
      strcpy(ID, "E24056027");
      ^~~~~~~~~~~~~~~~~~~~~~~
../src/hash_func.c:52:6: warning: '__builtin_memcpy' writing 10 bytes into a region of size 9 overflows the destination [-Wstringop-overflow=]
      strcpy(ID, "E24056483");
      ^~~~~~~~~~~~~~~~~~~~~~~
../src/hash_func.c:56:6: warning: '__builtin_memcpy' writing 10 bytes into a region of size 9 overflows the destination [-Wstringop-overflow=]
      strcpy(ID, "E24056726");
      ^~~~~~~~~~~~~~~~~~~~~~~
'Finished building: ../src/hash_func.c'
' '
'Building target: hash_func.elf'
'Invoking: ARM v7 gcc linker'
arm-none-eabi-gcc -mcpu=cortex-a9 -mfpu=vfpv3 -mfloat-abi=hard -Wl,-build-id=none -specs=Xilinx.spec -Wl,-T -Wl,../src/lscript.ld -L../../hash_func_bsp/ps7_cortexa9_0/lib -o "hash_func.elf"  ./src/hash_func.o   -Wl,--start-group,-lxil,-lgcc,-lc,--end-group
'Finished building target: hash_func.elf'
' '
'Invoking: ARM v7 Print Size'
arm-none-eabi-size hash_func.elf  |tee "hash_func.elf.size"
   text	   data	    bss	    dec	    hex	filename
  23820	   1168	  22600	  47588	   b9e4	hash_func.elf
'Finished building: hash_func.elf.size'
' '
17:25:59 **** Auto Build of configuration Debug for project hash_func ****
make pre-build main-build 
a9-linaro-pre-build-step
' '
'Building file: ../src/hash_func.c'
'Invoking: ARM v7 gcc compiler'
arm-none-eabi-gcc -Wall -O0 -g3 -c -fmessage-length=0 -MT"src/hash_func.o" -mcpu=cortex-a9 -mfpu=vfpv3 -mfloat-abi=hard -I../../hash_func_bsp/ps7_cortexa9_0/include -MMD -MP -MF"src/hash_func.d" -MT"src/hash_func.o" -o "src/hash_func.o" "../src/hash_func.c"
'Finished building: ../src/hash_func.c'
' '
'Building target: hash_func.elf'
'Invoking: ARM v7 gcc linker'
arm-none-eabi-gcc -mcpu=cortex-a9 -mfpu=vfpv3 -mfloat-abi=hard -Wl,-build-id=none -specs=Xilinx.spec -Wl,-T -Wl,../src/lscript.ld -L../../hash_func_bsp/ps7_cortexa9_0/lib -o "hash_func.elf"  ./src/hash_func.o   -Wl,--start-group,-lxil,-lgcc,-lc,--end-group
'Finished building target: hash_func.elf'
' '
'Invoking: ARM v7 Print Size'
arm-none-eabi-size hash_func.elf  |tee "hash_func.elf.size"
   text	   data	    bss	    dec	    hex	filename
  23820	   1168	  22600	  47588	   b9e4	hash_func.elf
'Finished building: hash_func.elf.size'
' '
17:29:31 **** Incremental Build of configuration Debug for project hash_func ****
make pre-build main-build 
a9-linaro-pre-build-step
' '
make: Nothing to be done for 'main-build'.
17:35:43 **** Auto Build of configuration Debug for project hash_func ****
make pre-build main-build 
a9-linaro-pre-build-step
' '
'Building file: ../src/hash_func.c'
'Invoking: ARM v7 gcc compiler'
arm-none-eabi-gcc -Wall -O0 -g3 -c -fmessage-length=0 -MT"src/hash_func.o" -mcpu=cortex-a9 -mfpu=vfpv3 -mfloat-abi=hard -I../../hash_func_bsp/ps7_cortexa9_0/include -MMD -MP -MF"src/hash_func.d" -MT"src/hash_func.o" -o "src/hash_func.o" "../src/hash_func.c"
'Finished building: ../src/hash_func.c'
' '
'Building target: hash_func.elf'
'Invoking: ARM v7 gcc linker'
arm-none-eabi-gcc -mcpu=cortex-a9 -mfpu=vfpv3 -mfloat-abi=hard -Wl,-build-id=none -specs=Xilinx.spec -Wl,-T -Wl,../src/lscript.ld -L../../hash_func_bsp/ps7_cortexa9_0/lib -o "hash_func.elf"  ./src/hash_func.o   -Wl,--start-group,-lxil,-lgcc,-lc,--end-group
'Finished building target: hash_func.elf'
' '
'Invoking: ARM v7 Print Size'
arm-none-eabi-size hash_func.elf  |tee "hash_func.elf.size"
   text	   data	    bss	    dec	    hex	filename
  23884	   1168	  22600	  47652	   ba24	hash_func.elf
'Finished building: hash_func.elf.size'
' '
17:36:01 **** Incremental Build of configuration Debug for project hash_func ****
make pre-build main-build 
a9-linaro-pre-build-step
' '
make: Nothing to be done for 'main-build'.
17:36:29 **** Incremental Build of configuration Debug for project hash_func ****
make pre-build main-build 
a9-linaro-pre-build-step
' '
make: Nothing to be done for 'main-build'.
17:40:00 **** Auto Build of configuration Debug for project hash_func ****
make pre-build main-build 
a9-linaro-pre-build-step
' '
'Building file: ../src/hash_func.c'
'Invoking: ARM v7 gcc compiler'
arm-none-eabi-gcc -Wall -O0 -g3 -c -fmessage-length=0 -MT"src/hash_func.o" -mcpu=cortex-a9 -mfpu=vfpv3 -mfloat-abi=hard -I../../hash_func_bsp/ps7_cortexa9_0/include -MMD -MP -MF"src/hash_func.d" -MT"src/hash_func.o" -o "src/hash_func.o" "../src/hash_func.c"
'Finished building: ../src/hash_func.c'
' '
'Building target: hash_func.elf'
'Invoking: ARM v7 gcc linker'
arm-none-eabi-gcc -mcpu=cortex-a9 -mfpu=vfpv3 -mfloat-abi=hard -Wl,-build-id=none -specs=Xilinx.spec -Wl,-T -Wl,../src/lscript.ld -L../../hash_func_bsp/ps7_cortexa9_0/lib -o "hash_func.elf"  ./src/hash_func.o   -Wl,--start-group,-lxil,-lgcc,-lc,--end-group
'Finished building target: hash_func.elf'
' '
'Invoking: ARM v7 Print Size'
arm-none-eabi-size hash_func.elf  |tee "hash_func.elf.size"
   text	   data	    bss	    dec	    hex	filename
  23884	   1168	  22600	  47652	   ba24	hash_func.elf
'Finished building: hash_func.elf.size'
' '
17:40:10 **** Incremental Build of configuration Debug for project hash_func ****
make pre-build main-build 
a9-linaro-pre-build-step
' '
make: Nothing to be done for 'main-build'.
17:42:28 **** Auto Build of configuration Debug for project hash_func ****
make pre-build main-build 
a9-linaro-pre-build-step
' '
'Building file: ../src/hash_func.c'
'Invoking: ARM v7 gcc compiler'
arm-none-eabi-gcc -Wall -O0 -g3 -c -fmessage-length=0 -MT"src/hash_func.o" -mcpu=cortex-a9 -mfpu=vfpv3 -mfloat-abi=hard -I../../hash_func_bsp/ps7_cortexa9_0/include -MMD -MP -MF"src/hash_func.d" -MT"src/hash_func.o" -o "src/hash_func.o" "../src/hash_func.c"
'Finished building: ../src/hash_func.c'
' '
'Building target: hash_func.elf'
'Invoking: ARM v7 gcc linker'
arm-none-eabi-gcc -mcpu=cortex-a9 -mfpu=vfpv3 -mfloat-abi=hard -Wl,-build-id=none -specs=Xilinx.spec -Wl,-T -Wl,../src/lscript.ld -L../../hash_func_bsp/ps7_cortexa9_0/lib -o "hash_func.elf"  ./src/hash_func.o   -Wl,--start-group,-lxil,-lgcc,-lc,--end-group
'Finished building target: hash_func.elf'
' '
'Invoking: ARM v7 Print Size'
arm-none-eabi-size hash_func.elf  |tee "hash_func.elf.size"
   text	   data	    bss	    dec	    hex	filename
  23884	   1168	  22600	  47652	   ba24	hash_func.elf
'Finished building: hash_func.elf.size'
' '
17:42:41 **** Incremental Build of configuration Debug for project hash_func ****
make pre-build main-build 
a9-linaro-pre-build-step
' '
make: Nothing to be done for 'main-build'.
17:45:30 **** Auto Build of configuration Debug for project hash_func ****
make pre-build main-build 
a9-linaro-pre-build-step
' '
'Building file: ../src/hash_func.c'
'Invoking: ARM v7 gcc compiler'
arm-none-eabi-gcc -Wall -O0 -g3 -c -fmessage-length=0 -MT"src/hash_func.o" -mcpu=cortex-a9 -mfpu=vfpv3 -mfloat-abi=hard -I../../hash_func_bsp/ps7_cortexa9_0/include -MMD -MP -MF"src/hash_func.d" -MT"src/hash_func.o" -o "src/hash_func.o" "../src/hash_func.c"
'Finished building: ../src/hash_func.c'
' '
'Building target: hash_func.elf'
'Invoking: ARM v7 gcc linker'
arm-none-eabi-gcc -mcpu=cortex-a9 -mfpu=vfpv3 -mfloat-abi=hard -Wl,-build-id=none -specs=Xilinx.spec -Wl,-T -Wl,../src/lscript.ld -L../../hash_func_bsp/ps7_cortexa9_0/lib -o "hash_func.elf"  ./src/hash_func.o   -Wl,--start-group,-lxil,-lgcc,-lc,--end-group
'Finished building target: hash_func.elf'
' '
'Invoking: ARM v7 Print Size'
arm-none-eabi-size hash_func.elf  |tee "hash_func.elf.size"
   text	   data	    bss	    dec	    hex	filename
  23884	   1168	  22600	  47652	   ba24	hash_func.elf
'Finished building: hash_func.elf.size'
' '
17:45:54 **** Incremental Build of configuration Debug for project hash_func ****
make pre-build main-build 
a9-linaro-pre-build-step
' '
make: Nothing to be done for 'main-build'.
17:48:52 **** Auto Build of configuration Debug for project hash_func ****
make pre-build main-build 
a9-linaro-pre-build-step
' '
'Building file: ../src/hash_func.c'
'Invoking: ARM v7 gcc compiler'
arm-none-eabi-gcc -Wall -O0 -g3 -c -fmessage-length=0 -MT"src/hash_func.o" -mcpu=cortex-a9 -mfpu=vfpv3 -mfloat-abi=hard -I../../hash_func_bsp/ps7_cortexa9_0/include -MMD -MP -MF"src/hash_func.d" -MT"src/hash_func.o" -o "src/hash_func.o" "../src/hash_func.c"
../src/hash_func.c:77:13: error: expected declaration specifiers or '...' before string constant
  xil_printf("Successfully ran Gpio Example\r\n");
             ^~~~~~~~~~~~~~~~~~~~~~~~~~~~~~~~~~~
../src/hash_func.c:78:2: error: expected identifier or '(' before 'return'
  return XST_SUCCESS;
  ^~~~~~
../src/hash_func.c:79:1: error: expected identifier or '(' before '}' token
 }
 ^
make: *** [src/subdir.mk:23: src/hash_func.o] Error 1
17:49:02 **** Auto Build of configuration Debug for project hash_func ****
make pre-build main-build 
a9-linaro-pre-build-step
' '
'Building file: ../src/hash_func.c'
'Invoking: ARM v7 gcc compiler'
arm-none-eabi-gcc -Wall -O0 -g3 -c -fmessage-length=0 -MT"src/hash_func.o" -mcpu=cortex-a9 -mfpu=vfpv3 -mfloat-abi=hard -I../../hash_func_bsp/ps7_cortexa9_0/include -MMD -MP -MF"src/hash_func.d" -MT"src/hash_func.o" -o "src/hash_func.o" "../src/hash_func.c"
'Finished building: ../src/hash_func.c'
' '
'Building target: hash_func.elf'
'Invoking: ARM v7 gcc linker'
arm-none-eabi-gcc -mcpu=cortex-a9 -mfpu=vfpv3 -mfloat-abi=hard -Wl,-build-id=none -specs=Xilinx.spec -Wl,-T -Wl,../src/lscript.ld -L../../hash_func_bsp/ps7_cortexa9_0/lib -o "hash_func.elf"  ./src/hash_func.o   -Wl,--start-group,-lxil,-lgcc,-lc,--end-group
'Finished building target: hash_func.elf'
' '
'Invoking: ARM v7 Print Size'
arm-none-eabi-size hash_func.elf  |tee "hash_func.elf.size"
   text	   data	    bss	    dec	    hex	filename
  23884	   1168	  22600	  47652	   ba24	hash_func.elf
'Finished building: hash_func.elf.size'
' '
17:49:33 **** Incremental Build of configuration Debug for project hash_func ****
make pre-build main-build 
a9-linaro-pre-build-step
' '
make: Nothing to be done for 'main-build'.
17:50:39 **** Auto Build of configuration Debug for project hash_func ****
make pre-build main-build 
a9-linaro-pre-build-step
' '
'Building file: ../src/hash_func.c'
'Invoking: ARM v7 gcc compiler'
arm-none-eabi-gcc -Wall -O0 -g3 -c -fmessage-length=0 -MT"src/hash_func.o" -mcpu=cortex-a9 -mfpu=vfpv3 -mfloat-abi=hard -I../../hash_func_bsp/ps7_cortexa9_0/include -MMD -MP -MF"src/hash_func.d" -MT"src/hash_func.o" -o "src/hash_func.o" "../src/hash_func.c"
'Finished building: ../src/hash_func.c'
' '
'Building target: hash_func.elf'
'Invoking: ARM v7 gcc linker'
arm-none-eabi-gcc -mcpu=cortex-a9 -mfpu=vfpv3 -mfloat-abi=hard -Wl,-build-id=none -specs=Xilinx.spec -Wl,-T -Wl,../src/lscript.ld -L../../hash_func_bsp/ps7_cortexa9_0/lib -o "hash_func.elf"  ./src/hash_func.o   -Wl,--start-group,-lxil,-lgcc,-lc,--end-group
'Finished building target: hash_func.elf'
' '
'Invoking: ARM v7 Print Size'
arm-none-eabi-size hash_func.elf  |tee "hash_func.elf.size"
   text	   data	    bss	    dec	    hex	filename
  23884	   1168	  22600	  47652	   ba24	hash_func.elf
'Finished building: hash_func.elf.size'
' '
17:50:45 **** Incremental Build of configuration Debug for project hash_func ****
make pre-build main-build 
a9-linaro-pre-build-step
' '
make: Nothing to be done for 'main-build'.
17:55:21 **** Incremental Build of configuration Debug for project hash_func ****
make pre-build main-build 
a9-linaro-pre-build-step
' '
'Building file: ../src/hash_func.c'
'Invoking: ARM v7 gcc compiler'
arm-none-eabi-gcc -Wall -O0 -g3 -c -fmessage-length=0 -MT"src/hash_func.o" -mcpu=cortex-a9 -mfpu=vfpv3 -mfloat-abi=hard -I../../hash_func_bsp/ps7_cortexa9_0/include -MMD -MP -MF"src/hash_func.d" -MT"src/hash_func.o" -o "src/hash_func.o" "../src/hash_func.c"
'Finished building: ../src/hash_func.c'
' '
'Building target: hash_func.elf'
'Invoking: ARM v7 gcc linker'
arm-none-eabi-gcc -mcpu=cortex-a9 -mfpu=vfpv3 -mfloat-abi=hard -Wl,-build-id=none -specs=Xilinx.spec -Wl,-T -Wl,../src/lscript.ld -L../../hash_func_bsp/ps7_cortexa9_0/lib -o "hash_func.elf"  ./src/hash_func.o   -Wl,--start-group,-lxil,-lgcc,-lc,--end-group
'Finished building target: hash_func.elf'
' '
'Invoking: ARM v7 Print Size'
arm-none-eabi-size hash_func.elf  |tee "hash_func.elf.size"
   text	   data	    bss	    dec	    hex	filename
  23948	   1168	  22600	  47716	   ba64	hash_func.elf
'Finished building: hash_func.elf.size'
' '
17:56:50 **** Auto Build of configuration Debug for project hash_func ****
make pre-build main-build 
a9-linaro-pre-build-step
' '
'Building file: ../src/hash_func.c'
'Invoking: ARM v7 gcc compiler'
arm-none-eabi-gcc -Wall -O0 -g3 -c -fmessage-length=0 -MT"src/hash_func.o" -mcpu=cortex-a9 -mfpu=vfpv3 -mfloat-abi=hard -I../../hash_func_bsp/ps7_cortexa9_0/include -MMD -MP -MF"src/hash_func.d" -MT"src/hash_func.o" -o "src/hash_func.o" "../src/hash_func.c"
'Finished building: ../src/hash_func.c'
' '
'Building target: hash_func.elf'
'Invoking: ARM v7 gcc linker'
arm-none-eabi-gcc -mcpu=cortex-a9 -mfpu=vfpv3 -mfloat-abi=hard -Wl,-build-id=none -specs=Xilinx.spec -Wl,-T -Wl,../src/lscript.ld -L../../hash_func_bsp/ps7_cortexa9_0/lib -o "hash_func.elf"  ./src/hash_func.o   -Wl,--start-group,-lxil,-lgcc,-lc,--end-group
'Finished building target: hash_func.elf'
' '
'Invoking: ARM v7 Print Size'
arm-none-eabi-size hash_func.elf  |tee "hash_func.elf.size"
   text	   data	    bss	    dec	    hex	filename
  23948	   1168	  22600	  47716	   ba64	hash_func.elf
'Finished building: hash_func.elf.size'
' '
17:56:55 **** Incremental Build of configuration Debug for project hash_func ****
make pre-build main-build 
a9-linaro-pre-build-step
' '
make: Nothing to be done for 'main-build'.
17:58:13 **** Auto Build of configuration Debug for project hash_func ****
make pre-build main-build 
a9-linaro-pre-build-step
' '
'Building file: ../src/hash_func.c'
'Invoking: ARM v7 gcc compiler'
arm-none-eabi-gcc -Wall -O0 -g3 -c -fmessage-length=0 -MT"src/hash_func.o" -mcpu=cortex-a9 -mfpu=vfpv3 -mfloat-abi=hard -I../../hash_func_bsp/ps7_cortexa9_0/include -MMD -MP -MF"src/hash_func.d" -MT"src/hash_func.o" -o "src/hash_func.o" "../src/hash_func.c"
'Finished building: ../src/hash_func.c'
' '
'Building target: hash_func.elf'
'Invoking: ARM v7 gcc linker'
arm-none-eabi-gcc -mcpu=cortex-a9 -mfpu=vfpv3 -mfloat-abi=hard -Wl,-build-id=none -specs=Xilinx.spec -Wl,-T -Wl,../src/lscript.ld -L../../hash_func_bsp/ps7_cortexa9_0/lib -o "hash_func.elf"  ./src/hash_func.o   -Wl,--start-group,-lxil,-lgcc,-lc,--end-group
'Finished building target: hash_func.elf'
' '
'Invoking: ARM v7 Print Size'
arm-none-eabi-size hash_func.elf  |tee "hash_func.elf.size"
   text	   data	    bss	    dec	    hex	filename
  23948	   1168	  22600	  47716	   ba64	hash_func.elf
'Finished building: hash_func.elf.size'
' '
17:58:19 **** Incremental Build of configuration Debug for project hash_func ****
make pre-build main-build 
a9-linaro-pre-build-step
' '
make: Nothing to be done for 'main-build'.
18:04:57 **** Auto Build of configuration Debug for project hash_func ****
make pre-build main-build 
a9-linaro-pre-build-step
' '
'Building file: ../src/hash_func.c'
'Invoking: ARM v7 gcc compiler'
arm-none-eabi-gcc -Wall -O0 -g3 -c -fmessage-length=0 -MT"src/hash_func.o" -mcpu=cortex-a9 -mfpu=vfpv3 -mfloat-abi=hard -I../../hash_func_bsp/ps7_cortexa9_0/include -MMD -MP -MF"src/hash_func.d" -MT"src/hash_func.o" -o "src/hash_func.o" "../src/hash_func.c"
'Finished building: ../src/hash_func.c'
' '
'Building target: hash_func.elf'
'Invoking: ARM v7 gcc linker'
arm-none-eabi-gcc -mcpu=cortex-a9 -mfpu=vfpv3 -mfloat-abi=hard -Wl,-build-id=none -specs=Xilinx.spec -Wl,-T -Wl,../src/lscript.ld -L../../hash_func_bsp/ps7_cortexa9_0/lib -o "hash_func.elf"  ./src/hash_func.o   -Wl,--start-group,-lxil,-lgcc,-lc,--end-group
'Finished building target: hash_func.elf'
' '
'Invoking: ARM v7 Print Size'
arm-none-eabi-size hash_func.elf  |tee "hash_func.elf.size"
   text	   data	    bss	    dec	    hex	filename
  23948	   1168	  22600	  47716	   ba64	hash_func.elf
'Finished building: hash_func.elf.size'
' '
18:05:05 **** Incremental Build of configuration Debug for project hash_func ****
make pre-build main-build 
a9-linaro-pre-build-step
' '
make: Nothing to be done for 'main-build'.
