Copyright 1986-2018 Xilinx, Inc. All Rights Reserved.
--------------------------------------------------------------------------------------------
| Tool Version : Vivado v.2018.3 (win64) Build 2405991 Thu Dec  6 23:38:27 MST 2018
| Date         : Sat Nov 23 22:56:17 2019
| Host         : DESKTOP-57OA683 running 64-bit major release  (build 9200)
| Command      : report_control_sets -verbose -file total_1_wrapper_control_sets_placed.rpt
| Design       : total_1_wrapper
| Device       : xc7z020
--------------------------------------------------------------------------------------------

Control Set Information

Table of Contents
-----------------
1. Summary
2. Histogram
3. Flip-Flop Distribution
4. Detailed Control Set Information

1. Summary
----------

+----------------------------------------------------------+-------+
|                          Status                          | Count |
+----------------------------------------------------------+-------+
| Number of unique control sets                            |    53 |
| Unused register locations in slices containing registers |   104 |
+----------------------------------------------------------+-------+


2. Histogram
------------

+--------+--------------+
| Fanout | Control Sets |
+--------+--------------+
|      1 |            1 |
|      2 |            2 |
|      4 |            7 |
|      5 |            4 |
|      6 |            1 |
|      8 |           20 |
|     10 |            1 |
|     13 |            2 |
|     14 |            3 |
|    16+ |           12 |
+--------+--------------+


3. Flip-Flop Distribution
-------------------------

+--------------+-----------------------+------------------------+-----------------+--------------+
| Clock Enable | Synchronous Set/Reset | Asynchronous Set/Reset | Total Registers | Total Slices |
+--------------+-----------------------+------------------------+-----------------+--------------+
| No           | No                    | No                     |             151 |           54 |
| No           | No                    | Yes                    |               0 |            0 |
| No           | Yes                   | No                     |              41 |           17 |
| Yes          | No                    | No                     |             336 |          104 |
| Yes          | No                    | Yes                    |               0 |            0 |
| Yes          | Yes                   | No                     |             136 |           35 |
+--------------+-----------------------+------------------------+-----------------+--------------+


4. Detailed Control Set Information
-----------------------------------

+---------------------------------------------------------------------------------+---------------------------------------------------------------------------------------------------------------------------------------------------------------+------------------------------------------------------------------------------------------------------------------------------------------------------+------------------+----------------+
|                                   Clock Signal                                  |                                                                         Enable Signal                                                                         |                                                                   Set/Reset Signal                                                                   | Slice Load Count | Bel Load Count |
+---------------------------------------------------------------------------------+---------------------------------------------------------------------------------------------------------------------------------------------------------------+------------------------------------------------------------------------------------------------------------------------------------------------------+------------------+----------------+
|  total_1_i/processing_system7_0/inst/FCLK_CLK0                                  | total_1_i/ps7_0_axi_periph/s00_couplers/auto_pc/inst/gen_axilite.gen_b2s_conv.axilite_b2s/WR.aw_channel_0/aw_cmd_fsm_0/m_axi_awready_1                        | total_1_i/ps7_0_axi_periph/s00_couplers/auto_pc/inst/gen_axilite.gen_b2s_conv.axilite_b2s/WR.aw_channel_0/aw_cmd_fsm_0/m_axi_awready_0               |                1 |              1 |
|  total_1_i/processing_system7_0/inst/FCLK_CLK0                                  | total_1_i/total_0/inst/total_v1_0_S00_AXI_inst/slv_reg1[7]_i_1_n_0                                                                                            | total_1_i/total_0/inst/total_v1_0_S00_AXI_inst/ctrl1/SR[0]                                                                                           |                1 |              2 |
|  total_1_i/processing_system7_0/inst/FCLK_CLK0                                  | total_1_i/ps7_0_axi_periph/s00_couplers/auto_pc/inst/gen_axilite.gen_b2s_conv.axilite_b2s/WR.b_channel_0/bid_fifo_0/sel                                       |                                                                                                                                                      |                1 |              2 |
|  total_1_i/processing_system7_0/inst/FCLK_CLK0                                  | total_1_i/ps7_0_axi_periph/s00_couplers/auto_pc/inst/gen_axilite.gen_b2s_conv.axilite_b2s/WR.aw_channel_0/cmd_translator_0/incr_cmd_0/axaddr_incr[11]_i_1_n_0 |                                                                                                                                                      |                1 |              4 |
|  total_1_i/processing_system7_0/inst/FCLK_CLK0                                  |                                                                                                                                                               | total_1_i/ps7_0_axi_periph/s00_couplers/auto_pc/inst/gen_axilite.gen_b2s_conv.axilite_b2s/SI_REG/aw.aw_pipe/aresetn_d_reg[0]_0                       |                3 |              4 |
|  total_1_i/processing_system7_0/inst/FCLK_CLK0                                  |                                                                                                                                                               | total_1_i/rst_ps7_0_100M/U0/EXT_LPF/lpf_int                                                                                                          |                1 |              4 |
|  total_1_i/processing_system7_0/inst/FCLK_CLK0                                  |                                                                                                                                                               | total_1_i/ps7_0_axi_periph/s00_couplers/auto_pc/inst/gen_axilite.gen_b2s_conv.axilite_b2s/SI_REG/ar.ar_pipe/aresetn_d_reg[1]_inv_0                   |                2 |              4 |
|  total_1_i/processing_system7_0/inst/FCLK_CLK0                                  | total_1_i/ps7_0_axi_periph/s00_couplers/auto_pc/inst/gen_axilite.gen_b2s_conv.axilite_b2s/WR.aw_channel_0/aw_cmd_fsm_0/E[0]                                   |                                                                                                                                                      |                2 |              4 |
|  total_1_i/processing_system7_0/inst/FCLK_CLK0                                  | total_1_i/ps7_0_axi_periph/s00_couplers/auto_pc/inst/gen_axilite.gen_b2s_conv.axilite_b2s/RD.ar_channel_0/ar_cmd_fsm_0/E[0]                                   |                                                                                                                                                      |                3 |              4 |
|  total_1_i/processing_system7_0/inst/FCLK_CLK0                                  | total_1_i/ps7_0_axi_periph/s00_couplers/auto_pc/inst/gen_axilite.gen_b2s_conv.axilite_b2s/RD.ar_channel_0/ar_cmd_fsm_0/sel_first_reg[0]                       |                                                                                                                                                      |                1 |              4 |
|  total_1_i/processing_system7_0/inst/FCLK_CLK0                                  |                                                                                                                                                               | total_1_i/total_0/inst/total_v1_0_S00_AXI_inst/ctrl1/cnt[4]_i_1_n_0                                                                                  |                2 |              5 |
|  total_1_i/processing_system7_0/inst/FCLK_CLK0                                  | total_1_i/ps7_0_axi_periph/s00_couplers/auto_pc/inst/gen_axilite.gen_b2s_conv.axilite_b2s/RD.r_channel_0/rd_data_fifo_0/E[0]                                  | total_1_i/ps7_0_axi_periph/s00_couplers/auto_pc/inst/gen_axilite.gen_b2s_conv.axilite_b2s/areset_d1                                                  |                2 |              5 |
|  total_1_i/processing_system7_0/inst/FCLK_CLK0                                  | total_1_i/ps7_0_axi_periph/s00_couplers/auto_pc/inst/gen_axilite.gen_b2s_conv.axilite_b2s/RD.ar_channel_0/ar_cmd_fsm_0/m_valid_i_reg                          | total_1_i/ps7_0_axi_periph/s00_couplers/auto_pc/inst/gen_axilite.gen_b2s_conv.axilite_b2s/RD.ar_channel_0/ar_cmd_fsm_0/FSM_sequential_state_reg[0]_0 |                2 |              5 |
|  total_1_i/processing_system7_0/inst/FCLK_CLK0                                  | total_1_i/ps7_0_axi_periph/s00_couplers/auto_pc/inst/gen_axilite.gen_b2s_conv.axilite_b2s/RD.r_channel_0/rd_data_fifo_0/cnt_read[4]_i_1_n_0                   | total_1_i/ps7_0_axi_periph/s00_couplers/auto_pc/inst/gen_axilite.gen_b2s_conv.axilite_b2s/areset_d1                                                  |                2 |              5 |
|  total_1_i/processing_system7_0/inst/FCLK_CLK0                                  | total_1_i/rst_ps7_0_100M/U0/SEQ/seq_cnt_en                                                                                                                    | total_1_i/rst_ps7_0_100M/U0/SEQ/SEQ_COUNTER/clear                                                                                                    |                1 |              6 |
|  total_1_i/processing_system7_0/inst/FCLK_CLK0                                  | total_1_i/total_0/inst/total_v1_0_S00_AXI_inst/slv_reg2[31]_i_1_n_0                                                                                           | total_1_i/total_0/inst/total_v1_0_S00_AXI_inst/ctrl1/SR[0]                                                                                           |                1 |              8 |
|  total_1_i/processing_system7_0/inst/FCLK_CLK0                                  | total_1_i/total_0/inst/total_v1_0_S00_AXI_inst/slv_reg3[23]_i_1_n_0                                                                                           | total_1_i/total_0/inst/total_v1_0_S00_AXI_inst/ctrl1/SR[0]                                                                                           |                1 |              8 |
|  total_1_i/processing_system7_0/inst/FCLK_CLK0                                  | total_1_i/total_0/inst/total_v1_0_S00_AXI_inst/slv_reg3[31]_i_1_n_0                                                                                           | total_1_i/total_0/inst/total_v1_0_S00_AXI_inst/ctrl1/SR[0]                                                                                           |                1 |              8 |
|  total_1_i/processing_system7_0/inst/FCLK_CLK0                                  | total_1_i/total_0/inst/total_v1_0_S00_AXI_inst/slv_reg2[15]_i_1_n_0                                                                                           | total_1_i/total_0/inst/total_v1_0_S00_AXI_inst/ctrl1/SR[0]                                                                                           |                1 |              8 |
|  total_1_i/processing_system7_0/inst/FCLK_CLK0                                  | total_1_i/total_0/inst/total_v1_0_S00_AXI_inst/slv_reg2[7]_i_1_n_0                                                                                            | total_1_i/total_0/inst/total_v1_0_S00_AXI_inst/ctrl1/SR[0]                                                                                           |                1 |              8 |
|  total_1_i/total_0/inst/total_v1_0_S00_AXI_inst/ctrl1/matrixC_reg[1][7]_i_2_n_0 |                                                                                                                                                               |                                                                                                                                                      |                4 |              8 |
|  total_1_i/processing_system7_0/inst/FCLK_CLK0                                  | total_1_i/total_0/inst/total_v1_0_S00_AXI_inst/slv_reg3[15]_i_1_n_0                                                                                           | total_1_i/total_0/inst/total_v1_0_S00_AXI_inst/ctrl1/SR[0]                                                                                           |                1 |              8 |
|  total_1_i/processing_system7_0/inst/FCLK_CLK0                                  | total_1_i/total_0/inst/total_v1_0_S00_AXI_inst/slv_reg3[7]_i_1_n_0                                                                                            | total_1_i/total_0/inst/total_v1_0_S00_AXI_inst/ctrl1/SR[0]                                                                                           |                1 |              8 |
|  total_1_i/processing_system7_0/inst/FCLK_CLK0                                  | total_1_i/total_0/inst/total_v1_0_S00_AXI_inst/ctrl1/matrixA[3][7]_i_1_n_0                                                                                    |                                                                                                                                                      |                4 |              8 |
|  total_1_i/processing_system7_0/inst/FCLK_CLK0                                  | total_1_i/total_0/inst/total_v1_0_S00_AXI_inst/ctrl1/matrixA[2][7]_i_1_n_0                                                                                    |                                                                                                                                                      |                3 |              8 |
|  total_1_i/processing_system7_0/inst/FCLK_CLK0                                  | total_1_i/total_0/inst/total_v1_0_S00_AXI_inst/ctrl1/matrixB[2][7]_i_1_n_0                                                                                    |                                                                                                                                                      |                5 |              8 |
|  total_1_i/processing_system7_0/inst/FCLK_CLK0                                  | total_1_i/total_0/inst/total_v1_0_S00_AXI_inst/ctrl1/matrixA[1][7]_i_1_n_0                                                                                    |                                                                                                                                                      |                3 |              8 |
|  total_1_i/processing_system7_0/inst/FCLK_CLK0                                  | total_1_i/total_0/inst/total_v1_0_S00_AXI_inst/slv_reg2[23]_i_1_n_0                                                                                           | total_1_i/total_0/inst/total_v1_0_S00_AXI_inst/ctrl1/SR[0]                                                                                           |                1 |              8 |
|  total_1_i/processing_system7_0/inst/FCLK_CLK0                                  | total_1_i/total_0/inst/total_v1_0_S00_AXI_inst/ctrl1/matrixB[1][7]_i_1_n_0                                                                                    |                                                                                                                                                      |                6 |              8 |
|  total_1_i/processing_system7_0/inst/FCLK_CLK0                                  | total_1_i/total_0/inst/total_v1_0_S00_AXI_inst/ctrl1/matrixA                                                                                                  |                                                                                                                                                      |                4 |              8 |
|  total_1_i/processing_system7_0/inst/FCLK_CLK0                                  | total_1_i/total_0/inst/total_v1_0_S00_AXI_inst/ctrl1/matrixB                                                                                                  |                                                                                                                                                      |                5 |              8 |
|  total_1_i/processing_system7_0/inst/FCLK_CLK0                                  | total_1_i/total_0/inst/total_v1_0_S00_AXI_inst/ctrl1/matrixB[3][7]_i_1_n_0                                                                                    |                                                                                                                                                      |                4 |              8 |
|  total_1_i/processing_system7_0/inst/FCLK_CLK0                                  | total_1_i/total_0/inst/total_v1_0_S00_AXI_inst/ctrl1/ins[7]_i_2_n_0                                                                                           | total_1_i/total_0/inst/total_v1_0_S00_AXI_inst/ctrl1/ins[7]_i_1_n_0                                                                                  |                3 |              8 |
|  total_1_i/processing_system7_0/inst/FCLK_CLK0                                  | total_1_i/ps7_0_axi_periph/s00_couplers/auto_pc/inst/gen_axilite.gen_b2s_conv.axilite_b2s/WR.b_channel_0/mhandshake_r                                         | total_1_i/ps7_0_axi_periph/s00_couplers/auto_pc/inst/gen_axilite.gen_b2s_conv.axilite_b2s/WR.b_channel_0/bid_fifo_0/SR[0]                            |                3 |              8 |
|  total_1_i/total_0/inst/total_v1_0_S00_AXI_inst/ctrl1/det_result_reg[7]_i_1_n_0 |                                                                                                                                                               |                                                                                                                                                      |                2 |              8 |
|  total_1_i/processing_system7_0/inst/FCLK_CLK0                                  |                                                                                                                                                               | total_1_i/ps7_0_axi_periph/s00_couplers/auto_pc/inst/gen_axilite.gen_b2s_conv.axilite_b2s/areset_d1                                                  |                4 |             10 |
|  total_1_i/processing_system7_0/inst/FCLK_CLK0                                  | total_1_i/ps7_0_axi_periph/s00_couplers/auto_pc/inst/gen_axilite.gen_b2s_conv.axilite_b2s/RD.r_channel_0/r_push_r                                             |                                                                                                                                                      |                4 |             13 |
|  total_1_i/processing_system7_0/inst/FCLK_CLK0                                  | total_1_i/ps7_0_axi_periph/s00_couplers/auto_pc/inst/gen_axilite.gen_b2s_conv.axilite_b2s/RD.ar_channel_0/ar_cmd_fsm_0/m_valid_i_reg                          |                                                                                                                                                      |                5 |             13 |
|  total_1_i/processing_system7_0/inst/FCLK_CLK0                                  | total_1_i/ps7_0_axi_periph/s00_couplers/auto_pc/inst/gen_axilite.gen_b2s_conv.axilite_b2s/SI_REG/b.b_pipe/p_1_in                                              |                                                                                                                                                      |                3 |             14 |
|  total_1_i/processing_system7_0/inst/FCLK_CLK0                                  | total_1_i/ps7_0_axi_periph/s00_couplers/auto_pc/inst/gen_axilite.gen_b2s_conv.axilite_b2s/SI_REG/b.b_pipe/s_ready_i_reg_0                                     |                                                                                                                                                      |                3 |             14 |
|  total_1_i/processing_system7_0/inst/FCLK_CLK0                                  |                                                                                                                                                               | total_1_i/total_0/inst/total_v1_0_S00_AXI_inst/ctrl1/SR[0]                                                                                           |                5 |             14 |
|  total_1_i/processing_system7_0/inst/FCLK_CLK0                                  | total_1_i/ps7_0_axi_periph/s00_couplers/auto_pc/inst/gen_axilite.gen_b2s_conv.axilite_b2s/WR.aw_channel_0/aw_cmd_fsm_0/b_push                                 |                                                                                                                                                      |                3 |             16 |
|  total_1_i/processing_system7_0/inst/FCLK_CLK0                                  | total_1_i/ps7_0_axi_periph/s00_couplers/auto_pc/inst/gen_axilite.gen_b2s_conv.axilite_b2s/WR.aw_channel_0/aw_cmd_fsm_0/m_axi_awready_1                        |                                                                                                                                                      |                8 |             17 |
|  total_1_i/total_0/inst/total_v1_0_S00_AXI_inst/ctrl1/matrixC_reg[3][7]_i_2_n_0 |                                                                                                                                                               |                                                                                                                                                      |               14 |             24 |
|  total_1_i/processing_system7_0/inst/FCLK_CLK0                                  | total_1_i/ps7_0_axi_periph/s00_couplers/auto_pc/inst/gen_axilite.gen_b2s_conv.axilite_b2s/WR.aw_channel_0/aw_cmd_fsm_0/m_valid_i_reg[0]                       |                                                                                                                                                      |                7 |             27 |
|  total_1_i/processing_system7_0/inst/FCLK_CLK0                                  | total_1_i/ps7_0_axi_periph/s00_couplers/auto_pc/inst/gen_axilite.gen_b2s_conv.axilite_b2s/SI_REG/ar.ar_pipe/s_ready_i_reg_0                                   |                                                                                                                                                      |                6 |             27 |
|  total_1_i/processing_system7_0/inst/FCLK_CLK0                                  | total_1_i/ps7_0_axi_periph/s00_couplers/auto_pc/inst/gen_axilite.gen_b2s_conv.axilite_b2s/SI_REG/aw.aw_pipe/s_ready_i_reg_0                                   |                                                                                                                                                      |                7 |             27 |
|  total_1_i/processing_system7_0/inst/FCLK_CLK0                                  | total_1_i/ps7_0_axi_periph/s00_couplers/auto_pc/inst/gen_axilite.gen_b2s_conv.axilite_b2s/RD.ar_channel_0/ar_cmd_fsm_0/FSM_sequential_state_reg[1]_0[0]       |                                                                                                                                                      |                7 |             27 |
|  total_1_i/processing_system7_0/inst/FCLK_CLK0                                  | total_1_i/ps7_0_axi_periph/s00_couplers/auto_pc/inst/gen_axilite.gen_b2s_conv.axilite_b2s/RD.r_channel_0/rd_data_fifo_0/wr_en0                                |                                                                                                                                                      |                8 |             32 |
|  total_1_i/processing_system7_0/inst/FCLK_CLK0                                  | total_1_i/total_0/inst/total_v1_0_S00_AXI_inst/slv_reg_rden__0                                                                                                | total_1_i/total_0/inst/total_v1_0_S00_AXI_inst/ctrl1/SR[0]                                                                                           |               12 |             32 |
|  total_1_i/processing_system7_0/inst/FCLK_CLK0                                  | total_1_i/ps7_0_axi_periph/s00_couplers/auto_pc/inst/gen_axilite.gen_b2s_conv.axilite_b2s/SI_REG/r.r_pipe/s_ready_i_reg_0                                     |                                                                                                                                                      |                8 |             45 |
|  total_1_i/processing_system7_0/inst/FCLK_CLK0                                  | total_1_i/ps7_0_axi_periph/s00_couplers/auto_pc/inst/gen_axilite.gen_b2s_conv.axilite_b2s/SI_REG/r.r_pipe/p_1_in                                              |                                                                                                                                                      |                9 |             45 |
|  total_1_i/processing_system7_0/inst/FCLK_CLK0                                  |                                                                                                                                                               |                                                                                                                                                      |               35 |            112 |
+---------------------------------------------------------------------------------+---------------------------------------------------------------------------------------------------------------------------------------------------------------+------------------------------------------------------------------------------------------------------------------------------------------------------+------------------+----------------+


