20:04:38 INFO  : Registering command handlers for SDK TCF services
20:04:41 INFO  : Launching XSCT server: xsct.bat -interactive C:\Users\xb2m8\Desktop\2019_FPGA_Design_Group3\Lab03\Sorting\Sorting.sdk\temp_xsdb_launch_script.tcl
20:04:46 INFO  : XSCT server has started successfully.
20:04:46 INFO  : Successfully done setting XSCT server connection channel  
20:04:47 INFO  : Successfully done setting SDK workspace  
20:04:47 INFO  : Processing command line option -hwspec C:/Users/xb2m8/Desktop/2019_FPGA_Design_Group3/Lab03/Sorting/Sorting.sdk/design_1_wrapper.hdf.
20:20:40 INFO  : Connected to target on host '127.0.0.1' and port '3121'.
20:20:41 INFO  : Jtag cable 'Xilinx TUL 1234-tulA' is selected.
20:20:41 INFO  : 'jtag frequency' command is executed.
20:20:41 INFO  : Sourcing of 'C:/Users/xb2m8/Desktop/2019_FPGA_Design_Group3/Lab03/Sorting/Sorting.sdk/design_1_wrapper_hw_platform_0/ps7_init.tcl' is done.
20:20:41 INFO  : Context for 'APU' is selected.
20:20:42 INFO  : System reset is completed.
20:20:45 INFO  : 'after 3000' command is executed.
20:20:45 INFO  : Context for 'APU' is selected.
20:20:45 INFO  : Hardware design information is loaded from 'C:/Users/xb2m8/Desktop/2019_FPGA_Design_Group3/Lab03/Sorting/Sorting.sdk/design_1_wrapper_hw_platform_0/system.hdf'.
20:20:45 INFO  : 'configparams force-mem-access 1' command is executed.
20:20:45 INFO  : Context for 'APU' is selected.
20:20:45 INFO  : 'ps7_init' command is executed.
20:20:45 INFO  : 'ps7_post_config' command is executed.
20:20:45 INFO  : Context for processor 'ps7_cortexa9_0' is selected.
20:20:45 INFO  : The application 'C:/Users/xb2m8/Desktop/2019_FPGA_Design_Group3/Lab03/Sorting/Sorting.sdk/sorting/Debug/sorting.elf' is downloaded to processor 'ps7_cortexa9_0'.
20:20:45 INFO  : 'configparams force-mem-access 0' command is executed.
20:20:45 INFO  : ----------------XSDB Script----------------
connect -url tcp:127.0.0.1:3121
source C:/Users/xb2m8/Desktop/2019_FPGA_Design_Group3/Lab03/Sorting/Sorting.sdk/design_1_wrapper_hw_platform_0/ps7_init.tcl
targets -set -nocase -filter {name =~"APU*" && jtag_cable_name =~ "Xilinx TUL 1234-tulA"} -index 0
rst -system
after 3000
targets -set -nocase -filter {name =~"APU*" && jtag_cable_name =~ "Xilinx TUL 1234-tulA"} -index 0
loadhw -hw C:/Users/xb2m8/Desktop/2019_FPGA_Design_Group3/Lab03/Sorting/Sorting.sdk/design_1_wrapper_hw_platform_0/system.hdf -mem-ranges [list {0x40000000 0xbfffffff}]
configparams force-mem-access 1
targets -set -nocase -filter {name =~"APU*" && jtag_cable_name =~ "Xilinx TUL 1234-tulA"} -index 0
ps7_init
ps7_post_config
targets -set -nocase -filter {name =~ "ARM*#0" && jtag_cable_name =~ "Xilinx TUL 1234-tulA"} -index 0
dow C:/Users/xb2m8/Desktop/2019_FPGA_Design_Group3/Lab03/Sorting/Sorting.sdk/sorting/Debug/sorting.elf
configparams force-mem-access 0
----------------End of Script----------------

20:20:45 INFO  : Context for processor 'ps7_cortexa9_0' is selected.
20:20:45 INFO  : 'con' command is executed.
20:20:45 INFO  : ----------------XSDB Script (After Launch)----------------
targets -set -nocase -filter {name =~ "ARM*#0" && jtag_cable_name =~ "Xilinx TUL 1234-tulA"} -index 0
con
----------------End of Script----------------

20:20:45 INFO  : Disconnected from the channel tcfchan#1.
20:31:09 INFO  : Connected to target on host '127.0.0.1' and port '3121'.
20:31:09 INFO  : Jtag cable 'Xilinx TUL 1234-tulA' is selected.
20:31:09 INFO  : 'jtag frequency' command is executed.
20:31:09 INFO  : Sourcing of 'C:/Users/xb2m8/Desktop/2019_FPGA_Design_Group3/Lab03/Sorting/Sorting.sdk/design_1_wrapper_hw_platform_0/ps7_init.tcl' is done.
20:31:09 INFO  : Context for 'APU' is selected.
20:31:10 INFO  : System reset is completed.
20:31:13 INFO  : 'after 3000' command is executed.
20:31:13 INFO  : Context for 'APU' is selected.
20:31:15 INFO  : Hardware design information is loaded from 'C:/Users/xb2m8/Desktop/2019_FPGA_Design_Group3/Lab03/Sorting/Sorting.sdk/design_1_wrapper_hw_platform_0/system.hdf'.
20:31:15 INFO  : 'configparams force-mem-access 1' command is executed.
20:31:15 INFO  : Context for 'APU' is selected.
20:31:16 INFO  : 'ps7_init' command is executed.
20:31:16 INFO  : 'ps7_post_config' command is executed.
20:31:16 INFO  : Context for processor 'ps7_cortexa9_0' is selected.
20:31:16 INFO  : The application 'C:/Users/xb2m8/Desktop/2019_FPGA_Design_Group3/Lab03/Sorting/Sorting.sdk/sorting/Debug/sorting.elf' is downloaded to processor 'ps7_cortexa9_0'.
20:31:16 INFO  : 'configparams force-mem-access 0' command is executed.
20:31:16 INFO  : ----------------XSDB Script----------------
connect -url tcp:127.0.0.1:3121
source C:/Users/xb2m8/Desktop/2019_FPGA_Design_Group3/Lab03/Sorting/Sorting.sdk/design_1_wrapper_hw_platform_0/ps7_init.tcl
targets -set -nocase -filter {name =~"APU*" && jtag_cable_name =~ "Xilinx TUL 1234-tulA"} -index 0
rst -system
after 3000
targets -set -nocase -filter {name =~"APU*" && jtag_cable_name =~ "Xilinx TUL 1234-tulA"} -index 0
loadhw -hw C:/Users/xb2m8/Desktop/2019_FPGA_Design_Group3/Lab03/Sorting/Sorting.sdk/design_1_wrapper_hw_platform_0/system.hdf -mem-ranges [list {0x40000000 0xbfffffff}]
configparams force-mem-access 1
targets -set -nocase -filter {name =~"APU*" && jtag_cable_name =~ "Xilinx TUL 1234-tulA"} -index 0
ps7_init
ps7_post_config
targets -set -nocase -filter {name =~ "ARM*#0" && jtag_cable_name =~ "Xilinx TUL 1234-tulA"} -index 0
dow C:/Users/xb2m8/Desktop/2019_FPGA_Design_Group3/Lab03/Sorting/Sorting.sdk/sorting/Debug/sorting.elf
configparams force-mem-access 0
----------------End of Script----------------

20:31:16 INFO  : Context for processor 'ps7_cortexa9_0' is selected.
20:31:16 INFO  : 'con' command is executed.
20:31:16 INFO  : ----------------XSDB Script (After Launch)----------------
targets -set -nocase -filter {name =~ "ARM*#0" && jtag_cable_name =~ "Xilinx TUL 1234-tulA"} -index 0
con
----------------End of Script----------------

20:31:16 INFO  : Disconnected from the channel tcfchan#2.
20:32:17 INFO  : Connected to target on host '127.0.0.1' and port '3121'.
20:32:18 INFO  : Jtag cable 'Xilinx TUL 1234-tulA' is selected.
20:32:18 INFO  : 'jtag frequency' command is executed.
20:32:18 INFO  : Sourcing of 'C:/Users/xb2m8/Desktop/2019_FPGA_Design_Group3/Lab03/Sorting/Sorting.sdk/design_1_wrapper_hw_platform_0/ps7_init.tcl' is done.
20:32:18 INFO  : Context for 'APU' is selected.
20:32:18 INFO  : System reset is completed.
20:32:21 INFO  : 'after 3000' command is executed.
20:32:21 INFO  : Context for 'APU' is selected.
20:32:23 INFO  : Hardware design information is loaded from 'C:/Users/xb2m8/Desktop/2019_FPGA_Design_Group3/Lab03/Sorting/Sorting.sdk/design_1_wrapper_hw_platform_0/system.hdf'.
20:32:23 INFO  : 'configparams force-mem-access 1' command is executed.
20:32:23 INFO  : Context for 'APU' is selected.
20:32:23 INFO  : 'ps7_init' command is executed.
20:32:23 INFO  : 'ps7_post_config' command is executed.
20:32:23 INFO  : Context for processor 'ps7_cortexa9_0' is selected.
20:32:23 INFO  : The application 'C:/Users/xb2m8/Desktop/2019_FPGA_Design_Group3/Lab03/Sorting/Sorting.sdk/sorting/Debug/sorting.elf' is downloaded to processor 'ps7_cortexa9_0'.
20:32:23 INFO  : 'configparams force-mem-access 0' command is executed.
20:32:23 INFO  : ----------------XSDB Script----------------
connect -url tcp:127.0.0.1:3121
source C:/Users/xb2m8/Desktop/2019_FPGA_Design_Group3/Lab03/Sorting/Sorting.sdk/design_1_wrapper_hw_platform_0/ps7_init.tcl
targets -set -nocase -filter {name =~"APU*" && jtag_cable_name =~ "Xilinx TUL 1234-tulA"} -index 0
rst -system
after 3000
targets -set -nocase -filter {name =~"APU*" && jtag_cable_name =~ "Xilinx TUL 1234-tulA"} -index 0
loadhw -hw C:/Users/xb2m8/Desktop/2019_FPGA_Design_Group3/Lab03/Sorting/Sorting.sdk/design_1_wrapper_hw_platform_0/system.hdf -mem-ranges [list {0x40000000 0xbfffffff}]
configparams force-mem-access 1
targets -set -nocase -filter {name =~"APU*" && jtag_cable_name =~ "Xilinx TUL 1234-tulA"} -index 0
ps7_init
ps7_post_config
targets -set -nocase -filter {name =~ "ARM*#0" && jtag_cable_name =~ "Xilinx TUL 1234-tulA"} -index 0
dow C:/Users/xb2m8/Desktop/2019_FPGA_Design_Group3/Lab03/Sorting/Sorting.sdk/sorting/Debug/sorting.elf
configparams force-mem-access 0
----------------End of Script----------------

20:32:23 INFO  : Context for processor 'ps7_cortexa9_0' is selected.
20:32:23 INFO  : 'con' command is executed.
20:32:23 INFO  : ----------------XSDB Script (After Launch)----------------
targets -set -nocase -filter {name =~ "ARM*#0" && jtag_cable_name =~ "Xilinx TUL 1234-tulA"} -index 0
con
----------------End of Script----------------

20:32:23 INFO  : Disconnected from the channel tcfchan#3.
20:34:09 INFO  : Connected to target on host '127.0.0.1' and port '3121'.
20:34:09 INFO  : Jtag cable 'Xilinx TUL 1234-tulA' is selected.
20:34:09 INFO  : 'jtag frequency' command is executed.
20:34:09 INFO  : Sourcing of 'C:/Users/xb2m8/Desktop/2019_FPGA_Design_Group3/Lab03/Sorting/Sorting.sdk/design_1_wrapper_hw_platform_0/ps7_init.tcl' is done.
20:34:09 INFO  : Context for 'APU' is selected.
20:34:09 INFO  : System reset is completed.
20:34:12 INFO  : 'after 3000' command is executed.
20:34:12 INFO  : Context for 'APU' is selected.
20:34:14 INFO  : Hardware design information is loaded from 'C:/Users/xb2m8/Desktop/2019_FPGA_Design_Group3/Lab03/Sorting/Sorting.sdk/design_1_wrapper_hw_platform_0/system.hdf'.
20:34:14 INFO  : 'configparams force-mem-access 1' command is executed.
20:34:14 INFO  : Context for 'APU' is selected.
20:34:15 INFO  : 'ps7_init' command is executed.
20:34:15 INFO  : 'ps7_post_config' command is executed.
20:34:15 INFO  : Context for processor 'ps7_cortexa9_0' is selected.
20:34:15 INFO  : The application 'C:/Users/xb2m8/Desktop/2019_FPGA_Design_Group3/Lab03/Sorting/Sorting.sdk/sorting/Debug/sorting.elf' is downloaded to processor 'ps7_cortexa9_0'.
20:34:15 INFO  : 'configparams force-mem-access 0' command is executed.
20:34:15 INFO  : ----------------XSDB Script----------------
connect -url tcp:127.0.0.1:3121
source C:/Users/xb2m8/Desktop/2019_FPGA_Design_Group3/Lab03/Sorting/Sorting.sdk/design_1_wrapper_hw_platform_0/ps7_init.tcl
targets -set -nocase -filter {name =~"APU*" && jtag_cable_name =~ "Xilinx TUL 1234-tulA"} -index 0
rst -system
after 3000
targets -set -nocase -filter {name =~"APU*" && jtag_cable_name =~ "Xilinx TUL 1234-tulA"} -index 0
loadhw -hw C:/Users/xb2m8/Desktop/2019_FPGA_Design_Group3/Lab03/Sorting/Sorting.sdk/design_1_wrapper_hw_platform_0/system.hdf -mem-ranges [list {0x40000000 0xbfffffff}]
configparams force-mem-access 1
targets -set -nocase -filter {name =~"APU*" && jtag_cable_name =~ "Xilinx TUL 1234-tulA"} -index 0
ps7_init
ps7_post_config
targets -set -nocase -filter {name =~ "ARM*#0" && jtag_cable_name =~ "Xilinx TUL 1234-tulA"} -index 0
dow C:/Users/xb2m8/Desktop/2019_FPGA_Design_Group3/Lab03/Sorting/Sorting.sdk/sorting/Debug/sorting.elf
configparams force-mem-access 0
----------------End of Script----------------

20:34:15 INFO  : Context for processor 'ps7_cortexa9_0' is selected.
20:34:15 INFO  : 'con' command is executed.
20:34:15 INFO  : ----------------XSDB Script (After Launch)----------------
targets -set -nocase -filter {name =~ "ARM*#0" && jtag_cable_name =~ "Xilinx TUL 1234-tulA"} -index 0
con
----------------End of Script----------------

20:34:15 INFO  : Disconnected from the channel tcfchan#4.
20:35:08 INFO  : Connected to target on host '127.0.0.1' and port '3121'.
20:35:08 INFO  : Jtag cable 'Xilinx TUL 1234-tulA' is selected.
20:35:08 INFO  : 'jtag frequency' command is executed.
20:35:08 INFO  : Sourcing of 'C:/Users/xb2m8/Desktop/2019_FPGA_Design_Group3/Lab03/Sorting/Sorting.sdk/design_1_wrapper_hw_platform_0/ps7_init.tcl' is done.
20:35:08 INFO  : Context for 'APU' is selected.
20:35:09 INFO  : System reset is completed.
20:35:12 INFO  : 'after 3000' command is executed.
20:35:12 INFO  : Context for 'APU' is selected.
20:35:13 INFO  : Hardware design information is loaded from 'C:/Users/xb2m8/Desktop/2019_FPGA_Design_Group3/Lab03/Sorting/Sorting.sdk/design_1_wrapper_hw_platform_0/system.hdf'.
20:35:13 INFO  : 'configparams force-mem-access 1' command is executed.
20:35:13 INFO  : Context for 'APU' is selected.
20:35:14 INFO  : 'ps7_init' command is executed.
20:35:14 INFO  : 'ps7_post_config' command is executed.
20:35:14 INFO  : Context for processor 'ps7_cortexa9_0' is selected.
20:35:14 INFO  : The application 'C:/Users/xb2m8/Desktop/2019_FPGA_Design_Group3/Lab03/Sorting/Sorting.sdk/sorting/Debug/sorting.elf' is downloaded to processor 'ps7_cortexa9_0'.
20:35:14 INFO  : 'configparams force-mem-access 0' command is executed.
20:35:14 INFO  : ----------------XSDB Script----------------
connect -url tcp:127.0.0.1:3121
source C:/Users/xb2m8/Desktop/2019_FPGA_Design_Group3/Lab03/Sorting/Sorting.sdk/design_1_wrapper_hw_platform_0/ps7_init.tcl
targets -set -nocase -filter {name =~"APU*" && jtag_cable_name =~ "Xilinx TUL 1234-tulA"} -index 0
rst -system
after 3000
targets -set -nocase -filter {name =~"APU*" && jtag_cable_name =~ "Xilinx TUL 1234-tulA"} -index 0
loadhw -hw C:/Users/xb2m8/Desktop/2019_FPGA_Design_Group3/Lab03/Sorting/Sorting.sdk/design_1_wrapper_hw_platform_0/system.hdf -mem-ranges [list {0x40000000 0xbfffffff}]
configparams force-mem-access 1
targets -set -nocase -filter {name =~"APU*" && jtag_cable_name =~ "Xilinx TUL 1234-tulA"} -index 0
ps7_init
ps7_post_config
targets -set -nocase -filter {name =~ "ARM*#0" && jtag_cable_name =~ "Xilinx TUL 1234-tulA"} -index 0
dow C:/Users/xb2m8/Desktop/2019_FPGA_Design_Group3/Lab03/Sorting/Sorting.sdk/sorting/Debug/sorting.elf
configparams force-mem-access 0
----------------End of Script----------------

20:35:14 INFO  : Context for processor 'ps7_cortexa9_0' is selected.
20:35:14 INFO  : 'con' command is executed.
20:35:14 INFO  : ----------------XSDB Script (After Launch)----------------
targets -set -nocase -filter {name =~ "ARM*#0" && jtag_cable_name =~ "Xilinx TUL 1234-tulA"} -index 0
con
----------------End of Script----------------

20:35:14 INFO  : Disconnected from the channel tcfchan#5.
20:36:32 INFO  : Connected to target on host '127.0.0.1' and port '3121'.
20:36:32 INFO  : Jtag cable 'Xilinx TUL 1234-tulA' is selected.
20:36:32 INFO  : 'jtag frequency' command is executed.
20:36:32 INFO  : Sourcing of 'C:/Users/xb2m8/Desktop/2019_FPGA_Design_Group3/Lab03/Sorting/Sorting.sdk/design_1_wrapper_hw_platform_0/ps7_init.tcl' is done.
20:36:32 INFO  : Context for 'APU' is selected.
20:36:32 INFO  : System reset is completed.
20:36:35 INFO  : 'after 3000' command is executed.
20:36:35 INFO  : Context for 'APU' is selected.
20:36:37 INFO  : Hardware design information is loaded from 'C:/Users/xb2m8/Desktop/2019_FPGA_Design_Group3/Lab03/Sorting/Sorting.sdk/design_1_wrapper_hw_platform_0/system.hdf'.
20:36:37 INFO  : 'configparams force-mem-access 1' command is executed.
20:36:37 INFO  : Context for 'APU' is selected.
20:36:38 INFO  : 'ps7_init' command is executed.
20:36:38 INFO  : 'ps7_post_config' command is executed.
20:36:38 INFO  : Context for processor 'ps7_cortexa9_0' is selected.
20:36:38 INFO  : The application 'C:/Users/xb2m8/Desktop/2019_FPGA_Design_Group3/Lab03/Sorting/Sorting.sdk/sorting/Debug/sorting.elf' is downloaded to processor 'ps7_cortexa9_0'.
20:36:38 INFO  : 'configparams force-mem-access 0' command is executed.
20:36:38 INFO  : ----------------XSDB Script----------------
connect -url tcp:127.0.0.1:3121
source C:/Users/xb2m8/Desktop/2019_FPGA_Design_Group3/Lab03/Sorting/Sorting.sdk/design_1_wrapper_hw_platform_0/ps7_init.tcl
targets -set -nocase -filter {name =~"APU*" && jtag_cable_name =~ "Xilinx TUL 1234-tulA"} -index 0
rst -system
after 3000
targets -set -nocase -filter {name =~"APU*" && jtag_cable_name =~ "Xilinx TUL 1234-tulA"} -index 0
loadhw -hw C:/Users/xb2m8/Desktop/2019_FPGA_Design_Group3/Lab03/Sorting/Sorting.sdk/design_1_wrapper_hw_platform_0/system.hdf -mem-ranges [list {0x40000000 0xbfffffff}]
configparams force-mem-access 1
targets -set -nocase -filter {name =~"APU*" && jtag_cable_name =~ "Xilinx TUL 1234-tulA"} -index 0
ps7_init
ps7_post_config
targets -set -nocase -filter {name =~ "ARM*#0" && jtag_cable_name =~ "Xilinx TUL 1234-tulA"} -index 0
dow C:/Users/xb2m8/Desktop/2019_FPGA_Design_Group3/Lab03/Sorting/Sorting.sdk/sorting/Debug/sorting.elf
configparams force-mem-access 0
----------------End of Script----------------

20:36:38 INFO  : Context for processor 'ps7_cortexa9_0' is selected.
20:36:38 INFO  : 'con' command is executed.
20:36:38 INFO  : ----------------XSDB Script (After Launch)----------------
targets -set -nocase -filter {name =~ "ARM*#0" && jtag_cable_name =~ "Xilinx TUL 1234-tulA"} -index 0
con
----------------End of Script----------------

20:36:38 INFO  : Disconnected from the channel tcfchan#6.
20:37:49 INFO  : Connected to target on host '127.0.0.1' and port '3121'.
20:37:50 INFO  : Jtag cable 'Xilinx TUL 1234-tulA' is selected.
20:37:50 INFO  : 'jtag frequency' command is executed.
20:37:50 INFO  : Sourcing of 'C:/Users/xb2m8/Desktop/2019_FPGA_Design_Group3/Lab03/Sorting/Sorting.sdk/design_1_wrapper_hw_platform_0/ps7_init.tcl' is done.
20:37:50 INFO  : Context for 'APU' is selected.
20:37:50 INFO  : System reset is completed.
20:37:53 INFO  : 'after 3000' command is executed.
20:37:53 INFO  : Context for 'APU' is selected.
20:37:55 INFO  : Hardware design information is loaded from 'C:/Users/xb2m8/Desktop/2019_FPGA_Design_Group3/Lab03/Sorting/Sorting.sdk/design_1_wrapper_hw_platform_0/system.hdf'.
20:37:55 INFO  : 'configparams force-mem-access 1' command is executed.
20:37:55 INFO  : Context for 'APU' is selected.
20:37:55 INFO  : 'ps7_init' command is executed.
20:37:55 INFO  : 'ps7_post_config' command is executed.
20:37:56 INFO  : Context for processor 'ps7_cortexa9_0' is selected.
20:37:56 INFO  : The application 'C:/Users/xb2m8/Desktop/2019_FPGA_Design_Group3/Lab03/Sorting/Sorting.sdk/sorting/Debug/sorting.elf' is downloaded to processor 'ps7_cortexa9_0'.
20:37:56 INFO  : 'configparams force-mem-access 0' command is executed.
20:37:56 INFO  : ----------------XSDB Script----------------
connect -url tcp:127.0.0.1:3121
source C:/Users/xb2m8/Desktop/2019_FPGA_Design_Group3/Lab03/Sorting/Sorting.sdk/design_1_wrapper_hw_platform_0/ps7_init.tcl
targets -set -nocase -filter {name =~"APU*" && jtag_cable_name =~ "Xilinx TUL 1234-tulA"} -index 0
rst -system
after 3000
targets -set -nocase -filter {name =~"APU*" && jtag_cable_name =~ "Xilinx TUL 1234-tulA"} -index 0
loadhw -hw C:/Users/xb2m8/Desktop/2019_FPGA_Design_Group3/Lab03/Sorting/Sorting.sdk/design_1_wrapper_hw_platform_0/system.hdf -mem-ranges [list {0x40000000 0xbfffffff}]
configparams force-mem-access 1
targets -set -nocase -filter {name =~"APU*" && jtag_cable_name =~ "Xilinx TUL 1234-tulA"} -index 0
ps7_init
ps7_post_config
targets -set -nocase -filter {name =~ "ARM*#0" && jtag_cable_name =~ "Xilinx TUL 1234-tulA"} -index 0
dow C:/Users/xb2m8/Desktop/2019_FPGA_Design_Group3/Lab03/Sorting/Sorting.sdk/sorting/Debug/sorting.elf
configparams force-mem-access 0
----------------End of Script----------------

20:37:56 INFO  : Context for processor 'ps7_cortexa9_0' is selected.
20:37:56 INFO  : 'con' command is executed.
20:37:56 INFO  : ----------------XSDB Script (After Launch)----------------
targets -set -nocase -filter {name =~ "ARM*#0" && jtag_cable_name =~ "Xilinx TUL 1234-tulA"} -index 0
con
----------------End of Script----------------

20:37:56 INFO  : Disconnected from the channel tcfchan#7.
20:38:50 INFO  : Connected to target on host '127.0.0.1' and port '3121'.
20:38:51 INFO  : Jtag cable 'Xilinx TUL 1234-tulA' is selected.
20:38:51 INFO  : 'jtag frequency' command is executed.
20:38:51 INFO  : Sourcing of 'C:/Users/xb2m8/Desktop/2019_FPGA_Design_Group3/Lab03/Sorting/Sorting.sdk/design_1_wrapper_hw_platform_0/ps7_init.tcl' is done.
20:38:51 INFO  : Context for 'APU' is selected.
20:38:51 INFO  : System reset is completed.
20:38:54 INFO  : 'after 3000' command is executed.
20:38:54 INFO  : Context for 'APU' is selected.
20:38:56 INFO  : Hardware design information is loaded from 'C:/Users/xb2m8/Desktop/2019_FPGA_Design_Group3/Lab03/Sorting/Sorting.sdk/design_1_wrapper_hw_platform_0/system.hdf'.
20:38:56 INFO  : 'configparams force-mem-access 1' command is executed.
20:38:56 INFO  : Context for 'APU' is selected.
20:38:56 INFO  : 'ps7_init' command is executed.
20:38:56 INFO  : 'ps7_post_config' command is executed.
20:38:56 INFO  : Context for processor 'ps7_cortexa9_0' is selected.
20:38:57 INFO  : The application 'C:/Users/xb2m8/Desktop/2019_FPGA_Design_Group3/Lab03/Sorting/Sorting.sdk/sorting/Debug/sorting.elf' is downloaded to processor 'ps7_cortexa9_0'.
20:38:57 INFO  : 'configparams force-mem-access 0' command is executed.
20:38:57 INFO  : ----------------XSDB Script----------------
connect -url tcp:127.0.0.1:3121
source C:/Users/xb2m8/Desktop/2019_FPGA_Design_Group3/Lab03/Sorting/Sorting.sdk/design_1_wrapper_hw_platform_0/ps7_init.tcl
targets -set -nocase -filter {name =~"APU*" && jtag_cable_name =~ "Xilinx TUL 1234-tulA"} -index 0
rst -system
after 3000
targets -set -nocase -filter {name =~"APU*" && jtag_cable_name =~ "Xilinx TUL 1234-tulA"} -index 0
loadhw -hw C:/Users/xb2m8/Desktop/2019_FPGA_Design_Group3/Lab03/Sorting/Sorting.sdk/design_1_wrapper_hw_platform_0/system.hdf -mem-ranges [list {0x40000000 0xbfffffff}]
configparams force-mem-access 1
targets -set -nocase -filter {name =~"APU*" && jtag_cable_name =~ "Xilinx TUL 1234-tulA"} -index 0
ps7_init
ps7_post_config
targets -set -nocase -filter {name =~ "ARM*#0" && jtag_cable_name =~ "Xilinx TUL 1234-tulA"} -index 0
dow C:/Users/xb2m8/Desktop/2019_FPGA_Design_Group3/Lab03/Sorting/Sorting.sdk/sorting/Debug/sorting.elf
configparams force-mem-access 0
----------------End of Script----------------

20:38:57 INFO  : Context for processor 'ps7_cortexa9_0' is selected.
20:38:57 INFO  : 'con' command is executed.
20:38:57 INFO  : ----------------XSDB Script (After Launch)----------------
targets -set -nocase -filter {name =~ "ARM*#0" && jtag_cable_name =~ "Xilinx TUL 1234-tulA"} -index 0
con
----------------End of Script----------------

20:38:57 INFO  : Disconnected from the channel tcfchan#8.
20:40:30 INFO  : Connected to target on host '127.0.0.1' and port '3121'.
20:40:30 INFO  : Jtag cable 'Xilinx TUL 1234-tulA' is selected.
20:40:30 INFO  : 'jtag frequency' command is executed.
20:40:30 INFO  : Sourcing of 'C:/Users/xb2m8/Desktop/2019_FPGA_Design_Group3/Lab03/Sorting/Sorting.sdk/design_1_wrapper_hw_platform_0/ps7_init.tcl' is done.
20:40:30 INFO  : Context for 'APU' is selected.
20:40:31 INFO  : System reset is completed.
20:40:34 INFO  : 'after 3000' command is executed.
20:40:34 INFO  : Context for 'APU' is selected.
20:40:36 INFO  : Hardware design information is loaded from 'C:/Users/xb2m8/Desktop/2019_FPGA_Design_Group3/Lab03/Sorting/Sorting.sdk/design_1_wrapper_hw_platform_0/system.hdf'.
20:40:36 INFO  : 'configparams force-mem-access 1' command is executed.
20:40:36 INFO  : Context for 'APU' is selected.
20:40:36 INFO  : 'ps7_init' command is executed.
20:40:36 INFO  : 'ps7_post_config' command is executed.
20:40:36 INFO  : Context for processor 'ps7_cortexa9_0' is selected.
20:40:37 INFO  : The application 'C:/Users/xb2m8/Desktop/2019_FPGA_Design_Group3/Lab03/Sorting/Sorting.sdk/sorting/Debug/sorting.elf' is downloaded to processor 'ps7_cortexa9_0'.
20:40:37 INFO  : 'configparams force-mem-access 0' command is executed.
20:40:37 INFO  : ----------------XSDB Script----------------
connect -url tcp:127.0.0.1:3121
source C:/Users/xb2m8/Desktop/2019_FPGA_Design_Group3/Lab03/Sorting/Sorting.sdk/design_1_wrapper_hw_platform_0/ps7_init.tcl
targets -set -nocase -filter {name =~"APU*" && jtag_cable_name =~ "Xilinx TUL 1234-tulA"} -index 0
rst -system
after 3000
targets -set -nocase -filter {name =~"APU*" && jtag_cable_name =~ "Xilinx TUL 1234-tulA"} -index 0
loadhw -hw C:/Users/xb2m8/Desktop/2019_FPGA_Design_Group3/Lab03/Sorting/Sorting.sdk/design_1_wrapper_hw_platform_0/system.hdf -mem-ranges [list {0x40000000 0xbfffffff}]
configparams force-mem-access 1
targets -set -nocase -filter {name =~"APU*" && jtag_cable_name =~ "Xilinx TUL 1234-tulA"} -index 0
ps7_init
ps7_post_config
targets -set -nocase -filter {name =~ "ARM*#0" && jtag_cable_name =~ "Xilinx TUL 1234-tulA"} -index 0
dow C:/Users/xb2m8/Desktop/2019_FPGA_Design_Group3/Lab03/Sorting/Sorting.sdk/sorting/Debug/sorting.elf
configparams force-mem-access 0
----------------End of Script----------------

20:40:37 INFO  : Context for processor 'ps7_cortexa9_0' is selected.
20:40:37 INFO  : 'con' command is executed.
20:40:37 INFO  : ----------------XSDB Script (After Launch)----------------
targets -set -nocase -filter {name =~ "ARM*#0" && jtag_cable_name =~ "Xilinx TUL 1234-tulA"} -index 0
con
----------------End of Script----------------

20:40:37 INFO  : Disconnected from the channel tcfchan#9.
20:41:31 INFO  : Connected to target on host '127.0.0.1' and port '3121'.
20:41:32 INFO  : Jtag cable 'Xilinx TUL 1234-tulA' is selected.
20:41:32 INFO  : 'jtag frequency' command is executed.
20:41:32 INFO  : Sourcing of 'C:/Users/xb2m8/Desktop/2019_FPGA_Design_Group3/Lab03/Sorting/Sorting.sdk/design_1_wrapper_hw_platform_0/ps7_init.tcl' is done.
20:41:32 INFO  : Context for 'APU' is selected.
20:41:32 INFO  : System reset is completed.
20:41:35 INFO  : 'after 3000' command is executed.
20:41:35 INFO  : Context for 'APU' is selected.
20:41:37 INFO  : Hardware design information is loaded from 'C:/Users/xb2m8/Desktop/2019_FPGA_Design_Group3/Lab03/Sorting/Sorting.sdk/design_1_wrapper_hw_platform_0/system.hdf'.
20:41:37 INFO  : 'configparams force-mem-access 1' command is executed.
20:41:37 INFO  : Context for 'APU' is selected.
20:41:38 INFO  : 'ps7_init' command is executed.
20:41:38 INFO  : 'ps7_post_config' command is executed.
20:41:38 INFO  : Context for processor 'ps7_cortexa9_0' is selected.
20:41:38 INFO  : The application 'C:/Users/xb2m8/Desktop/2019_FPGA_Design_Group3/Lab03/Sorting/Sorting.sdk/sorting/Debug/sorting.elf' is downloaded to processor 'ps7_cortexa9_0'.
20:41:38 INFO  : 'configparams force-mem-access 0' command is executed.
20:41:38 INFO  : ----------------XSDB Script----------------
connect -url tcp:127.0.0.1:3121
source C:/Users/xb2m8/Desktop/2019_FPGA_Design_Group3/Lab03/Sorting/Sorting.sdk/design_1_wrapper_hw_platform_0/ps7_init.tcl
targets -set -nocase -filter {name =~"APU*" && jtag_cable_name =~ "Xilinx TUL 1234-tulA"} -index 0
rst -system
after 3000
targets -set -nocase -filter {name =~"APU*" && jtag_cable_name =~ "Xilinx TUL 1234-tulA"} -index 0
loadhw -hw C:/Users/xb2m8/Desktop/2019_FPGA_Design_Group3/Lab03/Sorting/Sorting.sdk/design_1_wrapper_hw_platform_0/system.hdf -mem-ranges [list {0x40000000 0xbfffffff}]
configparams force-mem-access 1
targets -set -nocase -filter {name =~"APU*" && jtag_cable_name =~ "Xilinx TUL 1234-tulA"} -index 0
ps7_init
ps7_post_config
targets -set -nocase -filter {name =~ "ARM*#0" && jtag_cable_name =~ "Xilinx TUL 1234-tulA"} -index 0
dow C:/Users/xb2m8/Desktop/2019_FPGA_Design_Group3/Lab03/Sorting/Sorting.sdk/sorting/Debug/sorting.elf
configparams force-mem-access 0
----------------End of Script----------------

20:41:38 INFO  : Context for processor 'ps7_cortexa9_0' is selected.
20:41:38 INFO  : 'con' command is executed.
20:41:38 INFO  : ----------------XSDB Script (After Launch)----------------
targets -set -nocase -filter {name =~ "ARM*#0" && jtag_cable_name =~ "Xilinx TUL 1234-tulA"} -index 0
con
----------------End of Script----------------

20:41:38 INFO  : Disconnected from the channel tcfchan#10.
20:42:25 INFO  : Connected to target on host '127.0.0.1' and port '3121'.
20:42:25 INFO  : Jtag cable 'Xilinx TUL 1234-tulA' is selected.
20:42:25 INFO  : 'jtag frequency' command is executed.
20:42:25 INFO  : Sourcing of 'C:/Users/xb2m8/Desktop/2019_FPGA_Design_Group3/Lab03/Sorting/Sorting.sdk/design_1_wrapper_hw_platform_0/ps7_init.tcl' is done.
20:42:25 INFO  : Context for 'APU' is selected.
20:42:25 INFO  : System reset is completed.
20:42:28 INFO  : 'after 3000' command is executed.
20:42:28 INFO  : Context for 'APU' is selected.
20:42:31 INFO  : Hardware design information is loaded from 'C:/Users/xb2m8/Desktop/2019_FPGA_Design_Group3/Lab03/Sorting/Sorting.sdk/design_1_wrapper_hw_platform_0/system.hdf'.
20:42:31 INFO  : 'configparams force-mem-access 1' command is executed.
20:42:31 INFO  : Context for 'APU' is selected.
20:42:31 INFO  : 'ps7_init' command is executed.
20:42:31 INFO  : 'ps7_post_config' command is executed.
20:42:31 INFO  : Context for processor 'ps7_cortexa9_0' is selected.
20:42:31 INFO  : The application 'C:/Users/xb2m8/Desktop/2019_FPGA_Design_Group3/Lab03/Sorting/Sorting.sdk/sorting/Debug/sorting.elf' is downloaded to processor 'ps7_cortexa9_0'.
20:42:31 INFO  : 'configparams force-mem-access 0' command is executed.
20:42:31 INFO  : ----------------XSDB Script----------------
connect -url tcp:127.0.0.1:3121
source C:/Users/xb2m8/Desktop/2019_FPGA_Design_Group3/Lab03/Sorting/Sorting.sdk/design_1_wrapper_hw_platform_0/ps7_init.tcl
targets -set -nocase -filter {name =~"APU*" && jtag_cable_name =~ "Xilinx TUL 1234-tulA"} -index 0
rst -system
after 3000
targets -set -nocase -filter {name =~"APU*" && jtag_cable_name =~ "Xilinx TUL 1234-tulA"} -index 0
loadhw -hw C:/Users/xb2m8/Desktop/2019_FPGA_Design_Group3/Lab03/Sorting/Sorting.sdk/design_1_wrapper_hw_platform_0/system.hdf -mem-ranges [list {0x40000000 0xbfffffff}]
configparams force-mem-access 1
targets -set -nocase -filter {name =~"APU*" && jtag_cable_name =~ "Xilinx TUL 1234-tulA"} -index 0
ps7_init
ps7_post_config
targets -set -nocase -filter {name =~ "ARM*#0" && jtag_cable_name =~ "Xilinx TUL 1234-tulA"} -index 0
dow C:/Users/xb2m8/Desktop/2019_FPGA_Design_Group3/Lab03/Sorting/Sorting.sdk/sorting/Debug/sorting.elf
configparams force-mem-access 0
----------------End of Script----------------

20:42:32 INFO  : Context for processor 'ps7_cortexa9_0' is selected.
20:42:32 INFO  : 'con' command is executed.
20:42:32 INFO  : ----------------XSDB Script (After Launch)----------------
targets -set -nocase -filter {name =~ "ARM*#0" && jtag_cable_name =~ "Xilinx TUL 1234-tulA"} -index 0
con
----------------End of Script----------------

20:42:32 INFO  : Disconnected from the channel tcfchan#11.
20:46:35 INFO  : Connected to target on host '127.0.0.1' and port '3121'.
20:46:35 INFO  : Jtag cable 'Xilinx TUL 1234-tulA' is selected.
20:46:35 INFO  : 'jtag frequency' command is executed.
20:46:35 INFO  : Sourcing of 'C:/Users/xb2m8/Desktop/2019_FPGA_Design_Group3/Lab03/Sorting/Sorting.sdk/design_1_wrapper_hw_platform_0/ps7_init.tcl' is done.
20:46:35 INFO  : Context for 'APU' is selected.
20:46:35 INFO  : System reset is completed.
20:46:38 INFO  : 'after 3000' command is executed.
20:46:38 INFO  : Context for 'APU' is selected.
20:46:40 INFO  : Hardware design information is loaded from 'C:/Users/xb2m8/Desktop/2019_FPGA_Design_Group3/Lab03/Sorting/Sorting.sdk/design_1_wrapper_hw_platform_0/system.hdf'.
20:46:40 INFO  : 'configparams force-mem-access 1' command is executed.
20:46:40 INFO  : Context for 'APU' is selected.
20:46:41 INFO  : 'ps7_init' command is executed.
20:46:41 INFO  : 'ps7_post_config' command is executed.
20:46:41 INFO  : Context for processor 'ps7_cortexa9_0' is selected.
20:46:41 INFO  : The application 'C:/Users/xb2m8/Desktop/2019_FPGA_Design_Group3/Lab03/Sorting/Sorting.sdk/sorting/Debug/sorting.elf' is downloaded to processor 'ps7_cortexa9_0'.
20:46:41 INFO  : 'configparams force-mem-access 0' command is executed.
20:46:41 INFO  : ----------------XSDB Script----------------
connect -url tcp:127.0.0.1:3121
source C:/Users/xb2m8/Desktop/2019_FPGA_Design_Group3/Lab03/Sorting/Sorting.sdk/design_1_wrapper_hw_platform_0/ps7_init.tcl
targets -set -nocase -filter {name =~"APU*" && jtag_cable_name =~ "Xilinx TUL 1234-tulA"} -index 0
rst -system
after 3000
targets -set -nocase -filter {name =~"APU*" && jtag_cable_name =~ "Xilinx TUL 1234-tulA"} -index 0
loadhw -hw C:/Users/xb2m8/Desktop/2019_FPGA_Design_Group3/Lab03/Sorting/Sorting.sdk/design_1_wrapper_hw_platform_0/system.hdf -mem-ranges [list {0x40000000 0xbfffffff}]
configparams force-mem-access 1
targets -set -nocase -filter {name =~"APU*" && jtag_cable_name =~ "Xilinx TUL 1234-tulA"} -index 0
ps7_init
ps7_post_config
targets -set -nocase -filter {name =~ "ARM*#0" && jtag_cable_name =~ "Xilinx TUL 1234-tulA"} -index 0
dow C:/Users/xb2m8/Desktop/2019_FPGA_Design_Group3/Lab03/Sorting/Sorting.sdk/sorting/Debug/sorting.elf
configparams force-mem-access 0
----------------End of Script----------------

20:46:41 INFO  : Context for processor 'ps7_cortexa9_0' is selected.
20:46:41 INFO  : 'con' command is executed.
20:46:41 INFO  : ----------------XSDB Script (After Launch)----------------
targets -set -nocase -filter {name =~ "ARM*#0" && jtag_cable_name =~ "Xilinx TUL 1234-tulA"} -index 0
con
----------------End of Script----------------

20:46:41 INFO  : Disconnected from the channel tcfchan#12.
20:47:47 INFO  : Connected to target on host '127.0.0.1' and port '3121'.
20:47:48 INFO  : Jtag cable 'Xilinx TUL 1234-tulA' is selected.
20:47:48 INFO  : 'jtag frequency' command is executed.
20:47:48 INFO  : Sourcing of 'C:/Users/xb2m8/Desktop/2019_FPGA_Design_Group3/Lab03/Sorting/Sorting.sdk/design_1_wrapper_hw_platform_0/ps7_init.tcl' is done.
20:47:48 INFO  : Context for 'APU' is selected.
20:47:48 INFO  : System reset is completed.
20:47:51 INFO  : 'after 3000' command is executed.
20:47:51 INFO  : Context for 'APU' is selected.
20:47:53 INFO  : Hardware design information is loaded from 'C:/Users/xb2m8/Desktop/2019_FPGA_Design_Group3/Lab03/Sorting/Sorting.sdk/design_1_wrapper_hw_platform_0/system.hdf'.
20:47:53 INFO  : 'configparams force-mem-access 1' command is executed.
20:47:53 INFO  : Context for 'APU' is selected.
20:47:53 INFO  : 'ps7_init' command is executed.
20:47:53 INFO  : 'ps7_post_config' command is executed.
20:47:53 INFO  : Context for processor 'ps7_cortexa9_0' is selected.
20:47:53 INFO  : The application 'C:/Users/xb2m8/Desktop/2019_FPGA_Design_Group3/Lab03/Sorting/Sorting.sdk/sorting/Debug/sorting.elf' is downloaded to processor 'ps7_cortexa9_0'.
20:47:53 INFO  : 'configparams force-mem-access 0' command is executed.
20:47:53 INFO  : ----------------XSDB Script----------------
connect -url tcp:127.0.0.1:3121
source C:/Users/xb2m8/Desktop/2019_FPGA_Design_Group3/Lab03/Sorting/Sorting.sdk/design_1_wrapper_hw_platform_0/ps7_init.tcl
targets -set -nocase -filter {name =~"APU*" && jtag_cable_name =~ "Xilinx TUL 1234-tulA"} -index 0
rst -system
after 3000
targets -set -nocase -filter {name =~"APU*" && jtag_cable_name =~ "Xilinx TUL 1234-tulA"} -index 0
loadhw -hw C:/Users/xb2m8/Desktop/2019_FPGA_Design_Group3/Lab03/Sorting/Sorting.sdk/design_1_wrapper_hw_platform_0/system.hdf -mem-ranges [list {0x40000000 0xbfffffff}]
configparams force-mem-access 1
targets -set -nocase -filter {name =~"APU*" && jtag_cable_name =~ "Xilinx TUL 1234-tulA"} -index 0
ps7_init
ps7_post_config
targets -set -nocase -filter {name =~ "ARM*#0" && jtag_cable_name =~ "Xilinx TUL 1234-tulA"} -index 0
dow C:/Users/xb2m8/Desktop/2019_FPGA_Design_Group3/Lab03/Sorting/Sorting.sdk/sorting/Debug/sorting.elf
configparams force-mem-access 0
----------------End of Script----------------

20:47:53 INFO  : Context for processor 'ps7_cortexa9_0' is selected.
20:47:54 INFO  : 'con' command is executed.
20:47:54 INFO  : ----------------XSDB Script (After Launch)----------------
targets -set -nocase -filter {name =~ "ARM*#0" && jtag_cable_name =~ "Xilinx TUL 1234-tulA"} -index 0
con
----------------End of Script----------------

20:47:54 INFO  : Disconnected from the channel tcfchan#13.
20:58:56 INFO  : Connected to target on host '127.0.0.1' and port '3121'.
20:58:57 INFO  : Jtag cable 'Xilinx TUL 1234-tulA' is selected.
20:58:57 INFO  : 'jtag frequency' command is executed.
20:58:57 INFO  : Sourcing of 'C:/Users/xb2m8/Desktop/2019_FPGA_Design_Group3/Lab03/Sorting/Sorting.sdk/design_1_wrapper_hw_platform_0/ps7_init.tcl' is done.
20:58:57 INFO  : Context for 'APU' is selected.
20:58:57 INFO  : System reset is completed.
20:59:00 INFO  : 'after 3000' command is executed.
20:59:00 INFO  : Context for 'APU' is selected.
20:59:02 INFO  : Hardware design information is loaded from 'C:/Users/xb2m8/Desktop/2019_FPGA_Design_Group3/Lab03/Sorting/Sorting.sdk/design_1_wrapper_hw_platform_0/system.hdf'.
20:59:02 INFO  : 'configparams force-mem-access 1' command is executed.
20:59:02 INFO  : Context for 'APU' is selected.
20:59:03 INFO  : 'ps7_init' command is executed.
20:59:03 INFO  : 'ps7_post_config' command is executed.
20:59:03 INFO  : Context for processor 'ps7_cortexa9_0' is selected.
20:59:03 INFO  : The application 'C:/Users/xb2m8/Desktop/2019_FPGA_Design_Group3/Lab03/Sorting/Sorting.sdk/sorting/Debug/sorting.elf' is downloaded to processor 'ps7_cortexa9_0'.
20:59:03 INFO  : 'configparams force-mem-access 0' command is executed.
20:59:03 INFO  : ----------------XSDB Script----------------
connect -url tcp:127.0.0.1:3121
source C:/Users/xb2m8/Desktop/2019_FPGA_Design_Group3/Lab03/Sorting/Sorting.sdk/design_1_wrapper_hw_platform_0/ps7_init.tcl
targets -set -nocase -filter {name =~"APU*" && jtag_cable_name =~ "Xilinx TUL 1234-tulA"} -index 0
rst -system
after 3000
targets -set -nocase -filter {name =~"APU*" && jtag_cable_name =~ "Xilinx TUL 1234-tulA"} -index 0
loadhw -hw C:/Users/xb2m8/Desktop/2019_FPGA_Design_Group3/Lab03/Sorting/Sorting.sdk/design_1_wrapper_hw_platform_0/system.hdf -mem-ranges [list {0x40000000 0xbfffffff}]
configparams force-mem-access 1
targets -set -nocase -filter {name =~"APU*" && jtag_cable_name =~ "Xilinx TUL 1234-tulA"} -index 0
ps7_init
ps7_post_config
targets -set -nocase -filter {name =~ "ARM*#0" && jtag_cable_name =~ "Xilinx TUL 1234-tulA"} -index 0
dow C:/Users/xb2m8/Desktop/2019_FPGA_Design_Group3/Lab03/Sorting/Sorting.sdk/sorting/Debug/sorting.elf
configparams force-mem-access 0
----------------End of Script----------------

20:59:03 INFO  : Context for processor 'ps7_cortexa9_0' is selected.
20:59:03 INFO  : 'con' command is executed.
20:59:03 INFO  : ----------------XSDB Script (After Launch)----------------
targets -set -nocase -filter {name =~ "ARM*#0" && jtag_cable_name =~ "Xilinx TUL 1234-tulA"} -index 0
con
----------------End of Script----------------

20:59:03 INFO  : Disconnected from the channel tcfchan#14.
21:03:03 INFO  : Connected to target on host '127.0.0.1' and port '3121'.
21:03:04 INFO  : Jtag cable 'Xilinx TUL 1234-tulA' is selected.
21:03:04 INFO  : 'jtag frequency' command is executed.
21:03:04 INFO  : Sourcing of 'C:/Users/xb2m8/Desktop/2019_FPGA_Design_Group3/Lab03/Sorting/Sorting.sdk/design_1_wrapper_hw_platform_0/ps7_init.tcl' is done.
21:03:04 INFO  : Context for 'APU' is selected.
21:03:04 INFO  : System reset is completed.
21:03:07 INFO  : 'after 3000' command is executed.
21:03:07 INFO  : Context for 'APU' is selected.
21:03:09 INFO  : Hardware design information is loaded from 'C:/Users/xb2m8/Desktop/2019_FPGA_Design_Group3/Lab03/Sorting/Sorting.sdk/design_1_wrapper_hw_platform_0/system.hdf'.
21:03:09 INFO  : 'configparams force-mem-access 1' command is executed.
21:03:09 INFO  : Context for 'APU' is selected.
21:03:10 INFO  : 'ps7_init' command is executed.
21:03:10 INFO  : 'ps7_post_config' command is executed.
21:03:10 INFO  : Context for processor 'ps7_cortexa9_0' is selected.
21:03:10 INFO  : The application 'C:/Users/xb2m8/Desktop/2019_FPGA_Design_Group3/Lab03/Sorting/Sorting.sdk/sorting/Debug/sorting.elf' is downloaded to processor 'ps7_cortexa9_0'.
21:03:10 INFO  : 'configparams force-mem-access 0' command is executed.
21:03:10 INFO  : ----------------XSDB Script----------------
connect -url tcp:127.0.0.1:3121
source C:/Users/xb2m8/Desktop/2019_FPGA_Design_Group3/Lab03/Sorting/Sorting.sdk/design_1_wrapper_hw_platform_0/ps7_init.tcl
targets -set -nocase -filter {name =~"APU*" && jtag_cable_name =~ "Xilinx TUL 1234-tulA"} -index 0
rst -system
after 3000
targets -set -nocase -filter {name =~"APU*" && jtag_cable_name =~ "Xilinx TUL 1234-tulA"} -index 0
loadhw -hw C:/Users/xb2m8/Desktop/2019_FPGA_Design_Group3/Lab03/Sorting/Sorting.sdk/design_1_wrapper_hw_platform_0/system.hdf -mem-ranges [list {0x40000000 0xbfffffff}]
configparams force-mem-access 1
targets -set -nocase -filter {name =~"APU*" && jtag_cable_name =~ "Xilinx TUL 1234-tulA"} -index 0
ps7_init
ps7_post_config
targets -set -nocase -filter {name =~ "ARM*#0" && jtag_cable_name =~ "Xilinx TUL 1234-tulA"} -index 0
dow C:/Users/xb2m8/Desktop/2019_FPGA_Design_Group3/Lab03/Sorting/Sorting.sdk/sorting/Debug/sorting.elf
configparams force-mem-access 0
----------------End of Script----------------

21:03:10 INFO  : Context for processor 'ps7_cortexa9_0' is selected.
21:03:10 INFO  : 'con' command is executed.
21:03:10 INFO  : ----------------XSDB Script (After Launch)----------------
targets -set -nocase -filter {name =~ "ARM*#0" && jtag_cable_name =~ "Xilinx TUL 1234-tulA"} -index 0
con
----------------End of Script----------------

21:03:10 INFO  : Disconnected from the channel tcfchan#15.
21:05:59 INFO  : Connected to target on host '127.0.0.1' and port '3121'.
21:05:59 INFO  : Jtag cable 'Xilinx TUL 1234-tulA' is selected.
21:05:59 INFO  : 'jtag frequency' command is executed.
21:05:59 INFO  : Sourcing of 'C:/Users/xb2m8/Desktop/2019_FPGA_Design_Group3/Lab03/Sorting/Sorting.sdk/design_1_wrapper_hw_platform_0/ps7_init.tcl' is done.
21:05:59 INFO  : Context for 'APU' is selected.
21:05:59 INFO  : System reset is completed.
21:06:02 INFO  : 'after 3000' command is executed.
21:06:02 INFO  : Context for 'APU' is selected.
21:06:04 INFO  : Hardware design information is loaded from 'C:/Users/xb2m8/Desktop/2019_FPGA_Design_Group3/Lab03/Sorting/Sorting.sdk/design_1_wrapper_hw_platform_0/system.hdf'.
21:06:04 INFO  : 'configparams force-mem-access 1' command is executed.
21:06:04 INFO  : Context for 'APU' is selected.
21:06:05 INFO  : 'ps7_init' command is executed.
21:06:05 INFO  : 'ps7_post_config' command is executed.
21:06:05 INFO  : Context for processor 'ps7_cortexa9_0' is selected.
21:06:05 INFO  : The application 'C:/Users/xb2m8/Desktop/2019_FPGA_Design_Group3/Lab03/Sorting/Sorting.sdk/sorting/Debug/sorting.elf' is downloaded to processor 'ps7_cortexa9_0'.
21:06:05 INFO  : 'configparams force-mem-access 0' command is executed.
21:06:05 INFO  : ----------------XSDB Script----------------
connect -url tcp:127.0.0.1:3121
source C:/Users/xb2m8/Desktop/2019_FPGA_Design_Group3/Lab03/Sorting/Sorting.sdk/design_1_wrapper_hw_platform_0/ps7_init.tcl
targets -set -nocase -filter {name =~"APU*" && jtag_cable_name =~ "Xilinx TUL 1234-tulA"} -index 0
rst -system
after 3000
targets -set -nocase -filter {name =~"APU*" && jtag_cable_name =~ "Xilinx TUL 1234-tulA"} -index 0
loadhw -hw C:/Users/xb2m8/Desktop/2019_FPGA_Design_Group3/Lab03/Sorting/Sorting.sdk/design_1_wrapper_hw_platform_0/system.hdf -mem-ranges [list {0x40000000 0xbfffffff}]
configparams force-mem-access 1
targets -set -nocase -filter {name =~"APU*" && jtag_cable_name =~ "Xilinx TUL 1234-tulA"} -index 0
ps7_init
ps7_post_config
targets -set -nocase -filter {name =~ "ARM*#0" && jtag_cable_name =~ "Xilinx TUL 1234-tulA"} -index 0
dow C:/Users/xb2m8/Desktop/2019_FPGA_Design_Group3/Lab03/Sorting/Sorting.sdk/sorting/Debug/sorting.elf
configparams force-mem-access 0
----------------End of Script----------------

21:06:05 INFO  : Context for processor 'ps7_cortexa9_0' is selected.
21:06:05 INFO  : 'con' command is executed.
21:06:05 INFO  : ----------------XSDB Script (After Launch)----------------
targets -set -nocase -filter {name =~ "ARM*#0" && jtag_cable_name =~ "Xilinx TUL 1234-tulA"} -index 0
con
----------------End of Script----------------

21:06:05 INFO  : Disconnected from the channel tcfchan#16.
21:14:58 INFO  : Connected to target on host '127.0.0.1' and port '3121'.
21:14:59 INFO  : Jtag cable 'Xilinx TUL 1234-tulA' is selected.
21:14:59 INFO  : 'jtag frequency' command is executed.
21:14:59 INFO  : Sourcing of 'C:/Users/xb2m8/Desktop/2019_FPGA_Design_Group3/Lab03/Sorting/Sorting.sdk/design_1_wrapper_hw_platform_0/ps7_init.tcl' is done.
21:14:59 INFO  : Context for 'APU' is selected.
21:14:59 INFO  : System reset is completed.
21:15:02 INFO  : 'after 3000' command is executed.
21:15:02 INFO  : Context for 'APU' is selected.
21:15:04 INFO  : Hardware design information is loaded from 'C:/Users/xb2m8/Desktop/2019_FPGA_Design_Group3/Lab03/Sorting/Sorting.sdk/design_1_wrapper_hw_platform_0/system.hdf'.
21:15:04 INFO  : 'configparams force-mem-access 1' command is executed.
21:15:04 INFO  : Context for 'APU' is selected.
21:15:04 INFO  : 'ps7_init' command is executed.
21:15:04 INFO  : 'ps7_post_config' command is executed.
21:15:04 INFO  : Context for processor 'ps7_cortexa9_0' is selected.
21:15:05 INFO  : The application 'C:/Users/xb2m8/Desktop/2019_FPGA_Design_Group3/Lab03/Sorting/Sorting.sdk/sorting/Debug/sorting.elf' is downloaded to processor 'ps7_cortexa9_0'.
21:15:05 INFO  : 'configparams force-mem-access 0' command is executed.
21:15:05 INFO  : ----------------XSDB Script----------------
connect -url tcp:127.0.0.1:3121
source C:/Users/xb2m8/Desktop/2019_FPGA_Design_Group3/Lab03/Sorting/Sorting.sdk/design_1_wrapper_hw_platform_0/ps7_init.tcl
targets -set -nocase -filter {name =~"APU*" && jtag_cable_name =~ "Xilinx TUL 1234-tulA"} -index 0
rst -system
after 3000
targets -set -nocase -filter {name =~"APU*" && jtag_cable_name =~ "Xilinx TUL 1234-tulA"} -index 0
loadhw -hw C:/Users/xb2m8/Desktop/2019_FPGA_Design_Group3/Lab03/Sorting/Sorting.sdk/design_1_wrapper_hw_platform_0/system.hdf -mem-ranges [list {0x40000000 0xbfffffff}]
configparams force-mem-access 1
targets -set -nocase -filter {name =~"APU*" && jtag_cable_name =~ "Xilinx TUL 1234-tulA"} -index 0
ps7_init
ps7_post_config
targets -set -nocase -filter {name =~ "ARM*#0" && jtag_cable_name =~ "Xilinx TUL 1234-tulA"} -index 0
dow C:/Users/xb2m8/Desktop/2019_FPGA_Design_Group3/Lab03/Sorting/Sorting.sdk/sorting/Debug/sorting.elf
configparams force-mem-access 0
----------------End of Script----------------

21:15:05 INFO  : Context for processor 'ps7_cortexa9_0' is selected.
21:15:05 INFO  : 'con' command is executed.
21:15:05 INFO  : ----------------XSDB Script (After Launch)----------------
targets -set -nocase -filter {name =~ "ARM*#0" && jtag_cable_name =~ "Xilinx TUL 1234-tulA"} -index 0
con
----------------End of Script----------------

21:15:05 INFO  : Disconnected from the channel tcfchan#17.
21:16:55 INFO  : Connected to target on host '127.0.0.1' and port '3121'.
21:16:56 INFO  : Jtag cable 'Xilinx TUL 1234-tulA' is selected.
21:16:56 INFO  : 'jtag frequency' command is executed.
21:16:56 INFO  : Sourcing of 'C:/Users/xb2m8/Desktop/2019_FPGA_Design_Group3/Lab03/Sorting/Sorting.sdk/design_1_wrapper_hw_platform_0/ps7_init.tcl' is done.
21:16:56 INFO  : Context for 'APU' is selected.
21:16:56 INFO  : System reset is completed.
21:16:59 INFO  : 'after 3000' command is executed.
21:16:59 INFO  : Context for 'APU' is selected.
21:17:01 INFO  : Hardware design information is loaded from 'C:/Users/xb2m8/Desktop/2019_FPGA_Design_Group3/Lab03/Sorting/Sorting.sdk/design_1_wrapper_hw_platform_0/system.hdf'.
21:17:01 INFO  : 'configparams force-mem-access 1' command is executed.
21:17:01 INFO  : Context for 'APU' is selected.
21:17:01 INFO  : 'ps7_init' command is executed.
21:17:01 INFO  : 'ps7_post_config' command is executed.
21:17:01 INFO  : Context for processor 'ps7_cortexa9_0' is selected.
21:17:02 INFO  : The application 'C:/Users/xb2m8/Desktop/2019_FPGA_Design_Group3/Lab03/Sorting/Sorting.sdk/sorting/Debug/sorting.elf' is downloaded to processor 'ps7_cortexa9_0'.
21:17:02 INFO  : 'configparams force-mem-access 0' command is executed.
21:17:02 INFO  : ----------------XSDB Script----------------
connect -url tcp:127.0.0.1:3121
source C:/Users/xb2m8/Desktop/2019_FPGA_Design_Group3/Lab03/Sorting/Sorting.sdk/design_1_wrapper_hw_platform_0/ps7_init.tcl
targets -set -nocase -filter {name =~"APU*" && jtag_cable_name =~ "Xilinx TUL 1234-tulA"} -index 0
rst -system
after 3000
targets -set -nocase -filter {name =~"APU*" && jtag_cable_name =~ "Xilinx TUL 1234-tulA"} -index 0
loadhw -hw C:/Users/xb2m8/Desktop/2019_FPGA_Design_Group3/Lab03/Sorting/Sorting.sdk/design_1_wrapper_hw_platform_0/system.hdf -mem-ranges [list {0x40000000 0xbfffffff}]
configparams force-mem-access 1
targets -set -nocase -filter {name =~"APU*" && jtag_cable_name =~ "Xilinx TUL 1234-tulA"} -index 0
ps7_init
ps7_post_config
targets -set -nocase -filter {name =~ "ARM*#0" && jtag_cable_name =~ "Xilinx TUL 1234-tulA"} -index 0
dow C:/Users/xb2m8/Desktop/2019_FPGA_Design_Group3/Lab03/Sorting/Sorting.sdk/sorting/Debug/sorting.elf
configparams force-mem-access 0
----------------End of Script----------------

21:17:02 INFO  : Context for processor 'ps7_cortexa9_0' is selected.
21:17:02 INFO  : 'con' command is executed.
21:17:02 INFO  : ----------------XSDB Script (After Launch)----------------
targets -set -nocase -filter {name =~ "ARM*#0" && jtag_cable_name =~ "Xilinx TUL 1234-tulA"} -index 0
con
----------------End of Script----------------

21:17:02 INFO  : Disconnected from the channel tcfchan#18.
21:18:25 INFO  : Connected to target on host '127.0.0.1' and port '3121'.
21:18:25 INFO  : Jtag cable 'Xilinx TUL 1234-tulA' is selected.
21:18:25 INFO  : 'jtag frequency' command is executed.
21:18:25 INFO  : Sourcing of 'C:/Users/xb2m8/Desktop/2019_FPGA_Design_Group3/Lab03/Sorting/Sorting.sdk/design_1_wrapper_hw_platform_0/ps7_init.tcl' is done.
21:18:25 INFO  : Context for 'APU' is selected.
21:18:25 INFO  : System reset is completed.
21:18:28 INFO  : 'after 3000' command is executed.
21:18:28 INFO  : Context for 'APU' is selected.
21:18:30 INFO  : Hardware design information is loaded from 'C:/Users/xb2m8/Desktop/2019_FPGA_Design_Group3/Lab03/Sorting/Sorting.sdk/design_1_wrapper_hw_platform_0/system.hdf'.
21:18:30 INFO  : 'configparams force-mem-access 1' command is executed.
21:18:30 INFO  : Context for 'APU' is selected.
21:18:31 INFO  : 'ps7_init' command is executed.
21:18:31 INFO  : 'ps7_post_config' command is executed.
21:18:31 INFO  : Context for processor 'ps7_cortexa9_0' is selected.
21:18:31 INFO  : The application 'C:/Users/xb2m8/Desktop/2019_FPGA_Design_Group3/Lab03/Sorting/Sorting.sdk/sorting/Debug/sorting.elf' is downloaded to processor 'ps7_cortexa9_0'.
21:18:31 INFO  : 'configparams force-mem-access 0' command is executed.
21:18:31 INFO  : ----------------XSDB Script----------------
connect -url tcp:127.0.0.1:3121
source C:/Users/xb2m8/Desktop/2019_FPGA_Design_Group3/Lab03/Sorting/Sorting.sdk/design_1_wrapper_hw_platform_0/ps7_init.tcl
targets -set -nocase -filter {name =~"APU*" && jtag_cable_name =~ "Xilinx TUL 1234-tulA"} -index 0
rst -system
after 3000
targets -set -nocase -filter {name =~"APU*" && jtag_cable_name =~ "Xilinx TUL 1234-tulA"} -index 0
loadhw -hw C:/Users/xb2m8/Desktop/2019_FPGA_Design_Group3/Lab03/Sorting/Sorting.sdk/design_1_wrapper_hw_platform_0/system.hdf -mem-ranges [list {0x40000000 0xbfffffff}]
configparams force-mem-access 1
targets -set -nocase -filter {name =~"APU*" && jtag_cable_name =~ "Xilinx TUL 1234-tulA"} -index 0
ps7_init
ps7_post_config
targets -set -nocase -filter {name =~ "ARM*#0" && jtag_cable_name =~ "Xilinx TUL 1234-tulA"} -index 0
dow C:/Users/xb2m8/Desktop/2019_FPGA_Design_Group3/Lab03/Sorting/Sorting.sdk/sorting/Debug/sorting.elf
configparams force-mem-access 0
----------------End of Script----------------

21:18:31 INFO  : Context for processor 'ps7_cortexa9_0' is selected.
21:18:31 INFO  : 'con' command is executed.
21:18:31 INFO  : ----------------XSDB Script (After Launch)----------------
targets -set -nocase -filter {name =~ "ARM*#0" && jtag_cable_name =~ "Xilinx TUL 1234-tulA"} -index 0
con
----------------End of Script----------------

21:18:31 INFO  : Disconnected from the channel tcfchan#19.
21:19:42 INFO  : Connected to target on host '127.0.0.1' and port '3121'.
21:19:42 INFO  : Jtag cable 'Xilinx TUL 1234-tulA' is selected.
21:19:42 INFO  : 'jtag frequency' command is executed.
21:19:42 INFO  : Sourcing of 'C:/Users/xb2m8/Desktop/2019_FPGA_Design_Group3/Lab03/Sorting/Sorting.sdk/design_1_wrapper_hw_platform_0/ps7_init.tcl' is done.
21:19:42 INFO  : Context for 'APU' is selected.
21:19:43 INFO  : System reset is completed.
21:19:46 INFO  : 'after 3000' command is executed.
21:19:46 INFO  : Context for 'APU' is selected.
21:19:47 INFO  : Hardware design information is loaded from 'C:/Users/xb2m8/Desktop/2019_FPGA_Design_Group3/Lab03/Sorting/Sorting.sdk/design_1_wrapper_hw_platform_0/system.hdf'.
21:19:47 INFO  : 'configparams force-mem-access 1' command is executed.
21:19:47 INFO  : Context for 'APU' is selected.
21:19:48 INFO  : 'ps7_init' command is executed.
21:19:48 INFO  : 'ps7_post_config' command is executed.
21:19:48 INFO  : Context for processor 'ps7_cortexa9_0' is selected.
21:19:48 INFO  : The application 'C:/Users/xb2m8/Desktop/2019_FPGA_Design_Group3/Lab03/Sorting/Sorting.sdk/sorting/Debug/sorting.elf' is downloaded to processor 'ps7_cortexa9_0'.
21:19:48 INFO  : 'configparams force-mem-access 0' command is executed.
21:19:48 INFO  : ----------------XSDB Script----------------
connect -url tcp:127.0.0.1:3121
source C:/Users/xb2m8/Desktop/2019_FPGA_Design_Group3/Lab03/Sorting/Sorting.sdk/design_1_wrapper_hw_platform_0/ps7_init.tcl
targets -set -nocase -filter {name =~"APU*" && jtag_cable_name =~ "Xilinx TUL 1234-tulA"} -index 0
rst -system
after 3000
targets -set -nocase -filter {name =~"APU*" && jtag_cable_name =~ "Xilinx TUL 1234-tulA"} -index 0
loadhw -hw C:/Users/xb2m8/Desktop/2019_FPGA_Design_Group3/Lab03/Sorting/Sorting.sdk/design_1_wrapper_hw_platform_0/system.hdf -mem-ranges [list {0x40000000 0xbfffffff}]
configparams force-mem-access 1
targets -set -nocase -filter {name =~"APU*" && jtag_cable_name =~ "Xilinx TUL 1234-tulA"} -index 0
ps7_init
ps7_post_config
targets -set -nocase -filter {name =~ "ARM*#0" && jtag_cable_name =~ "Xilinx TUL 1234-tulA"} -index 0
dow C:/Users/xb2m8/Desktop/2019_FPGA_Design_Group3/Lab03/Sorting/Sorting.sdk/sorting/Debug/sorting.elf
configparams force-mem-access 0
----------------End of Script----------------

21:19:48 INFO  : Context for processor 'ps7_cortexa9_0' is selected.
21:19:48 INFO  : 'con' command is executed.
21:19:48 INFO  : ----------------XSDB Script (After Launch)----------------
targets -set -nocase -filter {name =~ "ARM*#0" && jtag_cable_name =~ "Xilinx TUL 1234-tulA"} -index 0
con
----------------End of Script----------------

21:19:48 INFO  : Disconnected from the channel tcfchan#20.
21:20:33 INFO  : Connected to target on host '127.0.0.1' and port '3121'.
21:20:33 INFO  : Jtag cable 'Xilinx TUL 1234-tulA' is selected.
21:20:33 INFO  : 'jtag frequency' command is executed.
21:20:33 INFO  : Sourcing of 'C:/Users/xb2m8/Desktop/2019_FPGA_Design_Group3/Lab03/Sorting/Sorting.sdk/design_1_wrapper_hw_platform_0/ps7_init.tcl' is done.
21:20:33 INFO  : Context for 'APU' is selected.
21:20:33 INFO  : System reset is completed.
21:20:36 INFO  : 'after 3000' command is executed.
21:20:36 INFO  : Context for 'APU' is selected.
21:20:38 INFO  : Hardware design information is loaded from 'C:/Users/xb2m8/Desktop/2019_FPGA_Design_Group3/Lab03/Sorting/Sorting.sdk/design_1_wrapper_hw_platform_0/system.hdf'.
21:20:38 INFO  : 'configparams force-mem-access 1' command is executed.
21:20:38 INFO  : Context for 'APU' is selected.
21:20:39 INFO  : 'ps7_init' command is executed.
21:20:39 INFO  : 'ps7_post_config' command is executed.
21:20:39 INFO  : Context for processor 'ps7_cortexa9_0' is selected.
21:20:39 INFO  : The application 'C:/Users/xb2m8/Desktop/2019_FPGA_Design_Group3/Lab03/Sorting/Sorting.sdk/sorting/Debug/sorting.elf' is downloaded to processor 'ps7_cortexa9_0'.
21:20:39 INFO  : 'configparams force-mem-access 0' command is executed.
21:20:39 INFO  : ----------------XSDB Script----------------
connect -url tcp:127.0.0.1:3121
source C:/Users/xb2m8/Desktop/2019_FPGA_Design_Group3/Lab03/Sorting/Sorting.sdk/design_1_wrapper_hw_platform_0/ps7_init.tcl
targets -set -nocase -filter {name =~"APU*" && jtag_cable_name =~ "Xilinx TUL 1234-tulA"} -index 0
rst -system
after 3000
targets -set -nocase -filter {name =~"APU*" && jtag_cable_name =~ "Xilinx TUL 1234-tulA"} -index 0
loadhw -hw C:/Users/xb2m8/Desktop/2019_FPGA_Design_Group3/Lab03/Sorting/Sorting.sdk/design_1_wrapper_hw_platform_0/system.hdf -mem-ranges [list {0x40000000 0xbfffffff}]
configparams force-mem-access 1
targets -set -nocase -filter {name =~"APU*" && jtag_cable_name =~ "Xilinx TUL 1234-tulA"} -index 0
ps7_init
ps7_post_config
targets -set -nocase -filter {name =~ "ARM*#0" && jtag_cable_name =~ "Xilinx TUL 1234-tulA"} -index 0
dow C:/Users/xb2m8/Desktop/2019_FPGA_Design_Group3/Lab03/Sorting/Sorting.sdk/sorting/Debug/sorting.elf
configparams force-mem-access 0
----------------End of Script----------------

21:20:39 INFO  : Context for processor 'ps7_cortexa9_0' is selected.
21:20:39 INFO  : 'con' command is executed.
21:20:39 INFO  : ----------------XSDB Script (After Launch)----------------
targets -set -nocase -filter {name =~ "ARM*#0" && jtag_cable_name =~ "Xilinx TUL 1234-tulA"} -index 0
con
----------------End of Script----------------

21:20:39 INFO  : Disconnected from the channel tcfchan#21.
21:21:32 INFO  : Connected to target on host '127.0.0.1' and port '3121'.
21:21:32 INFO  : Jtag cable 'Xilinx TUL 1234-tulA' is selected.
21:21:32 INFO  : 'jtag frequency' command is executed.
21:21:32 INFO  : Sourcing of 'C:/Users/xb2m8/Desktop/2019_FPGA_Design_Group3/Lab03/Sorting/Sorting.sdk/design_1_wrapper_hw_platform_0/ps7_init.tcl' is done.
21:21:32 INFO  : Context for 'APU' is selected.
21:21:32 INFO  : System reset is completed.
21:21:35 INFO  : 'after 3000' command is executed.
21:21:35 INFO  : Context for 'APU' is selected.
21:21:37 INFO  : Hardware design information is loaded from 'C:/Users/xb2m8/Desktop/2019_FPGA_Design_Group3/Lab03/Sorting/Sorting.sdk/design_1_wrapper_hw_platform_0/system.hdf'.
21:21:37 INFO  : 'configparams force-mem-access 1' command is executed.
21:21:37 INFO  : Context for 'APU' is selected.
21:21:38 INFO  : 'ps7_init' command is executed.
21:21:38 INFO  : 'ps7_post_config' command is executed.
21:21:38 INFO  : Context for processor 'ps7_cortexa9_0' is selected.
21:21:38 INFO  : The application 'C:/Users/xb2m8/Desktop/2019_FPGA_Design_Group3/Lab03/Sorting/Sorting.sdk/sorting/Debug/sorting.elf' is downloaded to processor 'ps7_cortexa9_0'.
21:21:38 INFO  : 'configparams force-mem-access 0' command is executed.
21:21:38 INFO  : ----------------XSDB Script----------------
connect -url tcp:127.0.0.1:3121
source C:/Users/xb2m8/Desktop/2019_FPGA_Design_Group3/Lab03/Sorting/Sorting.sdk/design_1_wrapper_hw_platform_0/ps7_init.tcl
targets -set -nocase -filter {name =~"APU*" && jtag_cable_name =~ "Xilinx TUL 1234-tulA"} -index 0
rst -system
after 3000
targets -set -nocase -filter {name =~"APU*" && jtag_cable_name =~ "Xilinx TUL 1234-tulA"} -index 0
loadhw -hw C:/Users/xb2m8/Desktop/2019_FPGA_Design_Group3/Lab03/Sorting/Sorting.sdk/design_1_wrapper_hw_platform_0/system.hdf -mem-ranges [list {0x40000000 0xbfffffff}]
configparams force-mem-access 1
targets -set -nocase -filter {name =~"APU*" && jtag_cable_name =~ "Xilinx TUL 1234-tulA"} -index 0
ps7_init
ps7_post_config
targets -set -nocase -filter {name =~ "ARM*#0" && jtag_cable_name =~ "Xilinx TUL 1234-tulA"} -index 0
dow C:/Users/xb2m8/Desktop/2019_FPGA_Design_Group3/Lab03/Sorting/Sorting.sdk/sorting/Debug/sorting.elf
configparams force-mem-access 0
----------------End of Script----------------

21:21:38 INFO  : Context for processor 'ps7_cortexa9_0' is selected.
21:21:38 INFO  : 'con' command is executed.
21:21:38 INFO  : ----------------XSDB Script (After Launch)----------------
targets -set -nocase -filter {name =~ "ARM*#0" && jtag_cable_name =~ "Xilinx TUL 1234-tulA"} -index 0
con
----------------End of Script----------------

21:21:38 INFO  : Disconnected from the channel tcfchan#22.
21:24:37 INFO  : Connected to target on host '127.0.0.1' and port '3121'.
21:24:38 INFO  : Jtag cable 'Xilinx TUL 1234-tulA' is selected.
21:24:38 INFO  : 'jtag frequency' command is executed.
21:24:38 INFO  : Sourcing of 'C:/Users/xb2m8/Desktop/2019_FPGA_Design_Group3/Lab03/Sorting/Sorting.sdk/design_1_wrapper_hw_platform_0/ps7_init.tcl' is done.
21:24:38 INFO  : Context for 'APU' is selected.
21:24:38 INFO  : System reset is completed.
21:24:41 INFO  : 'after 3000' command is executed.
21:24:41 INFO  : Context for 'APU' is selected.
21:24:42 INFO  : Hardware design information is loaded from 'C:/Users/xb2m8/Desktop/2019_FPGA_Design_Group3/Lab03/Sorting/Sorting.sdk/design_1_wrapper_hw_platform_0/system.hdf'.
21:24:43 INFO  : 'configparams force-mem-access 1' command is executed.
21:24:43 INFO  : Context for 'APU' is selected.
21:24:43 INFO  : 'ps7_init' command is executed.
21:24:43 INFO  : 'ps7_post_config' command is executed.
21:24:43 INFO  : Context for processor 'ps7_cortexa9_0' is selected.
21:24:43 INFO  : The application 'C:/Users/xb2m8/Desktop/2019_FPGA_Design_Group3/Lab03/Sorting/Sorting.sdk/sorting/Debug/sorting.elf' is downloaded to processor 'ps7_cortexa9_0'.
21:24:43 INFO  : 'configparams force-mem-access 0' command is executed.
21:24:43 INFO  : ----------------XSDB Script----------------
connect -url tcp:127.0.0.1:3121
source C:/Users/xb2m8/Desktop/2019_FPGA_Design_Group3/Lab03/Sorting/Sorting.sdk/design_1_wrapper_hw_platform_0/ps7_init.tcl
targets -set -nocase -filter {name =~"APU*" && jtag_cable_name =~ "Xilinx TUL 1234-tulA"} -index 0
rst -system
after 3000
targets -set -nocase -filter {name =~"APU*" && jtag_cable_name =~ "Xilinx TUL 1234-tulA"} -index 0
loadhw -hw C:/Users/xb2m8/Desktop/2019_FPGA_Design_Group3/Lab03/Sorting/Sorting.sdk/design_1_wrapper_hw_platform_0/system.hdf -mem-ranges [list {0x40000000 0xbfffffff}]
configparams force-mem-access 1
targets -set -nocase -filter {name =~"APU*" && jtag_cable_name =~ "Xilinx TUL 1234-tulA"} -index 0
ps7_init
ps7_post_config
targets -set -nocase -filter {name =~ "ARM*#0" && jtag_cable_name =~ "Xilinx TUL 1234-tulA"} -index 0
dow C:/Users/xb2m8/Desktop/2019_FPGA_Design_Group3/Lab03/Sorting/Sorting.sdk/sorting/Debug/sorting.elf
configparams force-mem-access 0
----------------End of Script----------------

21:24:43 INFO  : Context for processor 'ps7_cortexa9_0' is selected.
21:24:43 INFO  : 'con' command is executed.
21:24:43 INFO  : ----------------XSDB Script (After Launch)----------------
targets -set -nocase -filter {name =~ "ARM*#0" && jtag_cable_name =~ "Xilinx TUL 1234-tulA"} -index 0
con
----------------End of Script----------------

21:24:43 INFO  : Disconnected from the channel tcfchan#23.
21:25:22 INFO  : Connected to target on host '127.0.0.1' and port '3121'.
21:25:22 INFO  : Jtag cable 'Xilinx TUL 1234-tulA' is selected.
21:25:22 INFO  : 'jtag frequency' command is executed.
21:25:22 INFO  : Sourcing of 'C:/Users/xb2m8/Desktop/2019_FPGA_Design_Group3/Lab03/Sorting/Sorting.sdk/design_1_wrapper_hw_platform_0/ps7_init.tcl' is done.
21:25:22 INFO  : Context for 'APU' is selected.
21:25:23 INFO  : System reset is completed.
21:25:26 INFO  : 'after 3000' command is executed.
21:25:26 INFO  : Context for 'APU' is selected.
21:25:27 INFO  : Hardware design information is loaded from 'C:/Users/xb2m8/Desktop/2019_FPGA_Design_Group3/Lab03/Sorting/Sorting.sdk/design_1_wrapper_hw_platform_0/system.hdf'.
21:25:27 INFO  : 'configparams force-mem-access 1' command is executed.
21:25:27 INFO  : Context for 'APU' is selected.
21:25:28 INFO  : 'ps7_init' command is executed.
21:25:28 INFO  : 'ps7_post_config' command is executed.
21:25:28 INFO  : Context for processor 'ps7_cortexa9_0' is selected.
21:25:28 INFO  : The application 'C:/Users/xb2m8/Desktop/2019_FPGA_Design_Group3/Lab03/Sorting/Sorting.sdk/sorting/Debug/sorting.elf' is downloaded to processor 'ps7_cortexa9_0'.
21:25:28 INFO  : 'configparams force-mem-access 0' command is executed.
21:25:28 INFO  : ----------------XSDB Script----------------
connect -url tcp:127.0.0.1:3121
source C:/Users/xb2m8/Desktop/2019_FPGA_Design_Group3/Lab03/Sorting/Sorting.sdk/design_1_wrapper_hw_platform_0/ps7_init.tcl
targets -set -nocase -filter {name =~"APU*" && jtag_cable_name =~ "Xilinx TUL 1234-tulA"} -index 0
rst -system
after 3000
targets -set -nocase -filter {name =~"APU*" && jtag_cable_name =~ "Xilinx TUL 1234-tulA"} -index 0
loadhw -hw C:/Users/xb2m8/Desktop/2019_FPGA_Design_Group3/Lab03/Sorting/Sorting.sdk/design_1_wrapper_hw_platform_0/system.hdf -mem-ranges [list {0x40000000 0xbfffffff}]
configparams force-mem-access 1
targets -set -nocase -filter {name =~"APU*" && jtag_cable_name =~ "Xilinx TUL 1234-tulA"} -index 0
ps7_init
ps7_post_config
targets -set -nocase -filter {name =~ "ARM*#0" && jtag_cable_name =~ "Xilinx TUL 1234-tulA"} -index 0
dow C:/Users/xb2m8/Desktop/2019_FPGA_Design_Group3/Lab03/Sorting/Sorting.sdk/sorting/Debug/sorting.elf
configparams force-mem-access 0
----------------End of Script----------------

21:25:28 INFO  : Context for processor 'ps7_cortexa9_0' is selected.
21:25:28 INFO  : 'con' command is executed.
21:25:28 INFO  : ----------------XSDB Script (After Launch)----------------
targets -set -nocase -filter {name =~ "ARM*#0" && jtag_cable_name =~ "Xilinx TUL 1234-tulA"} -index 0
con
----------------End of Script----------------

21:25:28 INFO  : Disconnected from the channel tcfchan#24.
