Copyright 1986-2018 Xilinx, Inc. All Rights Reserved.
------------------------------------------------------------------------------------
| Tool Version : Vivado v.2018.3 (win64) Build 2405991 Thu Dec  6 23:38:27 MST 2018
| Date         : Sun Dec  8 17:21:33 2019
| Host         : LAPTOP-129QD18V running 64-bit major release  (build 9200)
| Command      : upgrade_ip
| Device       : xc7z020clg400-1
------------------------------------------------------------------------------------

Upgrade Log for IP 'design_1_myip_0_0'

1. Summary
----------

SUCCESS in the upgrade of design_1_myip_0_0 (xilinx.com:user:myip:1.0) from (Rev. 3) to (Rev. 4)






Copyright 1986-2018 Xilinx, Inc. All Rights Reserved.
------------------------------------------------------------------------------------
| Tool Version : Vivado v.2018.3 (win64) Build 2405991 Thu Dec  6 23:38:27 MST 2018
| Date         : Sun Dec  8 17:13:53 2019
| Host         : LAPTOP-129QD18V running 64-bit major release  (build 9200)
| Command      : upgrade_ip
| Device       : xc7z020clg400-1
------------------------------------------------------------------------------------

Upgrade Log for IP 'design_1_myip_0_0'

1. Summary
----------

SUCCESS in the upgrade of design_1_myip_0_0 (xilinx.com:user:myip:1.0) from (Rev. 2) to (Rev. 3)






Copyright 1986-2018 Xilinx, Inc. All Rights Reserved.
------------------------------------------------------------------------------------
| Tool Version : Vivado v.2018.3 (win64) Build 2405991 Thu Dec  6 23:38:27 MST 2018
| Date         : Sun Dec  8 17:05:20 2019
| Host         : LAPTOP-129QD18V running 64-bit major release  (build 9200)
| Command      : upgrade_ip
| Device       : xc7z020clg400-1
------------------------------------------------------------------------------------

Upgrade Log for IP 'design_1_myip_0_0'

1. Summary
----------

SUCCESS in the conversion of design_1_myip_0_0 (xilinx.com:user:myip:1.0 (Rev. 2)) to Vivado generation flows.






Copyright 1986-2018 Xilinx, Inc. All Rights Reserved.
------------------------------------------------------------------------------------
| Tool Version : Vivado v.2018.3 (win64) Build 2405991 Thu Dec  6 23:38:27 MST 2018
| Date         : Sun Dec  8 16:40:57 2019
| Host         : LAPTOP-129QD18V running 64-bit major release  (build 9200)
| Command      : upgrade_ip
| Device       : xc7z020clg400-1
------------------------------------------------------------------------------------

Upgrade Log for IP 'design_1_myip_0_0'

1. Summary
----------

SUCCESS in the conversion of design_1_myip_0_0 (xilinx.com:user:myip:1.0 (Rev. 2)) to Vivado generation flows.






Copyright 1986-2018 Xilinx, Inc. All Rights Reserved.
------------------------------------------------------------------------------------
| Tool Version : Vivado v.2018.3 (win64) Build 2405991 Thu Dec  6 23:38:27 MST 2018
| Date         : Sun Dec  8 16:21:29 2019
| Host         : LAPTOP-129QD18V running 64-bit major release  (build 9200)
| Command      : upgrade_ip
| Device       : xc7z020clg400-1
------------------------------------------------------------------------------------

Upgrade Log for IP 'design_1_myip_0_0'

1. Summary
----------

SUCCESS in the upgrade of design_1_myip_0_0 (xilinx.com:user:myip:1.0) from (Rev. 1) to (Rev. 2)

