21:28:18 **** Auto Build of configuration Debug for project sorting ****
make pre-build main-build 
a9-linaro-pre-build-step
' '
'Building file: ../sorting.c'
'Invoking: ARM v7 gcc compiler'
arm-none-eabi-gcc -Wall -O0 -g3 -c -fmessage-length=0 -MT"sorting.o" -mcpu=cortex-a9 -mfpu=vfpv3 -mfloat-abi=hard -I../../sorting_bsp/ps7_cortexa9_0/include -MMD -MP -MF"sorting.d" -MT"sorting.o" -o "sorting.o" "../sorting.c"
'Finished building: ../sorting.c'
' '
'Building target: sorting.elf'
'Invoking: ARM v7 gcc linker'
arm-none-eabi-gcc -mcpu=cortex-a9 -mfpu=vfpv3 -mfloat-abi=hard -Wl,-build-id=none -specs=Xilinx.spec -Wl,-T -Wl,../src/lscript.ld -L../../sorting_bsp/ps7_cortexa9_0/lib -o "sorting.elf"  ./sorting.o   -Wl,--start-group,-lxil,-lgcc,-lc,--end-group
'Finished building target: sorting.elf'
' '
'Invoking: ARM v7 Print Size'
arm-none-eabi-size sorting.elf  |tee "sorting.elf.size"
   text	   data	    bss	    dec	    hex	filename
 102624	   2576	  23328	 128528	  1f610	sorting.elf
'Finished building: sorting.elf.size'
' '

21:28:23 Build Finished (took 5s.416ms)

